{"C:\\Users\\CATZE\\Desktop\\Development\\Web\\TMA-Manager\\client\\src\\App.tsx": {"path":"C:\\Users\\CATZE\\Desktop\\Development\\Web\\TMA-Manager\\client\\src\\App.tsx","all":true,"statementMap":{"0":{"start":{"line":1,"column":0},"end":{"line":1,"column":39}},"1":{"start":{"line":2,"column":0},"end":{"line":2,"column":48}},"2":{"start":{"line":3,"column":0},"end":{"line":3,"column":60}},"3":{"start":{"line":4,"column":0},"end":{"line":4,"column":50}},"4":{"start":{"line":5,"column":0},"end":{"line":5,"column":58}},"5":{"start":{"line":6,"column":0},"end":{"line":6,"column":41}},"6":{"start":{"line":7,"column":0},"end":{"line":7,"column":32}},"7":{"start":{"line":8,"column":0},"end":{"line":8,"column":0}},"8":{"start":{"line":9,"column":0},"end":{"line":9,"column":19}},"9":{"start":{"line":10,"column":0},"end":{"line":10,"column":10}},"10":{"start":{"line":11,"column":0},"end":{"line":11,"column":12}},"11":{"start":{"line":12,"column":0},"end":{"line":12,"column":41}},"12":{"start":{"line":13,"column":0},"end":{"line":13,"column":36}},"13":{"start":{"line":14,"column":0},"end":{"line":14,"column":13}},"14":{"start":{"line":15,"column":0},"end":{"line":15,"column":4}},"15":{"start":{"line":16,"column":0},"end":{"line":16,"column":1}},"16":{"start":{"line":17,"column":0},"end":{"line":17,"column":0}},"17":{"start":{"line":18,"column":0},"end":{"line":18,"column":16}},"18":{"start":{"line":19,"column":0},"end":{"line":19,"column":10}},"19":{"start":{"line":20,"column":0},"end":{"line":20,"column":46}},"20":{"start":{"line":21,"column":0},"end":{"line":21,"column":23}},"21":{"start":{"line":22,"column":0},"end":{"line":22,"column":19}},"22":{"start":{"line":23,"column":0},"end":{"line":23,"column":18}},"23":{"start":{"line":24,"column":0},"end":{"line":24,"column":24}},"24":{"start":{"line":25,"column":0},"end":{"line":25,"column":26}},"25":{"start":{"line":26,"column":0},"end":{"line":26,"column":4}},"26":{"start":{"line":27,"column":0},"end":{"line":27,"column":1}},"27":{"start":{"line":28,"column":0},"end":{"line":28,"column":0}},"28":{"start":{"line":29,"column":0},"end":{"line":29,"column":19}}},"s":{"0":0,"1":0,"2":0,"3":0,"4":0,"5":0,"6":0,"7":0,"8":0,"9":0,"10":0,"11":0,"12":0,"13":0,"14":0,"15":0,"16":0,"17":0,"18":0,"19":0,"20":0,"21":0,"22":0,"23":0,"24":0,"25":0,"26":0,"27":0,"28":0},"branchMap":{"0":{"type":"branch","line":1,"loc":{"start":{"line":1,"column":726},"end":{"line":29,"column":19}},"locations":[{"start":{"line":1,"column":726},"end":{"line":29,"column":19}}]}},"b":{"0":[0]},"fnMap":{"0":{"name":"(empty-report)","decl":{"start":{"line":1,"column":726},"end":{"line":29,"column":19}},"loc":{"start":{"line":1,"column":726},"end":{"line":29,"column":19}},"line":1}},"f":{"0":0}}
,"C:\\Users\\CATZE\\Desktop\\Development\\Web\\TMA-Manager\\client\\src\\main.tsx": {"path":"C:\\Users\\CATZE\\Desktop\\Development\\Web\\TMA-Manager\\client\\src\\main.tsx","all":true,"statementMap":{"0":{"start":{"line":1,"column":0},"end":{"line":1,"column":46}},"1":{"start":{"line":2,"column":0},"end":{"line":2,"column":24}},"2":{"start":{"line":3,"column":0},"end":{"line":3,"column":21}},"3":{"start":{"line":4,"column":0},"end":{"line":4,"column":0}},"4":{"start":{"line":5,"column":0},"end":{"line":5,"column":61}}},"s":{"0":0,"1":0,"2":0,"3":0,"4":0},"branchMap":{"0":{"type":"branch","line":1,"loc":{"start":{"line":1,"column":160},"end":{"line":5,"column":61}},"locations":[{"start":{"line":1,"column":160},"end":{"line":5,"column":61}}]}},"b":{"0":[0]},"fnMap":{"0":{"name":"(empty-report)","decl":{"start":{"line":1,"column":160},"end":{"line":5,"column":61}},"loc":{"start":{"line":1,"column":160},"end":{"line":5,"column":61}},"line":1}},"f":{"0":0}}
,"C:\\Users\\CATZE\\Desktop\\Development\\Web\\TMA-Manager\\client\\src\\components\\BattleSimulation.tsx": {"path":"C:\\Users\\CATZE\\Desktop\\Development\\Web\\TMA-Manager\\client\\src\\components\\BattleSimulation.tsx","all":true,"statementMap":{"0":{"start":{"line":1,"column":0},"end":{"line":1,"column":52}},"1":{"start":{"line":2,"column":0},"end":{"line":2,"column":54}},"2":{"start":{"line":3,"column":0},"end":{"line":3,"column":129}},"3":{"start":{"line":4,"column":0},"end":{"line":4,"column":59}},"4":{"start":{"line":5,"column":0},"end":{"line":5,"column":0}},"5":{"start":{"line":6,"column":0},"end":{"line":6,"column":29}},"6":{"start":{"line":7,"column":0},"end":{"line":7,"column":18}},"7":{"start":{"line":8,"column":0},"end":{"line":8,"column":17}},"8":{"start":{"line":9,"column":0},"end":{"line":9,"column":37}},"9":{"start":{"line":10,"column":0},"end":{"line":10,"column":13}},"10":{"start":{"line":11,"column":0},"end":{"line":11,"column":45}},"11":{"start":{"line":12,"column":0},"end":{"line":12,"column":26}},"12":{"start":{"line":13,"column":0},"end":{"line":13,"column":1}},"13":{"start":{"line":14,"column":0},"end":{"line":14,"column":0}},"14":{"start":{"line":15,"column":0},"end":{"line":15,"column":23}},"15":{"start":{"line":16,"column":0},"end":{"line":16,"column":13}},"16":{"start":{"line":17,"column":0},"end":{"line":17,"column":48}},"17":{"start":{"line":18,"column":0},"end":{"line":18,"column":15}},"18":{"start":{"line":19,"column":0},"end":{"line":19,"column":36}},"19":{"start":{"line":20,"column":0},"end":{"line":20,"column":14}},"20":{"start":{"line":21,"column":0},"end":{"line":21,"column":22}},"21":{"start":{"line":22,"column":0},"end":{"line":22,"column":61}},"22":{"start":{"line":23,"column":0},"end":{"line":23,"column":20}},"23":{"start":{"line":24,"column":0},"end":{"line":24,"column":21}},"24":{"start":{"line":25,"column":0},"end":{"line":25,"column":5}},"25":{"start":{"line":26,"column":0},"end":{"line":26,"column":1}},"26":{"start":{"line":27,"column":0},"end":{"line":27,"column":0}},"27":{"start":{"line":28,"column":0},"end":{"line":28,"column":33}},"28":{"start":{"line":29,"column":0},"end":{"line":29,"column":22}},"29":{"start":{"line":30,"column":0},"end":{"line":30,"column":1}},"30":{"start":{"line":31,"column":0},"end":{"line":31,"column":0}},"31":{"start":{"line":32,"column":0},"end":{"line":32,"column":21}},"32":{"start":{"line":33,"column":0},"end":{"line":33,"column":13}},"33":{"start":{"line":34,"column":0},"end":{"line":34,"column":15}},"34":{"start":{"line":35,"column":0},"end":{"line":35,"column":19}},"35":{"start":{"line":36,"column":0},"end":{"line":36,"column":25}},"36":{"start":{"line":37,"column":0},"end":{"line":37,"column":18}},"37":{"start":{"line":38,"column":0},"end":{"line":38,"column":1}},"38":{"start":{"line":39,"column":0},"end":{"line":39,"column":0}},"39":{"start":{"line":40,"column":0},"end":{"line":40,"column":24}},"40":{"start":{"line":41,"column":0},"end":{"line":41,"column":13}},"41":{"start":{"line":42,"column":0},"end":{"line":42,"column":33}},"42":{"start":{"line":43,"column":0},"end":{"line":43,"column":31}},"43":{"start":{"line":44,"column":0},"end":{"line":44,"column":20}},"44":{"start":{"line":45,"column":0},"end":{"line":45,"column":37}},"45":{"start":{"line":46,"column":0},"end":{"line":46,"column":1}},"46":{"start":{"line":47,"column":0},"end":{"line":47,"column":0}},"47":{"start":{"line":48,"column":0},"end":{"line":48,"column":26}},"48":{"start":{"line":49,"column":0},"end":{"line":49,"column":12}},"49":{"start":{"line":50,"column":0},"end":{"line":50,"column":12}},"50":{"start":{"line":51,"column":0},"end":{"line":51,"column":54}},"51":{"start":{"line":52,"column":0},"end":{"line":52,"column":17}},"52":{"start":{"line":53,"column":0},"end":{"line":53,"column":1}},"53":{"start":{"line":54,"column":0},"end":{"line":54,"column":0}},"54":{"start":{"line":55,"column":0},"end":{"line":55,"column":82}},"55":{"start":{"line":56,"column":0},"end":{"line":56,"column":52}},"56":{"start":{"line":57,"column":0},"end":{"line":57,"column":58}},"57":{"start":{"line":58,"column":0},"end":{"line":58,"column":48}},"58":{"start":{"line":59,"column":0},"end":{"line":59,"column":61}},"59":{"start":{"line":60,"column":0},"end":{"line":60,"column":79}},"60":{"start":{"line":61,"column":0},"end":{"line":61,"column":73}},"61":{"start":{"line":62,"column":0},"end":{"line":62,"column":56}},"62":{"start":{"line":63,"column":0},"end":{"line":63,"column":54}},"63":{"start":{"line":64,"column":0},"end":{"line":64,"column":56}},"64":{"start":{"line":65,"column":0},"end":{"line":65,"column":55}},"65":{"start":{"line":66,"column":0},"end":{"line":66,"column":55}},"66":{"start":{"line":67,"column":0},"end":{"line":67,"column":55}},"67":{"start":{"line":68,"column":0},"end":{"line":68,"column":5}},"68":{"start":{"line":69,"column":0},"end":{"line":69,"column":52}},"69":{"start":{"line":70,"column":0},"end":{"line":70,"column":45}},"70":{"start":{"line":71,"column":0},"end":{"line":71,"column":55}},"71":{"start":{"line":72,"column":0},"end":{"line":72,"column":0}},"72":{"start":{"line":73,"column":0},"end":{"line":73,"column":24}},"73":{"start":{"line":74,"column":0},"end":{"line":74,"column":19}},"74":{"start":{"line":75,"column":0},"end":{"line":75,"column":42}},"75":{"start":{"line":76,"column":0},"end":{"line":76,"column":38}},"76":{"start":{"line":77,"column":0},"end":{"line":77,"column":39}},"77":{"start":{"line":78,"column":0},"end":{"line":78,"column":15}},"78":{"start":{"line":79,"column":0},"end":{"line":79,"column":6}},"79":{"start":{"line":80,"column":0},"end":{"line":80,"column":39}},"80":{"start":{"line":81,"column":0},"end":{"line":81,"column":51}},"81":{"start":{"line":82,"column":0},"end":{"line":82,"column":31}},"82":{"start":{"line":83,"column":0},"end":{"line":83,"column":28}},"83":{"start":{"line":84,"column":0},"end":{"line":84,"column":20}},"84":{"start":{"line":85,"column":0},"end":{"line":85,"column":23}},"85":{"start":{"line":86,"column":0},"end":{"line":86,"column":30}},"86":{"start":{"line":87,"column":0},"end":{"line":87,"column":29}},"87":{"start":{"line":88,"column":0},"end":{"line":88,"column":9}},"88":{"start":{"line":89,"column":0},"end":{"line":89,"column":5}},"89":{"start":{"line":90,"column":0},"end":{"line":90,"column":48}},"90":{"start":{"line":91,"column":0},"end":{"line":91,"column":0}},"91":{"start":{"line":92,"column":0},"end":{"line":92,"column":31}},"92":{"start":{"line":93,"column":0},"end":{"line":93,"column":74}},"93":{"start":{"line":94,"column":0},"end":{"line":94,"column":73}},"94":{"start":{"line":95,"column":0},"end":{"line":95,"column":74}},"95":{"start":{"line":96,"column":0},"end":{"line":96,"column":72}},"96":{"start":{"line":97,"column":0},"end":{"line":97,"column":70}},"97":{"start":{"line":98,"column":0},"end":{"line":98,"column":84}},"98":{"start":{"line":99,"column":0},"end":{"line":99,"column":83}},"99":{"start":{"line":100,"column":0},"end":{"line":100,"column":84}},"100":{"start":{"line":101,"column":0},"end":{"line":101,"column":4}},"101":{"start":{"line":102,"column":0},"end":{"line":102,"column":0}},"102":{"start":{"line":103,"column":0},"end":{"line":103,"column":56}},"103":{"start":{"line":104,"column":0},"end":{"line":104,"column":53}},"104":{"start":{"line":105,"column":0},"end":{"line":105,"column":28}},"105":{"start":{"line":106,"column":0},"end":{"line":106,"column":4}},"106":{"start":{"line":107,"column":0},"end":{"line":107,"column":35}},"107":{"start":{"line":108,"column":0},"end":{"line":108,"column":12}},"108":{"start":{"line":109,"column":0},"end":{"line":109,"column":18}},"109":{"start":{"line":110,"column":0},"end":{"line":110,"column":62}},"110":{"start":{"line":111,"column":0},"end":{"line":111,"column":56}},"111":{"start":{"line":112,"column":0},"end":{"line":112,"column":39}},"112":{"start":{"line":113,"column":0},"end":{"line":113,"column":71}},"113":{"start":{"line":114,"column":0},"end":{"line":114,"column":6}},"114":{"start":{"line":115,"column":0},"end":{"line":115,"column":4}},"115":{"start":{"line":116,"column":0},"end":{"line":116,"column":0}},"116":{"start":{"line":117,"column":0},"end":{"line":117,"column":85}},"117":{"start":{"line":118,"column":0},"end":{"line":118,"column":34}},"118":{"start":{"line":119,"column":0},"end":{"line":119,"column":39}},"119":{"start":{"line":120,"column":0},"end":{"line":120,"column":64}},"120":{"start":{"line":121,"column":0},"end":{"line":121,"column":43}},"121":{"start":{"line":122,"column":0},"end":{"line":122,"column":98}},"122":{"start":{"line":123,"column":0},"end":{"line":123,"column":7}},"123":{"start":{"line":124,"column":0},"end":{"line":124,"column":65}},"124":{"start":{"line":125,"column":0},"end":{"line":125,"column":43}},"125":{"start":{"line":126,"column":0},"end":{"line":126,"column":67}},"126":{"start":{"line":127,"column":0},"end":{"line":127,"column":7}},"127":{"start":{"line":128,"column":0},"end":{"line":128,"column":4}},"128":{"start":{"line":129,"column":0},"end":{"line":129,"column":69}},"129":{"start":{"line":130,"column":0},"end":{"line":130,"column":57}},"130":{"start":{"line":131,"column":0},"end":{"line":131,"column":59}},"131":{"start":{"line":132,"column":0},"end":{"line":132,"column":56}},"132":{"start":{"line":133,"column":0},"end":{"line":133,"column":6}},"133":{"start":{"line":134,"column":0},"end":{"line":134,"column":0}},"134":{"start":{"line":135,"column":0},"end":{"line":135,"column":33}},"135":{"start":{"line":136,"column":0},"end":{"line":136,"column":4}},"136":{"start":{"line":137,"column":0},"end":{"line":137,"column":51}},"137":{"start":{"line":138,"column":0},"end":{"line":138,"column":63}},"138":{"start":{"line":139,"column":0},"end":{"line":139,"column":63}},"139":{"start":{"line":140,"column":0},"end":{"line":140,"column":63}},"140":{"start":{"line":141,"column":0},"end":{"line":141,"column":62}},"141":{"start":{"line":142,"column":0},"end":{"line":142,"column":6}},"142":{"start":{"line":143,"column":0},"end":{"line":143,"column":79}},"143":{"start":{"line":144,"column":0},"end":{"line":144,"column":0}},"144":{"start":{"line":145,"column":0},"end":{"line":145,"column":39}},"145":{"start":{"line":146,"column":0},"end":{"line":146,"column":91}},"146":{"start":{"line":147,"column":0},"end":{"line":147,"column":14}},"147":{"start":{"line":148,"column":0},"end":{"line":148,"column":24}},"148":{"start":{"line":149,"column":0},"end":{"line":149,"column":14}},"149":{"start":{"line":150,"column":0},"end":{"line":150,"column":32}},"150":{"start":{"line":151,"column":0},"end":{"line":151,"column":54}},"151":{"start":{"line":152,"column":0},"end":{"line":152,"column":8}},"152":{"start":{"line":153,"column":0},"end":{"line":153,"column":5}},"153":{"start":{"line":154,"column":0},"end":{"line":154,"column":0}},"154":{"start":{"line":155,"column":0},"end":{"line":155,"column":84}},"155":{"start":{"line":156,"column":0},"end":{"line":156,"column":42}},"156":{"start":{"line":157,"column":0},"end":{"line":157,"column":14}},"157":{"start":{"line":158,"column":0},"end":{"line":158,"column":24}},"158":{"start":{"line":159,"column":0},"end":{"line":159,"column":14}},"159":{"start":{"line":160,"column":0},"end":{"line":160,"column":27}},"160":{"start":{"line":161,"column":0},"end":{"line":161,"column":51}},"161":{"start":{"line":162,"column":0},"end":{"line":162,"column":8}},"162":{"start":{"line":163,"column":0},"end":{"line":163,"column":5}},"163":{"start":{"line":164,"column":0},"end":{"line":164,"column":0}},"164":{"start":{"line":165,"column":0},"end":{"line":165,"column":52}},"165":{"start":{"line":166,"column":0},"end":{"line":166,"column":14}},"166":{"start":{"line":167,"column":0},"end":{"line":167,"column":23}},"167":{"start":{"line":168,"column":0},"end":{"line":168,"column":14}},"168":{"start":{"line":169,"column":0},"end":{"line":169,"column":52}},"169":{"start":{"line":170,"column":0},"end":{"line":170,"column":8}},"170":{"start":{"line":171,"column":0},"end":{"line":171,"column":5}},"171":{"start":{"line":172,"column":0},"end":{"line":172,"column":0}},"172":{"start":{"line":173,"column":0},"end":{"line":173,"column":53}},"173":{"start":{"line":174,"column":0},"end":{"line":174,"column":87}},"174":{"start":{"line":175,"column":0},"end":{"line":175,"column":14}},"175":{"start":{"line":176,"column":0},"end":{"line":176,"column":22}},"176":{"start":{"line":177,"column":0},"end":{"line":177,"column":14}},"177":{"start":{"line":178,"column":0},"end":{"line":178,"column":30}},"178":{"start":{"line":179,"column":0},"end":{"line":179,"column":53}},"179":{"start":{"line":180,"column":0},"end":{"line":180,"column":8}},"180":{"start":{"line":181,"column":0},"end":{"line":181,"column":5}},"181":{"start":{"line":182,"column":0},"end":{"line":182,"column":0}},"182":{"start":{"line":183,"column":0},"end":{"line":183,"column":48}},"183":{"start":{"line":184,"column":0},"end":{"line":184,"column":62}},"184":{"start":{"line":185,"column":0},"end":{"line":185,"column":78}},"185":{"start":{"line":186,"column":0},"end":{"line":186,"column":14}},"186":{"start":{"line":187,"column":0},"end":{"line":187,"column":24}},"187":{"start":{"line":188,"column":0},"end":{"line":188,"column":14}},"188":{"start":{"line":189,"column":0},"end":{"line":189,"column":16}},"189":{"start":{"line":190,"column":0},"end":{"line":190,"column":54}},"190":{"start":{"line":191,"column":0},"end":{"line":191,"column":8}},"191":{"start":{"line":192,"column":0},"end":{"line":192,"column":5}},"192":{"start":{"line":193,"column":0},"end":{"line":193,"column":0}},"193":{"start":{"line":194,"column":0},"end":{"line":194,"column":45}},"194":{"start":{"line":195,"column":0},"end":{"line":195,"column":67}},"195":{"start":{"line":196,"column":0},"end":{"line":196,"column":14}},"196":{"start":{"line":197,"column":0},"end":{"line":197,"column":23}},"197":{"start":{"line":198,"column":0},"end":{"line":198,"column":14}},"198":{"start":{"line":199,"column":0},"end":{"line":199,"column":15}},"199":{"start":{"line":200,"column":0},"end":{"line":200,"column":53}},"200":{"start":{"line":201,"column":0},"end":{"line":201,"column":8}},"201":{"start":{"line":202,"column":0},"end":{"line":202,"column":5}},"202":{"start":{"line":203,"column":0},"end":{"line":203,"column":0}},"203":{"start":{"line":204,"column":0},"end":{"line":204,"column":91}},"204":{"start":{"line":205,"column":0},"end":{"line":205,"column":12}},"205":{"start":{"line":206,"column":0},"end":{"line":206,"column":19}},"206":{"start":{"line":207,"column":0},"end":{"line":207,"column":12}},"207":{"start":{"line":208,"column":0},"end":{"line":208,"column":31}},"208":{"start":{"line":209,"column":0},"end":{"line":209,"column":45}},"209":{"start":{"line":210,"column":0},"end":{"line":210,"column":6}},"210":{"start":{"line":211,"column":0},"end":{"line":211,"column":4}},"211":{"start":{"line":212,"column":0},"end":{"line":212,"column":0}},"212":{"start":{"line":213,"column":0},"end":{"line":213,"column":22}},"213":{"start":{"line":214,"column":0},"end":{"line":214,"column":72}},"214":{"start":{"line":215,"column":0},"end":{"line":215,"column":45}},"215":{"start":{"line":216,"column":0},"end":{"line":216,"column":43}},"216":{"start":{"line":217,"column":0},"end":{"line":217,"column":59}},"217":{"start":{"line":218,"column":0},"end":{"line":218,"column":7}},"218":{"start":{"line":219,"column":0},"end":{"line":219,"column":46}},"219":{"start":{"line":220,"column":0},"end":{"line":220,"column":43}},"220":{"start":{"line":221,"column":0},"end":{"line":221,"column":60}},"221":{"start":{"line":222,"column":0},"end":{"line":222,"column":7}},"222":{"start":{"line":223,"column":0},"end":{"line":223,"column":0}},"223":{"start":{"line":224,"column":0},"end":{"line":224,"column":54}},"224":{"start":{"line":225,"column":0},"end":{"line":225,"column":14}},"225":{"start":{"line":226,"column":0},"end":{"line":226,"column":25}},"226":{"start":{"line":227,"column":0},"end":{"line":227,"column":48}},"227":{"start":{"line":228,"column":0},"end":{"line":228,"column":33}},"228":{"start":{"line":229,"column":0},"end":{"line":229,"column":34}},"229":{"start":{"line":230,"column":0},"end":{"line":230,"column":8}},"230":{"start":{"line":231,"column":0},"end":{"line":231,"column":5}},"231":{"start":{"line":232,"column":0},"end":{"line":232,"column":0}},"232":{"start":{"line":233,"column":0},"end":{"line":233,"column":12}},"233":{"start":{"line":234,"column":0},"end":{"line":234,"column":24}},"234":{"start":{"line":235,"column":0},"end":{"line":235,"column":19}},"235":{"start":{"line":236,"column":0},"end":{"line":236,"column":31}},"236":{"start":{"line":237,"column":0},"end":{"line":237,"column":32}},"237":{"start":{"line":238,"column":0},"end":{"line":238,"column":6}},"238":{"start":{"line":239,"column":0},"end":{"line":239,"column":4}},"239":{"start":{"line":240,"column":0},"end":{"line":240,"column":0}},"240":{"start":{"line":241,"column":0},"end":{"line":241,"column":21}},"241":{"start":{"line":242,"column":0},"end":{"line":242,"column":19}},"242":{"start":{"line":243,"column":0},"end":{"line":243,"column":37}},"243":{"start":{"line":244,"column":0},"end":{"line":244,"column":35}},"244":{"start":{"line":245,"column":0},"end":{"line":245,"column":4}},"245":{"start":{"line":246,"column":0},"end":{"line":246,"column":40}},"246":{"start":{"line":247,"column":0},"end":{"line":247,"column":21}},"247":{"start":{"line":248,"column":0},"end":{"line":248,"column":4}},"248":{"start":{"line":249,"column":0},"end":{"line":249,"column":40}},"249":{"start":{"line":250,"column":0},"end":{"line":250,"column":4}},"250":{"start":{"line":251,"column":0},"end":{"line":251,"column":52}},"251":{"start":{"line":252,"column":0},"end":{"line":252,"column":55}},"252":{"start":{"line":253,"column":0},"end":{"line":253,"column":6}},"253":{"start":{"line":254,"column":0},"end":{"line":254,"column":76}},"254":{"start":{"line":255,"column":0},"end":{"line":255,"column":42}},"255":{"start":{"line":256,"column":0},"end":{"line":256,"column":42}},"256":{"start":{"line":257,"column":0},"end":{"line":257,"column":31}},"257":{"start":{"line":258,"column":0},"end":{"line":258,"column":54}},"258":{"start":{"line":259,"column":0},"end":{"line":259,"column":6}},"259":{"start":{"line":260,"column":0},"end":{"line":260,"column":34}},"260":{"start":{"line":261,"column":0},"end":{"line":261,"column":26}},"261":{"start":{"line":262,"column":0},"end":{"line":262,"column":37}},"262":{"start":{"line":263,"column":0},"end":{"line":263,"column":24}},"263":{"start":{"line":264,"column":0},"end":{"line":264,"column":30}},"264":{"start":{"line":265,"column":0},"end":{"line":265,"column":32}},"265":{"start":{"line":266,"column":0},"end":{"line":266,"column":21}},"266":{"start":{"line":267,"column":0},"end":{"line":267,"column":7}},"267":{"start":{"line":268,"column":0},"end":{"line":268,"column":37}},"268":{"start":{"line":269,"column":0},"end":{"line":269,"column":24}},"269":{"start":{"line":270,"column":0},"end":{"line":270,"column":30}},"270":{"start":{"line":271,"column":0},"end":{"line":271,"column":32}},"271":{"start":{"line":272,"column":0},"end":{"line":272,"column":21}},"272":{"start":{"line":273,"column":0},"end":{"line":273,"column":7}},"273":{"start":{"line":274,"column":0},"end":{"line":274,"column":6}},"274":{"start":{"line":275,"column":0},"end":{"line":275,"column":42}},"275":{"start":{"line":276,"column":0},"end":{"line":276,"column":38}},"276":{"start":{"line":277,"column":0},"end":{"line":277,"column":38}},"277":{"start":{"line":278,"column":0},"end":{"line":278,"column":8}},"278":{"start":{"line":279,"column":0},"end":{"line":279,"column":19}},"279":{"start":{"line":280,"column":0},"end":{"line":280,"column":31}},"280":{"start":{"line":281,"column":0},"end":{"line":281,"column":23}},"281":{"start":{"line":282,"column":0},"end":{"line":282,"column":38}},"282":{"start":{"line":283,"column":0},"end":{"line":283,"column":73}},"283":{"start":{"line":284,"column":0},"end":{"line":284,"column":38}},"284":{"start":{"line":285,"column":0},"end":{"line":285,"column":40}},"285":{"start":{"line":286,"column":0},"end":{"line":286,"column":37}},"286":{"start":{"line":287,"column":0},"end":{"line":287,"column":42}},"287":{"start":{"line":288,"column":0},"end":{"line":288,"column":18}},"288":{"start":{"line":289,"column":0},"end":{"line":289,"column":27}},"289":{"start":{"line":290,"column":0},"end":{"line":290,"column":38}},"290":{"start":{"line":291,"column":0},"end":{"line":291,"column":28}},"291":{"start":{"line":292,"column":0},"end":{"line":292,"column":34}},"292":{"start":{"line":293,"column":0},"end":{"line":293,"column":39}},"293":{"start":{"line":294,"column":0},"end":{"line":294,"column":39}},"294":{"start":{"line":295,"column":0},"end":{"line":295,"column":28}},"295":{"start":{"line":296,"column":0},"end":{"line":296,"column":23}},"296":{"start":{"line":297,"column":0},"end":{"line":297,"column":38}},"297":{"start":{"line":298,"column":0},"end":{"line":298,"column":40}},"298":{"start":{"line":299,"column":0},"end":{"line":299,"column":37}},"299":{"start":{"line":300,"column":0},"end":{"line":300,"column":41}},"300":{"start":{"line":301,"column":0},"end":{"line":301,"column":18}},"301":{"start":{"line":302,"column":0},"end":{"line":302,"column":26}},"302":{"start":{"line":303,"column":0},"end":{"line":303,"column":38}},"303":{"start":{"line":304,"column":0},"end":{"line":304,"column":73}},"304":{"start":{"line":305,"column":0},"end":{"line":305,"column":38}},"305":{"start":{"line":306,"column":0},"end":{"line":306,"column":40}},"306":{"start":{"line":307,"column":0},"end":{"line":307,"column":37}},"307":{"start":{"line":308,"column":0},"end":{"line":308,"column":41}},"308":{"start":{"line":309,"column":0},"end":{"line":309,"column":18}},"309":{"start":{"line":310,"column":0},"end":{"line":310,"column":24}},"310":{"start":{"line":311,"column":0},"end":{"line":311,"column":38}},"311":{"start":{"line":312,"column":0},"end":{"line":312,"column":28}},"312":{"start":{"line":313,"column":0},"end":{"line":313,"column":46}},"313":{"start":{"line":314,"column":0},"end":{"line":314,"column":23}},"314":{"start":{"line":315,"column":0},"end":{"line":315,"column":38}},"315":{"start":{"line":316,"column":0},"end":{"line":316,"column":40}},"316":{"start":{"line":317,"column":0},"end":{"line":317,"column":37}},"317":{"start":{"line":318,"column":0},"end":{"line":318,"column":41}},"318":{"start":{"line":319,"column":0},"end":{"line":319,"column":18}},"319":{"start":{"line":320,"column":0},"end":{"line":320,"column":9}},"320":{"start":{"line":321,"column":0},"end":{"line":321,"column":22}},"321":{"start":{"line":322,"column":0},"end":{"line":322,"column":9}},"322":{"start":{"line":323,"column":0},"end":{"line":323,"column":6}},"323":{"start":{"line":324,"column":0},"end":{"line":324,"column":37}},"324":{"start":{"line":325,"column":0},"end":{"line":325,"column":39}},"325":{"start":{"line":326,"column":0},"end":{"line":326,"column":55}},"326":{"start":{"line":327,"column":0},"end":{"line":327,"column":29}},"327":{"start":{"line":328,"column":0},"end":{"line":328,"column":57}},"328":{"start":{"line":329,"column":0},"end":{"line":329,"column":8}},"329":{"start":{"line":330,"column":0},"end":{"line":330,"column":34}},"330":{"start":{"line":331,"column":0},"end":{"line":331,"column":8}},"331":{"start":{"line":332,"column":0},"end":{"line":332,"column":46}},"332":{"start":{"line":333,"column":0},"end":{"line":333,"column":46}},"333":{"start":{"line":334,"column":0},"end":{"line":334,"column":42}},"334":{"start":{"line":335,"column":0},"end":{"line":335,"column":42}},"335":{"start":{"line":336,"column":0},"end":{"line":336,"column":8}},"336":{"start":{"line":337,"column":0},"end":{"line":337,"column":35}},"337":{"start":{"line":338,"column":0},"end":{"line":338,"column":27}},"338":{"start":{"line":339,"column":0},"end":{"line":339,"column":8}},"339":{"start":{"line":340,"column":0},"end":{"line":340,"column":30}},"340":{"start":{"line":341,"column":0},"end":{"line":341,"column":23}},"341":{"start":{"line":342,"column":0},"end":{"line":342,"column":61}},"342":{"start":{"line":343,"column":0},"end":{"line":343,"column":30}},"343":{"start":{"line":344,"column":0},"end":{"line":344,"column":40}},"344":{"start":{"line":345,"column":0},"end":{"line":345,"column":31}},"345":{"start":{"line":346,"column":0},"end":{"line":346,"column":28}},"346":{"start":{"line":347,"column":0},"end":{"line":347,"column":37}},"347":{"start":{"line":348,"column":0},"end":{"line":348,"column":33}},"348":{"start":{"line":349,"column":0},"end":{"line":349,"column":25}},"349":{"start":{"line":350,"column":0},"end":{"line":350,"column":18}},"350":{"start":{"line":351,"column":0},"end":{"line":351,"column":12}},"351":{"start":{"line":352,"column":0},"end":{"line":352,"column":25}},"352":{"start":{"line":353,"column":0},"end":{"line":353,"column":61}},"353":{"start":{"line":354,"column":0},"end":{"line":354,"column":53}},"354":{"start":{"line":355,"column":0},"end":{"line":355,"column":62}},"355":{"start":{"line":356,"column":0},"end":{"line":356,"column":12}},"356":{"start":{"line":357,"column":0},"end":{"line":357,"column":58}},"357":{"start":{"line":358,"column":0},"end":{"line":358,"column":28}},"358":{"start":{"line":359,"column":0},"end":{"line":359,"column":59}},"359":{"start":{"line":360,"column":0},"end":{"line":360,"column":23}},"360":{"start":{"line":361,"column":0},"end":{"line":361,"column":12}},"361":{"start":{"line":362,"column":0},"end":{"line":362,"column":66}},"362":{"start":{"line":363,"column":0},"end":{"line":363,"column":30}},"363":{"start":{"line":364,"column":0},"end":{"line":364,"column":28}},"364":{"start":{"line":365,"column":0},"end":{"line":365,"column":37}},"365":{"start":{"line":366,"column":0},"end":{"line":366,"column":43}},"366":{"start":{"line":367,"column":0},"end":{"line":367,"column":25}},"367":{"start":{"line":368,"column":0},"end":{"line":368,"column":18}},"368":{"start":{"line":369,"column":0},"end":{"line":369,"column":12}},"369":{"start":{"line":370,"column":0},"end":{"line":370,"column":22}},"370":{"start":{"line":371,"column":0},"end":{"line":371,"column":61}},"371":{"start":{"line":372,"column":0},"end":{"line":372,"column":30}},"372":{"start":{"line":373,"column":0},"end":{"line":373,"column":40}},"373":{"start":{"line":374,"column":0},"end":{"line":374,"column":32}},"374":{"start":{"line":375,"column":0},"end":{"line":375,"column":28}},"375":{"start":{"line":376,"column":0},"end":{"line":376,"column":37}},"376":{"start":{"line":377,"column":0},"end":{"line":377,"column":33}},"377":{"start":{"line":378,"column":0},"end":{"line":378,"column":25}},"378":{"start":{"line":379,"column":0},"end":{"line":379,"column":12}},"379":{"start":{"line":380,"column":0},"end":{"line":380,"column":62}},"380":{"start":{"line":381,"column":0},"end":{"line":381,"column":30}},"381":{"start":{"line":382,"column":0},"end":{"line":382,"column":28}},"382":{"start":{"line":383,"column":0},"end":{"line":383,"column":37}},"383":{"start":{"line":384,"column":0},"end":{"line":384,"column":33}},"384":{"start":{"line":385,"column":0},"end":{"line":385,"column":25}},"385":{"start":{"line":386,"column":0},"end":{"line":386,"column":18}},"386":{"start":{"line":387,"column":0},"end":{"line":387,"column":9}},"387":{"start":{"line":388,"column":0},"end":{"line":388,"column":27}},"388":{"start":{"line":389,"column":0},"end":{"line":389,"column":8}},"389":{"start":{"line":390,"column":0},"end":{"line":390,"column":29}},"390":{"start":{"line":391,"column":0},"end":{"line":391,"column":59}},"391":{"start":{"line":392,"column":0},"end":{"line":392,"column":57}},"392":{"start":{"line":393,"column":0},"end":{"line":393,"column":55}},"393":{"start":{"line":394,"column":0},"end":{"line":394,"column":10}},"394":{"start":{"line":395,"column":0},"end":{"line":395,"column":71}},"395":{"start":{"line":396,"column":0},"end":{"line":396,"column":26}},"396":{"start":{"line":397,"column":0},"end":{"line":397,"column":61}},"397":{"start":{"line":398,"column":0},"end":{"line":398,"column":21}},"398":{"start":{"line":399,"column":0},"end":{"line":399,"column":9}},"399":{"start":{"line":400,"column":0},"end":{"line":400,"column":9}},"400":{"start":{"line":401,"column":0},"end":{"line":401,"column":6}},"401":{"start":{"line":402,"column":0},"end":{"line":402,"column":92}},"402":{"start":{"line":403,"column":0},"end":{"line":403,"column":6}},"403":{"start":{"line":404,"column":0},"end":{"line":404,"column":58}},"404":{"start":{"line":405,"column":0},"end":{"line":405,"column":56}},"405":{"start":{"line":406,"column":0},"end":{"line":406,"column":51}},"406":{"start":{"line":407,"column":0},"end":{"line":407,"column":51}},"407":{"start":{"line":408,"column":0},"end":{"line":408,"column":8}},"408":{"start":{"line":409,"column":0},"end":{"line":409,"column":54}},"409":{"start":{"line":410,"column":0},"end":{"line":410,"column":81}},"410":{"start":{"line":411,"column":0},"end":{"line":411,"column":77}},"411":{"start":{"line":412,"column":0},"end":{"line":412,"column":52}},"412":{"start":{"line":413,"column":0},"end":{"line":413,"column":65}},"413":{"start":{"line":414,"column":0},"end":{"line":414,"column":62}},"414":{"start":{"line":415,"column":0},"end":{"line":415,"column":28}},"415":{"start":{"line":416,"column":0},"end":{"line":416,"column":26}},"416":{"start":{"line":417,"column":0},"end":{"line":417,"column":53}},"417":{"start":{"line":418,"column":0},"end":{"line":418,"column":23}},"418":{"start":{"line":419,"column":0},"end":{"line":419,"column":9}},"419":{"start":{"line":420,"column":0},"end":{"line":420,"column":8}},"420":{"start":{"line":421,"column":0},"end":{"line":421,"column":70}},"421":{"start":{"line":422,"column":0},"end":{"line":422,"column":70}},"422":{"start":{"line":423,"column":0},"end":{"line":423,"column":49}},"423":{"start":{"line":424,"column":0},"end":{"line":424,"column":36}},"424":{"start":{"line":425,"column":0},"end":{"line":425,"column":9}},"425":{"start":{"line":426,"column":0},"end":{"line":426,"column":8}},"426":{"start":{"line":427,"column":0},"end":{"line":427,"column":24}},"427":{"start":{"line":428,"column":0},"end":{"line":428,"column":37}},"428":{"start":{"line":429,"column":0},"end":{"line":429,"column":42}},"429":{"start":{"line":430,"column":0},"end":{"line":430,"column":54}},"430":{"start":{"line":431,"column":0},"end":{"line":431,"column":54}},"431":{"start":{"line":432,"column":0},"end":{"line":432,"column":46}},"432":{"start":{"line":433,"column":0},"end":{"line":433,"column":38}},"433":{"start":{"line":434,"column":0},"end":{"line":434,"column":9}},"434":{"start":{"line":435,"column":0},"end":{"line":435,"column":24}},"435":{"start":{"line":436,"column":0},"end":{"line":436,"column":19}},"436":{"start":{"line":437,"column":0},"end":{"line":437,"column":8}},"437":{"start":{"line":438,"column":0},"end":{"line":438,"column":36}},"438":{"start":{"line":439,"column":0},"end":{"line":439,"column":26}},"439":{"start":{"line":440,"column":0},"end":{"line":440,"column":21}},"440":{"start":{"line":441,"column":0},"end":{"line":441,"column":8}},"441":{"start":{"line":442,"column":0},"end":{"line":442,"column":49}},"442":{"start":{"line":443,"column":0},"end":{"line":443,"column":32}},"443":{"start":{"line":444,"column":0},"end":{"line":444,"column":32}},"444":{"start":{"line":445,"column":0},"end":{"line":445,"column":41}},"445":{"start":{"line":446,"column":0},"end":{"line":446,"column":29}},"446":{"start":{"line":447,"column":0},"end":{"line":447,"column":10}},"447":{"start":{"line":448,"column":0},"end":{"line":448,"column":36}},"448":{"start":{"line":449,"column":0},"end":{"line":449,"column":58}},"449":{"start":{"line":450,"column":0},"end":{"line":450,"column":10}},"450":{"start":{"line":451,"column":0},"end":{"line":451,"column":62}},"451":{"start":{"line":452,"column":0},"end":{"line":452,"column":60}},"452":{"start":{"line":453,"column":0},"end":{"line":453,"column":69}},"453":{"start":{"line":454,"column":0},"end":{"line":454,"column":55}},"454":{"start":{"line":455,"column":0},"end":{"line":455,"column":10}},"455":{"start":{"line":456,"column":0},"end":{"line":456,"column":36}},"456":{"start":{"line":457,"column":0},"end":{"line":457,"column":38}},"457":{"start":{"line":458,"column":0},"end":{"line":458,"column":35}},"458":{"start":{"line":459,"column":0},"end":{"line":459,"column":57}},"459":{"start":{"line":460,"column":0},"end":{"line":460,"column":9}},"460":{"start":{"line":461,"column":0},"end":{"line":461,"column":8}},"461":{"start":{"line":462,"column":0},"end":{"line":462,"column":34}},"462":{"start":{"line":463,"column":0},"end":{"line":463,"column":41}},"463":{"start":{"line":464,"column":0},"end":{"line":464,"column":33}},"464":{"start":{"line":465,"column":0},"end":{"line":465,"column":46}},"465":{"start":{"line":466,"column":0},"end":{"line":466,"column":8}},"466":{"start":{"line":467,"column":0},"end":{"line":467,"column":70}},"467":{"start":{"line":468,"column":0},"end":{"line":468,"column":35}},"468":{"start":{"line":469,"column":0},"end":{"line":469,"column":44}},"469":{"start":{"line":470,"column":0},"end":{"line":470,"column":8}},"470":{"start":{"line":471,"column":0},"end":{"line":471,"column":49}},"471":{"start":{"line":472,"column":0},"end":{"line":472,"column":38}},"472":{"start":{"line":473,"column":0},"end":{"line":473,"column":28}},"473":{"start":{"line":474,"column":0},"end":{"line":474,"column":26}},"474":{"start":{"line":475,"column":0},"end":{"line":475,"column":37}},"475":{"start":{"line":476,"column":0},"end":{"line":476,"column":37}},"476":{"start":{"line":477,"column":0},"end":{"line":477,"column":37}},"477":{"start":{"line":478,"column":0},"end":{"line":478,"column":37}},"478":{"start":{"line":479,"column":0},"end":{"line":479,"column":23}},"479":{"start":{"line":480,"column":0},"end":{"line":480,"column":9}},"480":{"start":{"line":481,"column":0},"end":{"line":481,"column":9}},"481":{"start":{"line":482,"column":0},"end":{"line":482,"column":6}},"482":{"start":{"line":483,"column":0},"end":{"line":483,"column":73}},"483":{"start":{"line":484,"column":0},"end":{"line":484,"column":6}},"484":{"start":{"line":485,"column":0},"end":{"line":485,"column":4}},"485":{"start":{"line":486,"column":0},"end":{"line":486,"column":71}},"486":{"start":{"line":487,"column":0},"end":{"line":487,"column":4}},"487":{"start":{"line":488,"column":0},"end":{"line":488,"column":18}},"488":{"start":{"line":489,"column":0},"end":{"line":489,"column":38}},"489":{"start":{"line":490,"column":0},"end":{"line":490,"column":56}},"490":{"start":{"line":491,"column":0},"end":{"line":491,"column":7}},"491":{"start":{"line":492,"column":0},"end":{"line":492,"column":6}},"492":{"start":{"line":493,"column":0},"end":{"line":493,"column":46}},"493":{"start":{"line":494,"column":0},"end":{"line":494,"column":0}},"494":{"start":{"line":495,"column":0},"end":{"line":495,"column":30}},"495":{"start":{"line":496,"column":0},"end":{"line":496,"column":19}},"496":{"start":{"line":497,"column":0},"end":{"line":497,"column":59}},"497":{"start":{"line":498,"column":0},"end":{"line":498,"column":0}},"498":{"start":{"line":499,"column":0},"end":{"line":499,"column":44}},"499":{"start":{"line":500,"column":0},"end":{"line":500,"column":37}},"500":{"start":{"line":501,"column":0},"end":{"line":501,"column":6}},"501":{"start":{"line":502,"column":0},"end":{"line":502,"column":21}},"502":{"start":{"line":503,"column":0},"end":{"line":503,"column":110}},"503":{"start":{"line":504,"column":0},"end":{"line":504,"column":6}},"504":{"start":{"line":505,"column":0},"end":{"line":505,"column":36}},"505":{"start":{"line":506,"column":0},"end":{"line":506,"column":21}},"506":{"start":{"line":507,"column":0},"end":{"line":507,"column":80}},"507":{"start":{"line":508,"column":0},"end":{"line":508,"column":58}},"508":{"start":{"line":509,"column":0},"end":{"line":509,"column":46}},"509":{"start":{"line":510,"column":0},"end":{"line":510,"column":61}},"510":{"start":{"line":511,"column":0},"end":{"line":511,"column":11}},"511":{"start":{"line":512,"column":0},"end":{"line":512,"column":0}},"512":{"start":{"line":513,"column":0},"end":{"line":513,"column":77}},"513":{"start":{"line":514,"column":0},"end":{"line":514,"column":90}},"514":{"start":{"line":515,"column":0},"end":{"line":515,"column":56}},"515":{"start":{"line":516,"column":0},"end":{"line":516,"column":10}},"516":{"start":{"line":517,"column":0},"end":{"line":517,"column":71}},"517":{"start":{"line":518,"column":0},"end":{"line":518,"column":10}},"518":{"start":{"line":519,"column":0},"end":{"line":519,"column":62}},"519":{"start":{"line":520,"column":0},"end":{"line":520,"column":43}},"520":{"start":{"line":521,"column":0},"end":{"line":521,"column":44}},"521":{"start":{"line":522,"column":0},"end":{"line":522,"column":12}},"522":{"start":{"line":523,"column":0},"end":{"line":523,"column":62}},"523":{"start":{"line":524,"column":0},"end":{"line":524,"column":72}},"524":{"start":{"line":525,"column":0},"end":{"line":525,"column":14}},"525":{"start":{"line":526,"column":0},"end":{"line":526,"column":60}},"526":{"start":{"line":527,"column":0},"end":{"line":527,"column":68}},"527":{"start":{"line":528,"column":0},"end":{"line":528,"column":14}},"528":{"start":{"line":529,"column":0},"end":{"line":529,"column":12}},"529":{"start":{"line":530,"column":0},"end":{"line":530,"column":59}},"530":{"start":{"line":531,"column":0},"end":{"line":531,"column":65}},"531":{"start":{"line":532,"column":0},"end":{"line":532,"column":12}},"532":{"start":{"line":533,"column":0},"end":{"line":533,"column":95}},"533":{"start":{"line":534,"column":0},"end":{"line":534,"column":89}},"534":{"start":{"line":535,"column":0},"end":{"line":535,"column":12}},"535":{"start":{"line":536,"column":0},"end":{"line":536,"column":64}},"536":{"start":{"line":537,"column":0},"end":{"line":537,"column":71}},"537":{"start":{"line":538,"column":0},"end":{"line":538,"column":68}},"538":{"start":{"line":539,"column":0},"end":{"line":539,"column":12}},"539":{"start":{"line":540,"column":0},"end":{"line":540,"column":48}},"540":{"start":{"line":541,"column":0},"end":{"line":541,"column":51}},"541":{"start":{"line":542,"column":0},"end":{"line":542,"column":38}},"542":{"start":{"line":543,"column":0},"end":{"line":543,"column":34}},"543":{"start":{"line":544,"column":0},"end":{"line":544,"column":36}},"544":{"start":{"line":545,"column":0},"end":{"line":545,"column":30}},"545":{"start":{"line":546,"column":0},"end":{"line":546,"column":14}},"546":{"start":{"line":547,"column":0},"end":{"line":547,"column":62}},"547":{"start":{"line":548,"column":0},"end":{"line":548,"column":12}},"548":{"start":{"line":549,"column":0},"end":{"line":549,"column":65}},"549":{"start":{"line":550,"column":0},"end":{"line":550,"column":41}},"550":{"start":{"line":551,"column":0},"end":{"line":551,"column":12}},"551":{"start":{"line":552,"column":0},"end":{"line":552,"column":56}},"552":{"start":{"line":553,"column":0},"end":{"line":553,"column":58}},"553":{"start":{"line":554,"column":0},"end":{"line":554,"column":13}},"554":{"start":{"line":555,"column":0},"end":{"line":555,"column":12}},"555":{"start":{"line":556,"column":0},"end":{"line":556,"column":50}},"556":{"start":{"line":557,"column":0},"end":{"line":557,"column":58}},"557":{"start":{"line":558,"column":0},"end":{"line":558,"column":13}},"558":{"start":{"line":559,"column":0},"end":{"line":559,"column":12}},"559":{"start":{"line":560,"column":0},"end":{"line":560,"column":51}},"560":{"start":{"line":561,"column":0},"end":{"line":561,"column":31}},"561":{"start":{"line":562,"column":0},"end":{"line":562,"column":13}},"562":{"start":{"line":563,"column":0},"end":{"line":563,"column":12}},"563":{"start":{"line":564,"column":0},"end":{"line":564,"column":28}},"564":{"start":{"line":565,"column":0},"end":{"line":565,"column":36}},"565":{"start":{"line":566,"column":0},"end":{"line":566,"column":38}},"566":{"start":{"line":567,"column":0},"end":{"line":567,"column":65}},"567":{"start":{"line":568,"column":0},"end":{"line":568,"column":69}},"568":{"start":{"line":569,"column":0},"end":{"line":569,"column":66}},"569":{"start":{"line":570,"column":0},"end":{"line":570,"column":65}},"570":{"start":{"line":571,"column":0},"end":{"line":571,"column":17}},"571":{"start":{"line":572,"column":0},"end":{"line":572,"column":37}},"572":{"start":{"line":573,"column":0},"end":{"line":573,"column":14}},"573":{"start":{"line":574,"column":0},"end":{"line":574,"column":12}},"574":{"start":{"line":575,"column":0},"end":{"line":575,"column":33}},"575":{"start":{"line":576,"column":0},"end":{"line":576,"column":12}},"576":{"start":{"line":577,"column":0},"end":{"line":577,"column":91}},"577":{"start":{"line":578,"column":0},"end":{"line":578,"column":49}},"578":{"start":{"line":579,"column":0},"end":{"line":579,"column":24}},"579":{"start":{"line":580,"column":0},"end":{"line":580,"column":23}},"580":{"start":{"line":581,"column":0},"end":{"line":581,"column":54}},"581":{"start":{"line":582,"column":0},"end":{"line":582,"column":83}},"582":{"start":{"line":583,"column":0},"end":{"line":583,"column":18}},"583":{"start":{"line":584,"column":0},"end":{"line":584,"column":15}},"584":{"start":{"line":585,"column":0},"end":{"line":585,"column":48}},"585":{"start":{"line":586,"column":0},"end":{"line":586,"column":61}},"586":{"start":{"line":587,"column":0},"end":{"line":587,"column":15}},"587":{"start":{"line":588,"column":0},"end":{"line":588,"column":23}},"588":{"start":{"line":589,"column":0},"end":{"line":589,"column":15}},"589":{"start":{"line":590,"column":0},"end":{"line":590,"column":12}},"590":{"start":{"line":591,"column":0},"end":{"line":591,"column":23}},"591":{"start":{"line":592,"column":0},"end":{"line":592,"column":24}},"592":{"start":{"line":593,"column":0},"end":{"line":593,"column":36}},"593":{"start":{"line":594,"column":0},"end":{"line":594,"column":48}},"594":{"start":{"line":595,"column":0},"end":{"line":595,"column":50}},"595":{"start":{"line":596,"column":0},"end":{"line":596,"column":15}},"596":{"start":{"line":597,"column":0},"end":{"line":597,"column":0}},"597":{"start":{"line":598,"column":0},"end":{"line":598,"column":34}},"598":{"start":{"line":599,"column":0},"end":{"line":599,"column":76}},"599":{"start":{"line":600,"column":0},"end":{"line":600,"column":42}},"600":{"start":{"line":601,"column":0},"end":{"line":601,"column":37}},"601":{"start":{"line":602,"column":0},"end":{"line":602,"column":34}},"602":{"start":{"line":603,"column":0},"end":{"line":603,"column":38}},"603":{"start":{"line":604,"column":0},"end":{"line":604,"column":40}},"604":{"start":{"line":605,"column":0},"end":{"line":605,"column":120}},"605":{"start":{"line":606,"column":0},"end":{"line":606,"column":16}},"606":{"start":{"line":607,"column":0},"end":{"line":607,"column":39}},"607":{"start":{"line":608,"column":0},"end":{"line":608,"column":14}},"608":{"start":{"line":609,"column":0},"end":{"line":609,"column":25}},"609":{"start":{"line":610,"column":0},"end":{"line":610,"column":26}},"610":{"start":{"line":611,"column":0},"end":{"line":611,"column":44}},"611":{"start":{"line":612,"column":0},"end":{"line":612,"column":50}},"612":{"start":{"line":613,"column":0},"end":{"line":613,"column":64}},"613":{"start":{"line":614,"column":0},"end":{"line":614,"column":17}},"614":{"start":{"line":615,"column":0},"end":{"line":615,"column":21}},"615":{"start":{"line":616,"column":0},"end":{"line":616,"column":13}},"616":{"start":{"line":617,"column":0},"end":{"line":617,"column":11}},"617":{"start":{"line":618,"column":0},"end":{"line":618,"column":10}},"618":{"start":{"line":619,"column":0},"end":{"line":619,"column":68}},"619":{"start":{"line":620,"column":0},"end":{"line":620,"column":32}},"620":{"start":{"line":621,"column":0},"end":{"line":621,"column":36}},"621":{"start":{"line":622,"column":0},"end":{"line":622,"column":38}},"622":{"start":{"line":623,"column":0},"end":{"line":623,"column":40}},"623":{"start":{"line":624,"column":0},"end":{"line":624,"column":37}},"624":{"start":{"line":625,"column":0},"end":{"line":625,"column":14}},"625":{"start":{"line":626,"column":0},"end":{"line":626,"column":37}},"626":{"start":{"line":627,"column":0},"end":{"line":627,"column":12}},"627":{"start":{"line":628,"column":0},"end":{"line":628,"column":91}},"628":{"start":{"line":629,"column":0},"end":{"line":629,"column":58}},"629":{"start":{"line":630,"column":0},"end":{"line":630,"column":62}},"630":{"start":{"line":631,"column":0},"end":{"line":631,"column":15}},"631":{"start":{"line":632,"column":0},"end":{"line":632,"column":48}},"632":{"start":{"line":633,"column":0},"end":{"line":633,"column":61}},"633":{"start":{"line":634,"column":0},"end":{"line":634,"column":15}},"634":{"start":{"line":635,"column":0},"end":{"line":635,"column":23}},"635":{"start":{"line":636,"column":0},"end":{"line":636,"column":15}},"636":{"start":{"line":637,"column":0},"end":{"line":637,"column":12}},"637":{"start":{"line":638,"column":0},"end":{"line":638,"column":23}},"638":{"start":{"line":639,"column":0},"end":{"line":639,"column":24}},"639":{"start":{"line":640,"column":0},"end":{"line":640,"column":36}},"640":{"start":{"line":641,"column":0},"end":{"line":641,"column":48}},"641":{"start":{"line":642,"column":0},"end":{"line":642,"column":54}},"642":{"start":{"line":643,"column":0},"end":{"line":643,"column":15}},"643":{"start":{"line":644,"column":0},"end":{"line":644,"column":11}},"644":{"start":{"line":645,"column":0},"end":{"line":645,"column":10}},"645":{"start":{"line":646,"column":0},"end":{"line":646,"column":106}},"646":{"start":{"line":647,"column":0},"end":{"line":647,"column":56}},"647":{"start":{"line":648,"column":0},"end":{"line":648,"column":65}},"648":{"start":{"line":649,"column":0},"end":{"line":649,"column":12}},"649":{"start":{"line":650,"column":0},"end":{"line":650,"column":29}},"650":{"start":{"line":651,"column":0},"end":{"line":651,"column":36}},"651":{"start":{"line":652,"column":0},"end":{"line":652,"column":40}},"652":{"start":{"line":653,"column":0},"end":{"line":653,"column":40}},"653":{"start":{"line":654,"column":0},"end":{"line":654,"column":37}},"654":{"start":{"line":655,"column":0},"end":{"line":655,"column":14}},"655":{"start":{"line":656,"column":0},"end":{"line":656,"column":34}},"656":{"start":{"line":657,"column":0},"end":{"line":657,"column":12}},"657":{"start":{"line":658,"column":0},"end":{"line":658,"column":91}},"658":{"start":{"line":659,"column":0},"end":{"line":659,"column":48}},"659":{"start":{"line":660,"column":0},"end":{"line":660,"column":25}},"660":{"start":{"line":661,"column":0},"end":{"line":661,"column":24}},"661":{"start":{"line":662,"column":0},"end":{"line":662,"column":64}},"662":{"start":{"line":663,"column":0},"end":{"line":663,"column":46}},"663":{"start":{"line":664,"column":0},"end":{"line":664,"column":18}},"664":{"start":{"line":665,"column":0},"end":{"line":665,"column":15}},"665":{"start":{"line":666,"column":0},"end":{"line":666,"column":23}},"666":{"start":{"line":667,"column":0},"end":{"line":667,"column":15}},"667":{"start":{"line":668,"column":0},"end":{"line":668,"column":12}},"668":{"start":{"line":669,"column":0},"end":{"line":669,"column":23}},"669":{"start":{"line":670,"column":0},"end":{"line":670,"column":24}},"670":{"start":{"line":671,"column":0},"end":{"line":671,"column":36}},"671":{"start":{"line":672,"column":0},"end":{"line":672,"column":48}},"672":{"start":{"line":673,"column":0},"end":{"line":673,"column":51}},"673":{"start":{"line":674,"column":0},"end":{"line":674,"column":15}},"674":{"start":{"line":675,"column":0},"end":{"line":675,"column":11}},"675":{"start":{"line":676,"column":0},"end":{"line":676,"column":10}},"676":{"start":{"line":677,"column":0},"end":{"line":677,"column":16}},"677":{"start":{"line":678,"column":0},"end":{"line":678,"column":31}},"678":{"start":{"line":679,"column":0},"end":{"line":679,"column":36}},"679":{"start":{"line":680,"column":0},"end":{"line":680,"column":45}},"680":{"start":{"line":681,"column":0},"end":{"line":681,"column":40}},"681":{"start":{"line":682,"column":0},"end":{"line":682,"column":37}},"682":{"start":{"line":683,"column":0},"end":{"line":683,"column":14}},"683":{"start":{"line":684,"column":0},"end":{"line":684,"column":36}},"684":{"start":{"line":685,"column":0},"end":{"line":685,"column":12}},"685":{"start":{"line":686,"column":0},"end":{"line":686,"column":46}},"686":{"start":{"line":687,"column":0},"end":{"line":687,"column":58}},"687":{"start":{"line":688,"column":0},"end":{"line":688,"column":67}},"688":{"start":{"line":689,"column":0},"end":{"line":689,"column":13}},"689":{"start":{"line":690,"column":0},"end":{"line":690,"column":12}},"690":{"start":{"line":691,"column":0},"end":{"line":691,"column":90}},"691":{"start":{"line":692,"column":0},"end":{"line":692,"column":85}},"692":{"start":{"line":693,"column":0},"end":{"line":693,"column":14}},"693":{"start":{"line":694,"column":0},"end":{"line":694,"column":12}},"694":{"start":{"line":695,"column":0},"end":{"line":695,"column":23}},"695":{"start":{"line":696,"column":0},"end":{"line":696,"column":24}},"696":{"start":{"line":697,"column":0},"end":{"line":697,"column":36}},"697":{"start":{"line":698,"column":0},"end":{"line":698,"column":48}},"698":{"start":{"line":699,"column":0},"end":{"line":699,"column":53}},"699":{"start":{"line":700,"column":0},"end":{"line":700,"column":15}},"700":{"start":{"line":701,"column":0},"end":{"line":701,"column":11}},"701":{"start":{"line":702,"column":0},"end":{"line":702,"column":9}},"702":{"start":{"line":703,"column":0},"end":{"line":703,"column":7}},"703":{"start":{"line":704,"column":0},"end":{"line":704,"column":6}},"704":{"start":{"line":705,"column":0},"end":{"line":705,"column":26}},"705":{"start":{"line":706,"column":0},"end":{"line":706,"column":30}},"706":{"start":{"line":707,"column":0},"end":{"line":707,"column":34}},"707":{"start":{"line":708,"column":0},"end":{"line":708,"column":8}},"708":{"start":{"line":709,"column":0},"end":{"line":709,"column":19}},"709":{"start":{"line":710,"column":0},"end":{"line":710,"column":71}},"710":{"start":{"line":711,"column":0},"end":{"line":711,"column":47}},"711":{"start":{"line":712,"column":0},"end":{"line":712,"column":63}},"712":{"start":{"line":713,"column":0},"end":{"line":713,"column":11}},"713":{"start":{"line":714,"column":0},"end":{"line":714,"column":72}},"714":{"start":{"line":715,"column":0},"end":{"line":715,"column":47}},"715":{"start":{"line":716,"column":0},"end":{"line":716,"column":64}},"716":{"start":{"line":717,"column":0},"end":{"line":717,"column":11}},"717":{"start":{"line":718,"column":0},"end":{"line":718,"column":0}},"718":{"start":{"line":719,"column":0},"end":{"line":719,"column":27}},"719":{"start":{"line":720,"column":0},"end":{"line":720,"column":72}},"720":{"start":{"line":721,"column":0},"end":{"line":721,"column":33}},"721":{"start":{"line":722,"column":0},"end":{"line":722,"column":64}},"722":{"start":{"line":723,"column":0},"end":{"line":723,"column":30}},"723":{"start":{"line":724,"column":0},"end":{"line":724,"column":34}},"724":{"start":{"line":725,"column":0},"end":{"line":725,"column":36}},"725":{"start":{"line":726,"column":0},"end":{"line":726,"column":99}},"726":{"start":{"line":727,"column":0},"end":{"line":727,"column":12}},"727":{"start":{"line":728,"column":0},"end":{"line":728,"column":35}},"728":{"start":{"line":729,"column":0},"end":{"line":729,"column":10}},"729":{"start":{"line":730,"column":0},"end":{"line":730,"column":21}},"730":{"start":{"line":731,"column":0},"end":{"line":731,"column":22}},"731":{"start":{"line":732,"column":0},"end":{"line":732,"column":40}},"732":{"start":{"line":733,"column":0},"end":{"line":733,"column":52}},"733":{"start":{"line":734,"column":0},"end":{"line":734,"column":13}},"734":{"start":{"line":735,"column":0},"end":{"line":735,"column":9}},"735":{"start":{"line":736,"column":0},"end":{"line":736,"column":8}},"736":{"start":{"line":737,"column":0},"end":{"line":737,"column":38}},"737":{"start":{"line":738,"column":0},"end":{"line":738,"column":29}},"738":{"start":{"line":739,"column":0},"end":{"line":739,"column":33}},"739":{"start":{"line":740,"column":0},"end":{"line":740,"column":21}},"740":{"start":{"line":741,"column":0},"end":{"line":741,"column":22}},"741":{"start":{"line":742,"column":0},"end":{"line":742,"column":10}},"742":{"start":{"line":743,"column":0},"end":{"line":743,"column":61}},"743":{"start":{"line":744,"column":0},"end":{"line":744,"column":26}},"744":{"start":{"line":745,"column":0},"end":{"line":745,"column":106}},"745":{"start":{"line":746,"column":0},"end":{"line":746,"column":68}},"746":{"start":{"line":747,"column":0},"end":{"line":747,"column":26}},"747":{"start":{"line":748,"column":0},"end":{"line":748,"column":106}},"748":{"start":{"line":749,"column":0},"end":{"line":749,"column":18}},"749":{"start":{"line":750,"column":0},"end":{"line":750,"column":97}},"750":{"start":{"line":751,"column":0},"end":{"line":751,"column":11}},"751":{"start":{"line":752,"column":0},"end":{"line":752,"column":10}},"752":{"start":{"line":753,"column":0},"end":{"line":753,"column":30}},"753":{"start":{"line":754,"column":0},"end":{"line":754,"column":34}},"754":{"start":{"line":755,"column":0},"end":{"line":755,"column":36}},"755":{"start":{"line":756,"column":0},"end":{"line":756,"column":20}},"756":{"start":{"line":757,"column":0},"end":{"line":757,"column":12}},"757":{"start":{"line":758,"column":0},"end":{"line":758,"column":35}},"758":{"start":{"line":759,"column":0},"end":{"line":759,"column":10}},"759":{"start":{"line":760,"column":0},"end":{"line":760,"column":21}},"760":{"start":{"line":761,"column":0},"end":{"line":761,"column":22}},"761":{"start":{"line":762,"column":0},"end":{"line":762,"column":40}},"762":{"start":{"line":763,"column":0},"end":{"line":763,"column":52}},"763":{"start":{"line":764,"column":0},"end":{"line":764,"column":13}},"764":{"start":{"line":765,"column":0},"end":{"line":765,"column":9}},"765":{"start":{"line":766,"column":0},"end":{"line":766,"column":8}},"766":{"start":{"line":767,"column":0},"end":{"line":767,"column":24}},"767":{"start":{"line":768,"column":0},"end":{"line":768,"column":9}},"768":{"start":{"line":769,"column":0},"end":{"line":769,"column":26}},"769":{"start":{"line":770,"column":0},"end":{"line":770,"column":0}},"770":{"start":{"line":771,"column":0},"end":{"line":771,"column":45}},"771":{"start":{"line":772,"column":0},"end":{"line":772,"column":71}},"772":{"start":{"line":773,"column":0},"end":{"line":773,"column":0}},"773":{"start":{"line":774,"column":0},"end":{"line":774,"column":33}},"774":{"start":{"line":775,"column":0},"end":{"line":775,"column":22}},"775":{"start":{"line":776,"column":0},"end":{"line":776,"column":26}},"776":{"start":{"line":777,"column":0},"end":{"line":777,"column":4}},"777":{"start":{"line":778,"column":0},"end":{"line":778,"column":0}},"778":{"start":{"line":779,"column":0},"end":{"line":779,"column":16}},"779":{"start":{"line":780,"column":0},"end":{"line":780,"column":12}},"780":{"start":{"line":781,"column":0},"end":{"line":781,"column":53}},"781":{"start":{"line":782,"column":0},"end":{"line":782,"column":51}},"782":{"start":{"line":783,"column":0},"end":{"line":783,"column":27}},"783":{"start":{"line":784,"column":0},"end":{"line":784,"column":14}},"784":{"start":{"line":785,"column":0},"end":{"line":785,"column":12}},"785":{"start":{"line":786,"column":0},"end":{"line":786,"column":6}},"786":{"start":{"line":787,"column":0},"end":{"line":787,"column":3}},"787":{"start":{"line":788,"column":0},"end":{"line":788,"column":0}},"788":{"start":{"line":789,"column":0},"end":{"line":789,"column":10}},"789":{"start":{"line":790,"column":0},"end":{"line":790,"column":47}},"790":{"start":{"line":791,"column":0},"end":{"line":791,"column":55}},"791":{"start":{"line":792,"column":0},"end":{"line":792,"column":64}},"792":{"start":{"line":793,"column":0},"end":{"line":793,"column":75}},"793":{"start":{"line":794,"column":0},"end":{"line":794,"column":55}},"794":{"start":{"line":795,"column":0},"end":{"line":795,"column":51}},"795":{"start":{"line":796,"column":0},"end":{"line":796,"column":72}},"796":{"start":{"line":797,"column":0},"end":{"line":797,"column":18}},"797":{"start":{"line":798,"column":0},"end":{"line":798,"column":51}},"798":{"start":{"line":799,"column":0},"end":{"line":799,"column":71}},"799":{"start":{"line":800,"column":0},"end":{"line":800,"column":18}},"800":{"start":{"line":801,"column":0},"end":{"line":801,"column":16}},"801":{"start":{"line":802,"column":0},"end":{"line":802,"column":14}},"802":{"start":{"line":803,"column":0},"end":{"line":803,"column":8}},"803":{"start":{"line":804,"column":0},"end":{"line":804,"column":78}},"804":{"start":{"line":805,"column":0},"end":{"line":805,"column":17}},"805":{"start":{"line":806,"column":0},"end":{"line":806,"column":37}},"806":{"start":{"line":807,"column":0},"end":{"line":807,"column":102}},"807":{"start":{"line":808,"column":0},"end":{"line":808,"column":11}},"808":{"start":{"line":809,"column":0},"end":{"line":809,"column":24}},"809":{"start":{"line":810,"column":0},"end":{"line":810,"column":19}},"810":{"start":{"line":811,"column":0},"end":{"line":811,"column":10}},"811":{"start":{"line":812,"column":0},"end":{"line":812,"column":8}},"812":{"start":{"line":813,"column":0},"end":{"line":813,"column":28}},"813":{"start":{"line":814,"column":0},"end":{"line":814,"column":55}},"814":{"start":{"line":815,"column":0},"end":{"line":815,"column":75}},"815":{"start":{"line":816,"column":0},"end":{"line":816,"column":52}},"816":{"start":{"line":817,"column":0},"end":{"line":817,"column":18}},"817":{"start":{"line":818,"column":0},"end":{"line":818,"column":51}},"818":{"start":{"line":819,"column":0},"end":{"line":819,"column":24}},"819":{"start":{"line":820,"column":0},"end":{"line":820,"column":18}},"820":{"start":{"line":821,"column":0},"end":{"line":821,"column":16}},"821":{"start":{"line":822,"column":0},"end":{"line":822,"column":10}},"822":{"start":{"line":823,"column":0},"end":{"line":823,"column":8}},"823":{"start":{"line":824,"column":0},"end":{"line":824,"column":26}},"824":{"start":{"line":825,"column":0},"end":{"line":825,"column":55}},"825":{"start":{"line":826,"column":0},"end":{"line":826,"column":83}},"826":{"start":{"line":827,"column":0},"end":{"line":827,"column":91}},"827":{"start":{"line":828,"column":0},"end":{"line":828,"column":16}},"828":{"start":{"line":829,"column":0},"end":{"line":829,"column":10}},"829":{"start":{"line":830,"column":0},"end":{"line":830,"column":12}},"830":{"start":{"line":831,"column":0},"end":{"line":831,"column":0}},"831":{"start":{"line":832,"column":0},"end":{"line":832,"column":27}},"832":{"start":{"line":833,"column":0},"end":{"line":833,"column":77}},"833":{"start":{"line":834,"column":0},"end":{"line":834,"column":84}},"834":{"start":{"line":835,"column":0},"end":{"line":835,"column":56}},"835":{"start":{"line":836,"column":0},"end":{"line":836,"column":27}},"836":{"start":{"line":837,"column":0},"end":{"line":837,"column":29}},"837":{"start":{"line":838,"column":0},"end":{"line":838,"column":25}},"838":{"start":{"line":839,"column":0},"end":{"line":839,"column":26}},"839":{"start":{"line":840,"column":0},"end":{"line":840,"column":68}},"840":{"start":{"line":841,"column":0},"end":{"line":841,"column":14}},"841":{"start":{"line":842,"column":0},"end":{"line":842,"column":12}},"842":{"start":{"line":843,"column":0},"end":{"line":843,"column":30}},"843":{"start":{"line":844,"column":0},"end":{"line":844,"column":32}},"844":{"start":{"line":845,"column":0},"end":{"line":845,"column":101}},"845":{"start":{"line":846,"column":0},"end":{"line":846,"column":45}},"846":{"start":{"line":847,"column":0},"end":{"line":847,"column":87}},"847":{"start":{"line":848,"column":0},"end":{"line":848,"column":58}},"848":{"start":{"line":849,"column":0},"end":{"line":849,"column":24}},"849":{"start":{"line":850,"column":0},"end":{"line":850,"column":54}},"850":{"start":{"line":851,"column":0},"end":{"line":851,"column":33}},"851":{"start":{"line":852,"column":0},"end":{"line":852,"column":24}},"852":{"start":{"line":853,"column":0},"end":{"line":853,"column":22}},"853":{"start":{"line":854,"column":0},"end":{"line":854,"column":20}},"854":{"start":{"line":855,"column":0},"end":{"line":855,"column":14}},"855":{"start":{"line":856,"column":0},"end":{"line":856,"column":16}},"856":{"start":{"line":857,"column":0},"end":{"line":857,"column":10}},"857":{"start":{"line":858,"column":0},"end":{"line":858,"column":63}},"858":{"start":{"line":859,"column":0},"end":{"line":859,"column":17}},"859":{"start":{"line":860,"column":0},"end":{"line":860,"column":70}},"860":{"start":{"line":861,"column":0},"end":{"line":861,"column":41}},"861":{"start":{"line":862,"column":0},"end":{"line":862,"column":61}},"862":{"start":{"line":863,"column":0},"end":{"line":863,"column":74}},"863":{"start":{"line":864,"column":0},"end":{"line":864,"column":65}},"864":{"start":{"line":865,"column":0},"end":{"line":865,"column":22}},"865":{"start":{"line":866,"column":0},"end":{"line":866,"column":61}},"866":{"start":{"line":867,"column":0},"end":{"line":867,"column":73}},"867":{"start":{"line":868,"column":0},"end":{"line":868,"column":64}},"868":{"start":{"line":869,"column":0},"end":{"line":869,"column":22}},"869":{"start":{"line":870,"column":0},"end":{"line":870,"column":20}},"870":{"start":{"line":871,"column":0},"end":{"line":871,"column":18}},"871":{"start":{"line":872,"column":0},"end":{"line":872,"column":17}},"872":{"start":{"line":873,"column":0},"end":{"line":873,"column":72}},"873":{"start":{"line":874,"column":0},"end":{"line":874,"column":41}},"874":{"start":{"line":875,"column":0},"end":{"line":875,"column":61}},"875":{"start":{"line":876,"column":0},"end":{"line":876,"column":93}},"876":{"start":{"line":877,"column":0},"end":{"line":877,"column":70}},"877":{"start":{"line":878,"column":0},"end":{"line":878,"column":22}},"878":{"start":{"line":879,"column":0},"end":{"line":879,"column":61}},"879":{"start":{"line":880,"column":0},"end":{"line":880,"column":93}},"880":{"start":{"line":881,"column":0},"end":{"line":881,"column":71}},"881":{"start":{"line":882,"column":0},"end":{"line":882,"column":22}},"882":{"start":{"line":883,"column":0},"end":{"line":883,"column":61}},"883":{"start":{"line":884,"column":0},"end":{"line":884,"column":90}},"884":{"start":{"line":885,"column":0},"end":{"line":885,"column":66}},"885":{"start":{"line":886,"column":0},"end":{"line":886,"column":22}},"886":{"start":{"line":887,"column":0},"end":{"line":887,"column":61}},"887":{"start":{"line":888,"column":0},"end":{"line":888,"column":93}},"888":{"start":{"line":889,"column":0},"end":{"line":889,"column":73}},"889":{"start":{"line":890,"column":0},"end":{"line":890,"column":22}},"890":{"start":{"line":891,"column":0},"end":{"line":891,"column":20}},"891":{"start":{"line":892,"column":0},"end":{"line":892,"column":18}},"892":{"start":{"line":893,"column":0},"end":{"line":893,"column":16}},"893":{"start":{"line":894,"column":0},"end":{"line":894,"column":10}},"894":{"start":{"line":895,"column":0},"end":{"line":895,"column":66}},"895":{"start":{"line":896,"column":0},"end":{"line":896,"column":70}},"896":{"start":{"line":897,"column":0},"end":{"line":897,"column":16}},"897":{"start":{"line":898,"column":0},"end":{"line":898,"column":10}},"898":{"start":{"line":899,"column":0},"end":{"line":899,"column":59}},"899":{"start":{"line":900,"column":0},"end":{"line":900,"column":84}},"900":{"start":{"line":901,"column":0},"end":{"line":901,"column":60}},"901":{"start":{"line":902,"column":0},"end":{"line":902,"column":59}},"902":{"start":{"line":903,"column":0},"end":{"line":903,"column":63}},"903":{"start":{"line":904,"column":0},"end":{"line":904,"column":65}},"904":{"start":{"line":905,"column":0},"end":{"line":905,"column":20}},"905":{"start":{"line":906,"column":0},"end":{"line":906,"column":59}},"906":{"start":{"line":907,"column":0},"end":{"line":907,"column":71}},"907":{"start":{"line":908,"column":0},"end":{"line":908,"column":62}},"908":{"start":{"line":909,"column":0},"end":{"line":909,"column":20}},"909":{"start":{"line":910,"column":0},"end":{"line":910,"column":59}},"910":{"start":{"line":911,"column":0},"end":{"line":911,"column":61}},"911":{"start":{"line":912,"column":0},"end":{"line":912,"column":63}},"912":{"start":{"line":913,"column":0},"end":{"line":913,"column":20}},"913":{"start":{"line":914,"column":0},"end":{"line":914,"column":18}},"914":{"start":{"line":915,"column":0},"end":{"line":915,"column":56}},"915":{"start":{"line":916,"column":0},"end":{"line":916,"column":48}},"916":{"start":{"line":917,"column":0},"end":{"line":917,"column":18}},"917":{"start":{"line":918,"column":0},"end":{"line":918,"column":16}},"918":{"start":{"line":919,"column":0},"end":{"line":919,"column":14}},"919":{"start":{"line":920,"column":0},"end":{"line":920,"column":0}},"920":{"start":{"line":921,"column":0},"end":{"line":921,"column":68}},"921":{"start":{"line":922,"column":0},"end":{"line":922,"column":15}},"922":{"start":{"line":923,"column":0},"end":{"line":923,"column":79}},"923":{"start":{"line":924,"column":0},"end":{"line":924,"column":39}},"924":{"start":{"line":925,"column":0},"end":{"line":925,"column":42}},"925":{"start":{"line":926,"column":0},"end":{"line":926,"column":69}},"926":{"start":{"line":927,"column":0},"end":{"line":927,"column":37}},"927":{"start":{"line":928,"column":0},"end":{"line":928,"column":66}},"928":{"start":{"line":929,"column":0},"end":{"line":929,"column":26}},"929":{"start":{"line":930,"column":0},"end":{"line":930,"column":116}},"930":{"start":{"line":931,"column":0},"end":{"line":931,"column":73}},"931":{"start":{"line":932,"column":0},"end":{"line":932,"column":29}},"932":{"start":{"line":933,"column":0},"end":{"line":933,"column":71}},"933":{"start":{"line":934,"column":0},"end":{"line":934,"column":58}},"934":{"start":{"line":935,"column":0},"end":{"line":935,"column":32}},"935":{"start":{"line":936,"column":0},"end":{"line":936,"column":65}},"936":{"start":{"line":937,"column":0},"end":{"line":937,"column":84}},"937":{"start":{"line":938,"column":0},"end":{"line":938,"column":32}},"938":{"start":{"line":939,"column":0},"end":{"line":939,"column":30}},"939":{"start":{"line":940,"column":0},"end":{"line":940,"column":52}},"940":{"start":{"line":941,"column":0},"end":{"line":941,"column":73}},"941":{"start":{"line":942,"column":0},"end":{"line":942,"column":71}},"942":{"start":{"line":943,"column":0},"end":{"line":943,"column":74}},"943":{"start":{"line":944,"column":0},"end":{"line":944,"column":35}},"944":{"start":{"line":945,"column":0},"end":{"line":945,"column":86}},"945":{"start":{"line":946,"column":0},"end":{"line":946,"column":72}},"946":{"start":{"line":947,"column":0},"end":{"line":947,"column":86}},"947":{"start":{"line":948,"column":0},"end":{"line":948,"column":35}},"948":{"start":{"line":949,"column":0},"end":{"line":949,"column":71}},"949":{"start":{"line":950,"column":0},"end":{"line":950,"column":37}},"950":{"start":{"line":951,"column":0},"end":{"line":951,"column":34}},"951":{"start":{"line":952,"column":0},"end":{"line":952,"column":92}},"952":{"start":{"line":953,"column":0},"end":{"line":953,"column":32}},"953":{"start":{"line":954,"column":0},"end":{"line":954,"column":30}},"954":{"start":{"line":955,"column":0},"end":{"line":955,"column":28}},"955":{"start":{"line":956,"column":0},"end":{"line":956,"column":26}},"956":{"start":{"line":957,"column":0},"end":{"line":957,"column":20}},"957":{"start":{"line":958,"column":0},"end":{"line":958,"column":19}},"958":{"start":{"line":959,"column":0},"end":{"line":959,"column":18}},"959":{"start":{"line":960,"column":0},"end":{"line":960,"column":16}},"960":{"start":{"line":961,"column":0},"end":{"line":961,"column":10}},"961":{"start":{"line":962,"column":0},"end":{"line":962,"column":15}},"962":{"start":{"line":963,"column":0},"end":{"line":963,"column":78}},"963":{"start":{"line":964,"column":0},"end":{"line":964,"column":39}},"964":{"start":{"line":965,"column":0},"end":{"line":965,"column":42}},"965":{"start":{"line":966,"column":0},"end":{"line":966,"column":70}},"966":{"start":{"line":967,"column":0},"end":{"line":967,"column":37}},"967":{"start":{"line":968,"column":0},"end":{"line":968,"column":66}},"968":{"start":{"line":969,"column":0},"end":{"line":969,"column":26}},"969":{"start":{"line":970,"column":0},"end":{"line":970,"column":114}},"970":{"start":{"line":971,"column":0},"end":{"line":971,"column":73}},"971":{"start":{"line":972,"column":0},"end":{"line":972,"column":29}},"972":{"start":{"line":973,"column":0},"end":{"line":973,"column":70}},"973":{"start":{"line":974,"column":0},"end":{"line":974,"column":58}},"974":{"start":{"line":975,"column":0},"end":{"line":975,"column":32}},"975":{"start":{"line":976,"column":0},"end":{"line":976,"column":64}},"976":{"start":{"line":977,"column":0},"end":{"line":977,"column":84}},"977":{"start":{"line":978,"column":0},"end":{"line":978,"column":32}},"978":{"start":{"line":979,"column":0},"end":{"line":979,"column":30}},"979":{"start":{"line":980,"column":0},"end":{"line":980,"column":52}},"980":{"start":{"line":981,"column":0},"end":{"line":981,"column":73}},"981":{"start":{"line":982,"column":0},"end":{"line":982,"column":71}},"982":{"start":{"line":983,"column":0},"end":{"line":983,"column":74}},"983":{"start":{"line":984,"column":0},"end":{"line":984,"column":35}},"984":{"start":{"line":985,"column":0},"end":{"line":985,"column":86}},"985":{"start":{"line":986,"column":0},"end":{"line":986,"column":72}},"986":{"start":{"line":987,"column":0},"end":{"line":987,"column":86}},"987":{"start":{"line":988,"column":0},"end":{"line":988,"column":35}},"988":{"start":{"line":989,"column":0},"end":{"line":989,"column":71}},"989":{"start":{"line":990,"column":0},"end":{"line":990,"column":37}},"990":{"start":{"line":991,"column":0},"end":{"line":991,"column":34}},"991":{"start":{"line":992,"column":0},"end":{"line":992,"column":92}},"992":{"start":{"line":993,"column":0},"end":{"line":993,"column":32}},"993":{"start":{"line":994,"column":0},"end":{"line":994,"column":30}},"994":{"start":{"line":995,"column":0},"end":{"line":995,"column":28}},"995":{"start":{"line":996,"column":0},"end":{"line":996,"column":26}},"996":{"start":{"line":997,"column":0},"end":{"line":997,"column":20}},"997":{"start":{"line":998,"column":0},"end":{"line":998,"column":19}},"998":{"start":{"line":999,"column":0},"end":{"line":999,"column":18}},"999":{"start":{"line":1000,"column":0},"end":{"line":1000,"column":16}},"1000":{"start":{"line":1001,"column":0},"end":{"line":1001,"column":14}},"1001":{"start":{"line":1002,"column":0},"end":{"line":1002,"column":12}},"1002":{"start":{"line":1003,"column":0},"end":{"line":1003,"column":0}},"1003":{"start":{"line":1004,"column":0},"end":{"line":1004,"column":55}},"1004":{"start":{"line":1005,"column":0},"end":{"line":1005,"column":79}},"1005":{"start":{"line":1006,"column":0},"end":{"line":1006,"column":87}},"1006":{"start":{"line":1007,"column":0},"end":{"line":1007,"column":66}},"1007":{"start":{"line":1008,"column":0},"end":{"line":1008,"column":86}},"1008":{"start":{"line":1009,"column":0},"end":{"line":1009,"column":41}},"1009":{"start":{"line":1010,"column":0},"end":{"line":1010,"column":62}},"1010":{"start":{"line":1011,"column":0},"end":{"line":1011,"column":61}},"1011":{"start":{"line":1012,"column":0},"end":{"line":1012,"column":64}},"1012":{"start":{"line":1013,"column":0},"end":{"line":1013,"column":31}},"1013":{"start":{"line":1014,"column":0},"end":{"line":1014,"column":18}},"1014":{"start":{"line":1015,"column":0},"end":{"line":1015,"column":71}},"1015":{"start":{"line":1016,"column":0},"end":{"line":1016,"column":69}},"1016":{"start":{"line":1017,"column":0},"end":{"line":1017,"column":23}},"1017":{"start":{"line":1018,"column":0},"end":{"line":1018,"column":38}},"1018":{"start":{"line":1019,"column":0},"end":{"line":1019,"column":93}},"1019":{"start":{"line":1020,"column":0},"end":{"line":1020,"column":18}},"1020":{"start":{"line":1021,"column":0},"end":{"line":1021,"column":34}},"1021":{"start":{"line":1022,"column":0},"end":{"line":1022,"column":20}},"1022":{"start":{"line":1023,"column":0},"end":{"line":1023,"column":18}},"1023":{"start":{"line":1024,"column":0},"end":{"line":1024,"column":13}},"1024":{"start":{"line":1025,"column":0},"end":{"line":1025,"column":14}},"1025":{"start":{"line":1026,"column":0},"end":{"line":1026,"column":12}},"1026":{"start":{"line":1027,"column":0},"end":{"line":1027,"column":10}},"1027":{"start":{"line":1028,"column":0},"end":{"line":1028,"column":4}},"1028":{"start":{"line":1029,"column":0},"end":{"line":1029,"column":1}}},"s":{"0":0,"1":0,"2":0,"3":0,"4":0,"5":0,"6":0,"7":0,"8":0,"9":0,"10":0,"11":0,"12":0,"13":0,"14":0,"15":0,"16":0,"17":0,"18":0,"19":0,"20":0,"21":0,"22":0,"23":0,"24":0,"25":0,"26":0,"27":0,"28":0,"29":0,"30":0,"31":0,"32":0,"33":0,"34":0,"35":0,"36":0,"37":0,"38":0,"39":0,"40":0,"41":0,"42":0,"43":0,"44":0,"45":0,"46":0,"47":0,"48":0,"49":0,"50":0,"51":0,"52":0,"53":0,"54":0,"55":0,"56":0,"57":0,"58":0,"59":0,"60":0,"61":0,"62":0,"63":0,"64":0,"65":0,"66":0,"67":0,"68":0,"69":0,"70":0,"71":0,"72":0,"73":0,"74":0,"75":0,"76":0,"77":0,"78":0,"79":0,"80":0,"81":0,"82":0,"83":0,"84":0,"85":0,"86":0,"87":0,"88":0,"89":0,"90":0,"91":0,"92":0,"93":0,"94":0,"95":0,"96":0,"97":0,"98":0,"99":0,"100":0,"101":0,"102":0,"103":0,"104":0,"105":0,"106":0,"107":0,"108":0,"109":0,"110":0,"111":0,"112":0,"113":0,"114":0,"115":0,"116":0,"117":0,"118":0,"119":0,"120":0,"121":0,"122":0,"123":0,"124":0,"125":0,"126":0,"127":0,"128":0,"129":0,"130":0,"131":0,"132":0,"133":0,"134":0,"135":0,"136":0,"137":0,"138":0,"139":0,"140":0,"141":0,"142":0,"143":0,"144":0,"145":0,"146":0,"147":0,"148":0,"149":0,"150":0,"151":0,"152":0,"153":0,"154":0,"155":0,"156":0,"157":0,"158":0,"159":0,"160":0,"161":0,"162":0,"163":0,"164":0,"165":0,"166":0,"167":0,"168":0,"169":0,"170":0,"171":0,"172":0,"173":0,"174":0,"175":0,"176":0,"177":0,"178":0,"179":0,"180":0,"181":0,"182":0,"183":0,"184":0,"185":0,"186":0,"187":0,"188":0,"189":0,"190":0,"191":0,"192":0,"193":0,"194":0,"195":0,"196":0,"197":0,"198":0,"199":0,"200":0,"201":0,"202":0,"203":0,"204":0,"205":0,"206":0,"207":0,"208":0,"209":0,"210":0,"211":0,"212":0,"213":0,"214":0,"215":0,"216":0,"217":0,"218":0,"219":0,"220":0,"221":0,"222":0,"223":0,"224":0,"225":0,"226":0,"227":0,"228":0,"229":0,"230":0,"231":0,"232":0,"233":0,"234":0,"235":0,"236":0,"237":0,"238":0,"239":0,"240":0,"241":0,"242":0,"243":0,"244":0,"245":0,"246":0,"247":0,"248":0,"249":0,"250":0,"251":0,"252":0,"253":0,"254":0,"255":0,"256":0,"257":0,"258":0,"259":0,"260":0,"261":0,"262":0,"263":0,"264":0,"265":0,"266":0,"267":0,"268":0,"269":0,"270":0,"271":0,"272":0,"273":0,"274":0,"275":0,"276":0,"277":0,"278":0,"279":0,"280":0,"281":0,"282":0,"283":0,"284":0,"285":0,"286":0,"287":0,"288":0,"289":0,"290":0,"291":0,"292":0,"293":0,"294":0,"295":0,"296":0,"297":0,"298":0,"299":0,"300":0,"301":0,"302":0,"303":0,"304":0,"305":0,"306":0,"307":0,"308":0,"309":0,"310":0,"311":0,"312":0,"313":0,"314":0,"315":0,"316":0,"317":0,"318":0,"319":0,"320":0,"321":0,"322":0,"323":0,"324":0,"325":0,"326":0,"327":0,"328":0,"329":0,"330":0,"331":0,"332":0,"333":0,"334":0,"335":0,"336":0,"337":0,"338":0,"339":0,"340":0,"341":0,"342":0,"343":0,"344":0,"345":0,"346":0,"347":0,"348":0,"349":0,"350":0,"351":0,"352":0,"353":0,"354":0,"355":0,"356":0,"357":0,"358":0,"359":0,"360":0,"361":0,"362":0,"363":0,"364":0,"365":0,"366":0,"367":0,"368":0,"369":0,"370":0,"371":0,"372":0,"373":0,"374":0,"375":0,"376":0,"377":0,"378":0,"379":0,"380":0,"381":0,"382":0,"383":0,"384":0,"385":0,"386":0,"387":0,"388":0,"389":0,"390":0,"391":0,"392":0,"393":0,"394":0,"395":0,"396":0,"397":0,"398":0,"399":0,"400":0,"401":0,"402":0,"403":0,"404":0,"405":0,"406":0,"407":0,"408":0,"409":0,"410":0,"411":0,"412":0,"413":0,"414":0,"415":0,"416":0,"417":0,"418":0,"419":0,"420":0,"421":0,"422":0,"423":0,"424":0,"425":0,"426":0,"427":0,"428":0,"429":0,"430":
[...]
column":0},"end":{"line":19,"column":39}},"19":{"start":{"line":20,"column":0},"end":{"line":20,"column":5}},"20":{"start":{"line":21,"column":0},"end":{"line":21,"column":0}},"21":{"start":{"line":22,"column":0},"end":{"line":22,"column":36}},"22":{"start":{"line":23,"column":0},"end":{"line":23,"column":19}},"23":{"start":{"line":24,"column":0},"end":{"line":24,"column":45}},"24":{"start":{"line":25,"column":0},"end":{"line":25,"column":11}},"25":{"start":{"line":26,"column":0},"end":{"line":26,"column":34}},"26":{"start":{"line":27,"column":0},"end":{"line":27,"column":27}},"27":{"start":{"line":28,"column":0},"end":{"line":28,"column":0}},"28":{"start":{"line":29,"column":0},"end":{"line":29,"column":55}},"29":{"start":{"line":30,"column":0},"end":{"line":30,"column":47}},"30":{"start":{"line":31,"column":0},"end":{"line":31,"column":11}},"31":{"start":{"line":32,"column":0},"end":{"line":32,"column":0}},"32":{"start":{"line":33,"column":0},"end":{"line":33,"column":54}},"33":{"start":{"line":34,"column":0},"end":{"line":34,"column":46}},"34":{"start":{"line":35,"column":0},"end":{"line":35,"column":11}},"35":{"start":{"line":36,"column":0},"end":{"line":36,"column":0}},"36":{"start":{"line":37,"column":0},"end":{"line":37,"column":56}},"37":{"start":{"line":38,"column":0},"end":{"line":38,"column":48}},"38":{"start":{"line":39,"column":0},"end":{"line":39,"column":11}},"39":{"start":{"line":40,"column":0},"end":{"line":40,"column":0}},"40":{"start":{"line":41,"column":0},"end":{"line":41,"column":23}},"41":{"start":{"line":42,"column":0},"end":{"line":42,"column":68}},"42":{"start":{"line":43,"column":0},"end":{"line":43,"column":28}},"43":{"start":{"line":44,"column":0},"end":{"line":44,"column":7}},"44":{"start":{"line":45,"column":0},"end":{"line":45,"column":6}},"45":{"start":{"line":46,"column":0},"end":{"line":46,"column":0}},"46":{"start":{"line":47,"column":0},"end":{"line":47,"column":26}},"47":{"start":{"line":48,"column":0},"end":{"line":48,"column":0}},"48":{"start":{"line":49,"column":0},"end":{"line":49,"column":18}},"49":{"start":{"line":50,"column":0},"end":{"line":50,"column":29}},"50":{"start":{"line":51,"column":0},"end":{"line":51,"column":6}},"51":{"start":{"line":52,"column":0},"end":{"line":52,"column":21}},"52":{"start":{"line":53,"column":0},"end":{"line":53,"column":0}},"53":{"start":{"line":54,"column":0},"end":{"line":54,"column":36}},"54":{"start":{"line":55,"column":0},"end":{"line":55,"column":19}},"55":{"start":{"line":56,"column":0},"end":{"line":56,"column":34}},"56":{"start":{"line":57,"column":0},"end":{"line":57,"column":26}},"57":{"start":{"line":58,"column":0},"end":{"line":58,"column":0}},"58":{"start":{"line":59,"column":0},"end":{"line":59,"column":19}},"59":{"start":{"line":60,"column":0},"end":{"line":60,"column":31}},"60":{"start":{"line":61,"column":0},"end":{"line":61,"column":24}},"61":{"start":{"line":62,"column":0},"end":{"line":62,"column":0}},"62":{"start":{"line":63,"column":0},"end":{"line":63,"column":43}},"63":{"start":{"line":64,"column":0},"end":{"line":64,"column":0}},"64":{"start":{"line":65,"column":0},"end":{"line":65,"column":10}},"65":{"start":{"line":66,"column":0},"end":{"line":66,"column":86}},"66":{"start":{"line":67,"column":0},"end":{"line":67,"column":34}},"67":{"start":{"line":68,"column":0},"end":{"line":68,"column":39}},"68":{"start":{"line":69,"column":0},"end":{"line":69,"column":6}},"69":{"start":{"line":70,"column":0},"end":{"line":70,"column":38}},"70":{"start":{"line":71,"column":0},"end":{"line":71,"column":33}},"71":{"start":{"line":72,"column":0},"end":{"line":72,"column":124}},"72":{"start":{"line":73,"column":0},"end":{"line":73,"column":44}},"73":{"start":{"line":74,"column":0},"end":{"line":74,"column":14}},"74":{"start":{"line":75,"column":0},"end":{"line":75,"column":124}},"75":{"start":{"line":76,"column":0},"end":{"line":76,"column":44}},"76":{"start":{"line":77,"column":0},"end":{"line":77,"column":14}},"77":{"start":{"line":78,"column":0},"end":{"line":78,"column":124}},"78":{"start":{"line":79,"column":0},"end":{"line":79,"column":44}},"79":{"start":{"line":80,"column":0},"end":{"line":80,"column":14}},"80":{"start":{"line":81,"column":0},"end":{"line":81,"column":124}},"81":{"start":{"line":82,"column":0},"end":{"line":82,"column":44}},"82":{"start":{"line":83,"column":0},"end":{"line":83,"column":14}},"83":{"start":{"line":84,"column":0},"end":{"line":84,"column":124}},"84":{"start":{"line":85,"column":0},"end":{"line":85,"column":44}},"85":{"start":{"line":86,"column":0},"end":{"line":86,"column":14}},"86":{"start":{"line":87,"column":0},"end":{"line":87,"column":12}},"87":{"start":{"line":88,"column":0},"end":{"line":88,"column":0}},"88":{"start":{"line":89,"column":0},"end":{"line":89,"column":19}},"89":{"start":{"line":90,"column":0},"end":{"line":90,"column":10}},"90":{"start":{"line":91,"column":0},"end":{"line":91,"column":4}},"91":{"start":{"line":92,"column":0},"end":{"line":92,"column":1}}},"s":{"0":0,"1":0,"2":0,"3":0,"4":0,"5":0,"6":0,"7":0,"8":0,"9":0,"10":0,"11":0,"12":0,"13":0,"14":0,"15":0,"16":0,"17":0,"18":0,"19":0,"20":0,"21":0,"22":0,"23":0,"24":0,"25":0,"26":0,"27":0,"28":0,"29":0,"30":0,"31":0,"32":0,"33":0,"34":0,"35":0,"36":0,"37":0,"38":0,"39":0,"40":0,"41":0,"42":0,"43":0,"44":0,"45":0,"46":0,"47":0,"48":0,"49":0,"50":0,"51":0,"52":0,"53":0,"54":0,"55":0,"56":0,"57":0,"58":0,"59":0,"60":0,"61":0,"62":0,"63":0,"64":0,"65":0,"66":0,"67":0,"68":0,"69":0,"70":0,"71":0,"72":0,"73":0,"74":0,"75":0,"76":0,"77":0,"78":0,"79":0,"80":0,"81":0,"82":0,"83":0,"84":0,"85":0,"86":0,"87":0,"88":0,"89":0,"90":0,"91":0},"branchMap":{"0":{"type":"branch","line":1,"loc":{"start":{"line":1,"column":0},"end":{"line":92,"column":-850}},"locations":[{"start":{"line":1,"column":0},"end":{"line":92,"column":-850}}]}},"b":{"0":[0]},"fnMap":{"0":{"name":"(empty-report)","decl":{"start":{"line":1,"column":0},"end":{"line":92,"column":-850}},"loc":{"start":{"line":1,"column":0},"end":{"line":92,"column":-850}},"line":1}},"f":{"0":0}}
,"C:\\Users\\CATZE\\Desktop\\Development\\Web\\TMA-Manager\\client\\src\\pages\\not-found.tsx": {"path":"C:\\Users\\CATZE\\Desktop\\Development\\Web\\TMA-Manager\\client\\src\\pages\\not-found.tsx","all":true,"statementMap":{"0":{"start":{"line":1,"column":0},"end":{"line":1,"column":57}},"1":{"start":{"line":2,"column":0},"end":{"line":2,"column":43}},"2":{"start":{"line":3,"column":0},"end":{"line":3,"column":0}},"3":{"start":{"line":4,"column":0},"end":{"line":4,"column":36}},"4":{"start":{"line":5,"column":0},"end":{"line":5,"column":10}},"5":{"start":{"line":6,"column":0},"end":{"line":6,"column":85}},"6":{"start":{"line":7,"column":0},"end":{"line":7,"column":45}},"7":{"start":{"line":8,"column":0},"end":{"line":8,"column":38}},"8":{"start":{"line":9,"column":0},"end":{"line":9,"column":43}},"9":{"start":{"line":10,"column":0},"end":{"line":10,"column":60}},"10":{"start":{"line":11,"column":0},"end":{"line":11,"column":84}},"11":{"start":{"line":12,"column":0},"end":{"line":12,"column":16}},"12":{"start":{"line":13,"column":0},"end":{"line":13,"column":0}},"13":{"start":{"line":14,"column":0},"end":{"line":14,"column":52}},"14":{"start":{"line":15,"column":0},"end":{"line":15,"column":57}},"15":{"start":{"line":16,"column":0},"end":{"line":16,"column":14}},"16":{"start":{"line":17,"column":0},"end":{"line":17,"column":22}},"17":{"start":{"line":18,"column":0},"end":{"line":18,"column":13}},"18":{"start":{"line":19,"column":0},"end":{"line":19,"column":10}},"19":{"start":{"line":20,"column":0},"end":{"line":20,"column":4}},"20":{"start":{"line":21,"column":0},"end":{"line":21,"column":1}}},"s":{"0":0,"1":0,"2":0,"3":0,"4":0,"5":0,"6":0,"7":0,"8":0,"9":0,"10":0,"11":0,"12":0,"13":0,"14":0,"15":0,"16":0,"17":0,"18":0,"19":0,"20":0},"branchMap":{"0":{"type":"branch","line":1,"loc":{"start":{"line":1,"column":0},"end":{"line":21,"column":-408}},"locations":[{"start":{"line":1,"column":0},"end":{"line":21,"column":-408}}]}},"b":{"0":[0]},"fnMap":{"0":{"name":"(empty-report)","decl":{"start":{"line":1,"column":0},"end":{"line":21,"column":-408}},"loc":{"start":{"line":1,"column":0},"end":{"line":21,"column":-408}},"line":1}},"f":{"0":0}}
,"C:\\Users\\CATZE\\Desktop\\Development\\Web\\TMA-Manager\\client\\src\\presentation\\CanvasRenderer.tsx": {"path":"C:\\Users\\CATZE\\Desktop\\Development\\Web\\TMA-Manager\\client\\src\\presentation\\CanvasRenderer.tsx","all":true,"statementMap":{"0":{"start":{"line":1,"column":0},"end":{"line":1,"column":26}},"1":{"start":{"line":2,"column":0},"end":{"line":2,"column":0}},"2":{"start":{"line":3,"column":0},"end":{"line":3,"column":69}},"3":{"start":{"line":4,"column":0},"end":{"line":4,"column":87}},"4":{"start":{"line":5,"column":0},"end":{"line":5,"column":82}},"5":{"start":{"line":6,"column":0},"end":{"line":6,"column":85}},"6":{"start":{"line":7,"column":0},"end":{"line":7,"column":40}},"7":{"start":{"line":8,"column":0},"end":{"line":8,"column":0}},"8":{"start":{"line":9,"column":0},"end":{"line":9,"column":76}},"9":{"start":{"line":10,"column":0},"end":{"line":10,"column":45}},"10":{"start":{"line":11,"column":0},"end":{"line":11,"column":2}},"11":{"start":{"line":12,"column":0},"end":{"line":12,"column":0}},"12":{"start":{"line":13,"column":0},"end":{"line":13,"column":81}},"13":{"start":{"line":14,"column":0},"end":{"line":14,"column":10}},"14":{"start":{"line":15,"column":0},"end":{"line":15,"column":11}},"15":{"start":{"line":16,"column":0},"end":{"line":16,"column":62}},"16":{"start":{"line":17,"column":0},"end":{"line":17,"column":15}},"17":{"start":{"line":18,"column":0},"end":{"line":18,"column":6}},"18":{"start":{"line":19,"column":0},"end":{"line":19,"column":4}},"19":{"start":{"line":20,"column":0},"end":{"line":20,"column":1}},"20":{"start":{"line":21,"column":0},"end":{"line":21,"column":0}},"21":{"start":{"line":22,"column":0},"end":{"line":22,"column":3}},"22":{"start":{"line":23,"column":0},"end":{"line":23,"column":78}},"23":{"start":{"line":24,"column":0},"end":{"line":24,"column":75}},"24":{"start":{"line":25,"column":0},"end":{"line":25,"column":79}},"25":{"start":{"line":26,"column":0},"end":{"line":26,"column":21}},"26":{"start":{"line":27,"column":0},"end":{"line":27,"column":3}},"27":{"start":{"line":28,"column":0},"end":{"line":28,"column":143}},"28":{"start":{"line":29,"column":0},"end":{"line":29,"column":66}},"29":{"start":{"line":30,"column":0},"end":{"line":30,"column":3}},"30":{"start":{"line":31,"column":0},"end":{"line":31,"column":0}},"31":{"start":{"line":32,"column":0},"end":{"line":32,"column":30}}},"s":{"0":0,"1":0,"2":0,"3":0,"4":0,"5":0,"6":0,"7":0,"8":0,"9":0,"10":0,"11":0,"12":0,"13":0,"14":0,"15":0,"16":0,"17":0,"18":0,"19":0,"20":0,"21":0,"22":0,"23":0,"24":0,"25":0,"26":0,"27":0,"28":0,"29":0,"30":0,"31":0},"branchMap":{"0":{"type":"branch","line":1,"loc":{"start":{"line":1,"column":1265},"end":{"line":32,"column":30}},"locations":[{"start":{"line":1,"column":1265},"end":{"line":32,"column":30}}]}},"b":{"0":[0]},"fnMap":{"0":{"name":"(empty-report)","decl":{"start":{"line":1,"column":1265},"end":{"line":32,"column":30}},"loc":{"start":{"line":1,"column":1265},"end":{"line":32,"column":30}},"line":1}},"f":{"0":0}}
,"C:\\Users\\CATZE\\Desktop\\Development\\Web\\TMA-Manager\\client\\src\\stores\\battleStore.ts": {"path":"C:\\Users\\CATZE\\Desktop\\Development\\Web\\TMA-Manager\\client\\src\\stores\\battleStore.ts","all":true,"statementMap":{"0":{"start":{"line":1,"column":0},"end":{"line":1,"column":33}},"1":{"start":{"line":2,"column":0},"end":{"line":2,"column":50}},"2":{"start":{"line":3,"column":0},"end":{"line":3,"column":0}},"3":{"start":{"line":4,"column":0},"end":{"line":4,"column":28}},"4":{"start":{"line":5,"column":0},"end":{"line":5,"column":36}},"5":{"start":{"line":6,"column":0},"end":{"line":6,"column":23}},"6":{"start":{"line":7,"column":0},"end":{"line":7,"column":24}},"7":{"start":{"line":8,"column":0},"end":{"line":8,"column":22}},"8":{"start":{"line":9,"column":0},"end":{"line":9,"column":17}},"9":{"start":{"line":10,"column":0},"end":{"line":10,"column":20}},"10":{"start":{"line":11,"column":0},"end":{"line":11,"column":21}},"11":{"start":{"line":12,"column":0},"end":{"line":12,"column":5}},"12":{"start":{"line":13,"column":0},"end":{"line":13,"column":2}},"13":{"start":{"line":14,"column":0},"end":{"line":14,"column":12}},"14":{"start":{"line":15,"column":0},"end":{"line":15,"column":50}},"15":{"start":{"line":16,"column":0},"end":{"line":16,"column":45}},"16":{"start":{"line":17,"column":0},"end":{"line":17,"column":35}},"17":{"start":{"line":18,"column":0},"end":{"line":18,"column":33}},"18":{"start":{"line":19,"column":0},"end":{"line":19,"column":1}},"19":{"start":{"line":20,"column":0},"end":{"line":20,"column":0}},"20":{"start":{"line":21,"column":0},"end":{"line":21,"column":66}},"21":{"start":{"line":22,"column":0},"end":{"line":22,"column":22}},"22":{"start":{"line":23,"column":0},"end":{"line":23,"column":21}},"23":{"start":{"line":24,"column":0},"end":{"line":24,"column":20}},"24":{"start":{"line":25,"column":0},"end":{"line":25,"column":0}},"25":{"start":{"line":26,"column":0},"end":{"line":26,"column":56}},"26":{"start":{"line":27,"column":0},"end":{"line":27,"column":63}},"27":{"start":{"line":28,"column":0},"end":{"line":28,"column":42}},"28":{"start":{"line":29,"column":0},"end":{"line":29,"column":80}},"29":{"start":{"line":30,"column":0},"end":{"line":30,"column":6}},"30":{"start":{"line":31,"column":0},"end":{"line":31,"column":55}},"31":{"start":{"line":32,"column":0},"end":{"line":32,"column":4}}},"s":{"0":0,"1":0,"2":0,"3":0,"4":0,"5":0,"6":0,"7":0,"8":0,"9":0,"10":0,"11":0,"12":0,"13":0,"14":0,"15":0,"16":0,"17":0,"18":0,"19":0,"20":0,"21":0,"22":0,"23":0,"24":0,"25":0,"26":0,"27":0,"28":0,"29":0,"30":0,"31":0},"branchMap":{"0":{"type":"branch","line":1,"loc":{"start":{"line":1,"column":954},"end":{"line":32,"column":4}},"locations":[{"start":{"line":1,"column":954},"end":{"line":32,"column":4}}]}},"b":{"0":[0]},"fnMap":{"0":{"name":"(empty-report)","decl":{"start":{"line":1,"column":954},"end":{"line":32,"column":4}},"loc":{"start":{"line":1,"column":954},"end":{"line":32,"column":4}},"line":1}},"f":{"0":0}}
,"C:\\Users\\CATZE\\Desktop\\Development\\Web\\TMA-Manager\\client\\src\\stores\\gameStore.ts": {"path":"C:\\Users\\CATZE\\Desktop\\Development\\Web\\TMA-Manager\\client\\src\\stores\\gameStore.ts","all":true,"statementMap":{"0":{"start":{"line":1,"column":0},"end":{"line":1,"column":33}},"1":{"start":{"line":2,"column":0},"end":{"line":2,"column":98}},"2":{"start":{"line":3,"column":0},"end":{"line":3,"column":0}},"3":{"start":{"line":4,"column":0},"end":{"line":4,"column":21}},"4":{"start":{"line":5,"column":0},"end":{"line":5,"column":26}},"5":{"start":{"line":6,"column":0},"end":{"line":6,"column":24}},"6":{"start":{"line":7,"column":0},"end":{"line":7,"column":22}},"7":{"start":{"line":8,"column":0},"end":{"line":8,"column":26}},"8":{"start":{"line":9,"column":0},"end":{"line":9,"column":18}},"9":{"start":{"line":10,"column":0},"end":{"line":10,"column":16}},"10":{"start":{"line":11,"column":0},"end":{"line":11,"column":36}},"11":{"start":{"line":12,"column":0},"end":{"line":12,"column":21}},"12":{"start":{"line":13,"column":0},"end":{"line":13,"column":2}},"13":{"start":{"line":14,"column":0},"end":{"line":14,"column":21}},"14":{"start":{"line":15,"column":0},"end":{"line":15,"column":18}},"15":{"start":{"line":16,"column":0},"end":{"line":16,"column":19}},"16":{"start":{"line":17,"column":0},"end":{"line":17,"column":18}},"17":{"start":{"line":18,"column":0},"end":{"line":18,"column":4}},"18":{"start":{"line":19,"column":0},"end":{"line":19,"column":2}},"19":{"start":{"line":20,"column":0},"end":{"line":20,"column":12}},"20":{"start":{"line":21,"column":0},"end":{"line":21,"column":39}},"21":{"start":{"line":22,"column":0},"end":{"line":22,"column":38}},"22":{"start":{"line":23,"column":0},"end":{"line":23,"column":39}},"23":{"start":{"line":24,"column":0},"end":{"line":24,"column":36}},"24":{"start":{"line":25,"column":0},"end":{"line":25,"column":60}},"25":{"start":{"line":26,"column":0},"end":{"line":26,"column":41}},"26":{"start":{"line":27,"column":0},"end":{"line":27,"column":71}},"27":{"start":{"line":28,"column":0},"end":{"line":28,"column":44}},"28":{"start":{"line":29,"column":0},"end":{"line":29,"column":1}},"29":{"start":{"line":30,"column":0},"end":{"line":30,"column":0}},"30":{"start":{"line":31,"column":0},"end":{"line":31,"column":62}},"31":{"start":{"line":32,"column":0},"end":{"line":32,"column":22}},"32":{"start":{"line":33,"column":0},"end":{"line":33,"column":19}},"33":{"start":{"line":34,"column":0},"end":{"line":34,"column":17}},"34":{"start":{"line":35,"column":0},"end":{"line":35,"column":19}},"35":{"start":{"line":36,"column":0},"end":{"line":36,"column":13}},"36":{"start":{"line":37,"column":0},"end":{"line":37,"column":12}},"37":{"start":{"line":38,"column":0},"end":{"line":38,"column":24}},"38":{"start":{"line":39,"column":0},"end":{"line":39,"column":17}},"39":{"start":{"line":40,"column":0},"end":{"line":40,"column":18}},"40":{"start":{"line":41,"column":0},"end":{"line":41,"column":15}},"41":{"start":{"line":42,"column":0},"end":{"line":42,"column":13}},"42":{"start":{"line":43,"column":0},"end":{"line":43,"column":4}},"43":{"start":{"line":44,"column":0},"end":{"line":44,"column":0}},"44":{"start":{"line":45,"column":0},"end":{"line":45,"column":52}},"45":{"start":{"line":46,"column":0},"end":{"line":46,"column":53}},"46":{"start":{"line":47,"column":0},"end":{"line":47,"column":41}},"47":{"start":{"line":48,"column":0},"end":{"line":48,"column":38}},"48":{"start":{"line":49,"column":0},"end":{"line":49,"column":73}},"49":{"start":{"line":50,"column":0},"end":{"line":50,"column":55}},"50":{"start":{"line":51,"column":0},"end":{"line":51,"column":61}},"51":{"start":{"line":52,"column":0},"end":{"line":52,"column":2}},"52":{"start":{"line":53,"column":0},"end":{"line":53,"column":37}},"53":{"start":{"line":54,"column":0},"end":{"line":54,"column":9}},"54":{"start":{"line":55,"column":0},"end":{"line":55,"column":61}},"55":{"start":{"line":56,"column":0},"end":{"line":56,"column":49}},"56":{"start":{"line":57,"column":0},"end":{"line":57,"column":42}},"57":{"start":{"line":58,"column":0},"end":{"line":58,"column":6}},"58":{"start":{"line":59,"column":0},"end":{"line":59,"column":85}},"59":{"start":{"line":60,"column":0},"end":{"line":60,"column":85}},"60":{"start":{"line":61,"column":0},"end":{"line":61,"column":6}},"61":{"start":{"line":62,"column":0},"end":{"line":62,"column":25}},"62":{"start":{"line":63,"column":0},"end":{"line":63,"column":66}},"63":{"start":{"line":64,"column":0},"end":{"line":64,"column":7}},"64":{"start":{"line":65,"column":0},"end":{"line":65,"column":21}},"65":{"start":{"line":66,"column":0},"end":{"line":66,"column":64}},"66":{"start":{"line":67,"column":0},"end":{"line":67,"column":5}},"67":{"start":{"line":68,"column":0},"end":{"line":68,"column":4}},"68":{"start":{"line":69,"column":0},"end":{"line":69,"column":4}}},"s":{"0":0,"1":0,"2":0,"3":0,"4":0,"5":0,"6":0,"7":0,"8":0,"9":0,"10":0,"11":0,"12":0,"13":0,"14":0,"15":0,"16":0,"17":0,"18":0,"19":0,"20":0,"21":0,"22":0,"23":0,"24":0,"25":0,"26":0,"27":0,"28":0,"29":0,"30":0,"31":0,"32":0,"33":0,"34":0,"35":0,"36":0,"37":0,"38":0,"39":0,"40":0,"41":0,"42":0,"43":0,"44":0,"45":0,"46":0,"47":0,"48":0,"49":0,"50":0,"51":0,"52":0,"53":0,"54":0,"55":0,"56":0,"57":0,"58":0,"59":0,"60":0,"61":0,"62":0,"63":0,"64":0,"65":0,"66":0,"67":0,"68":0},"branchMap":{"0":{"type":"branch","line":1,"loc":{"start":{"line":1,"column":2148},"end":{"line":69,"column":4}},"locations":[{"start":{"line":1,"column":2148},"end":{"line":69,"column":4}}]}},"b":{"0":[0]},"fnMap":{"0":{"name":"(empty-report)","decl":{"start":{"line":1,"column":2148},"end":{"line":69,"column":4}},"loc":{"start":{"line":1,"column":2148},"end":{"line":69,"column":4}},"line":1}},"f":{"0":0}}
}
