{"C:\\Users\\CATZE\\Desktop\\Development\\Web\\TMA-Manager\\server\\SQLiteStorage.ts": {"path":"C:\\Users\\CATZE\\Desktop\\Development\\Web\\TMA-Manager\\server\\SQLiteStorage.ts","all":true,"statementMap":{"0":{"start":{"line":1,"column":0},"end":{"line":1,"column":32}},"1":{"start":{"line":2,"column":0},"end":{"line":2,"column":51}},"2":{"start":{"line":3,"column":0},"end":{"line":3,"column":8}},"3":{"start":{"line":4,"column":0},"end":{"line":4,"column":8}},"4":{"start":{"line":5,"column":0},"end":{"line":5,"column":9}},"5":{"start":{"line":6,"column":0},"end":{"line":6,"column":8}},"6":{"start":{"line":7,"column":0},"end":{"line":7,"column":8}},"7":{"start":{"line":8,"column":0},"end":{"line":8,"column":10}},"8":{"start":{"line":9,"column":0},"end":{"line":9,"column":13}},"9":{"start":{"line":10,"column":0},"end":{"line":10,"column":12}},"10":{"start":{"line":11,"column":0},"end":{"line":11,"column":18}},"11":{"start":{"line":12,"column":0},"end":{"line":12,"column":13}},"12":{"start":{"line":13,"column":0},"end":{"line":13,"column":19}},"13":{"start":{"line":14,"column":0},"end":{"line":14,"column":12}},"14":{"start":{"line":15,"column":0},"end":{"line":15,"column":18}},"15":{"start":{"line":16,"column":0},"end":{"line":16,"column":12}},"16":{"start":{"line":17,"column":0},"end":{"line":17,"column":18}},"17":{"start":{"line":18,"column":0},"end":{"line":18,"column":14}},"18":{"start":{"line":19,"column":0},"end":{"line":19,"column":20}},"19":{"start":{"line":20,"column":0},"end":{"line":20,"column":17}},"20":{"start":{"line":21,"column":0},"end":{"line":21,"column":23}},"21":{"start":{"line":22,"column":0},"end":{"line":22,"column":19}},"22":{"start":{"line":23,"column":0},"end":{"line":23,"column":17}},"23":{"start":{"line":24,"column":0},"end":{"line":24,"column":24}},"24":{"start":{"line":25,"column":0},"end":{"line":25,"column":78}},"25":{"start":{"line":26,"column":0},"end":{"line":26,"column":0}},"26":{"start":{"line":27,"column":0},"end":{"line":27,"column":3}},"27":{"start":{"line":28,"column":0},"end":{"line":28,"column":70}},"28":{"start":{"line":29,"column":0},"end":{"line":29,"column":2}},"29":{"start":{"line":30,"column":0},"end":{"line":30,"column":79}},"30":{"start":{"line":31,"column":0},"end":{"line":31,"column":79}},"31":{"start":{"line":32,"column":0},"end":{"line":32,"column":76}},"32":{"start":{"line":33,"column":0},"end":{"line":33,"column":3}},"33":{"start":{"line":34,"column":0},"end":{"line":34,"column":48}},"34":{"start":{"line":35,"column":0},"end":{"line":35,"column":80}},"35":{"start":{"line":36,"column":0},"end":{"line":36,"column":79}},"36":{"start":{"line":37,"column":0},"end":{"line":37,"column":80}},"37":{"start":{"line":38,"column":0},"end":{"line":38,"column":56}},"38":{"start":{"line":39,"column":0},"end":{"line":39,"column":73}},"39":{"start":{"line":40,"column":0},"end":{"line":40,"column":21}},"40":{"start":{"line":41,"column":0},"end":{"line":41,"column":3}},"41":{"start":{"line":42,"column":0},"end":{"line":42,"column":0}},"42":{"start":{"line":43,"column":0},"end":{"line":43,"column":72}},"43":{"start":{"line":44,"column":0},"end":{"line":44,"column":85}},"44":{"start":{"line":45,"column":0},"end":{"line":45,"column":21}},"45":{"start":{"line":46,"column":0},"end":{"line":46,"column":3}},"46":{"start":{"line":47,"column":0},"end":{"line":47,"column":0}},"47":{"start":{"line":48,"column":0},"end":{"line":48,"column":59}},"48":{"start":{"line":49,"column":0},"end":{"line":49,"column":76}},"49":{"start":{"line":50,"column":0},"end":{"line":50,"column":19}},"50":{"start":{"line":51,"column":0},"end":{"line":51,"column":3}},"51":{"start":{"line":52,"column":0},"end":{"line":52,"column":0}},"52":{"start":{"line":53,"column":0},"end":{"line":53,"column":80}},"53":{"start":{"line":54,"column":0},"end":{"line":54,"column":79}},"54":{"start":{"line":55,"column":0},"end":{"line":55,"column":80}},"55":{"start":{"line":56,"column":0},"end":{"line":56,"column":42}},"56":{"start":{"line":57,"column":0},"end":{"line":57,"column":36}},"57":{"start":{"line":58,"column":0},"end":{"line":58,"column":3}},"58":{"start":{"line":59,"column":0},"end":{"line":59,"column":0}},"59":{"start":{"line":60,"column":0},"end":{"line":60,"column":58}},"60":{"start":{"line":61,"column":0},"end":{"line":61,"column":75}},"61":{"start":{"line":62,"column":0},"end":{"line":62,"column":21}},"62":{"start":{"line":63,"column":0},"end":{"line":63,"column":3}},"63":{"start":{"line":64,"column":0},"end":{"line":64,"column":0}},"64":{"start":{"line":65,"column":0},"end":{"line":65,"column":57}},"65":{"start":{"line":66,"column":0},"end":{"line":66,"column":72}},"66":{"start":{"line":67,"column":0},"end":{"line":67,"column":19}},"67":{"start":{"line":68,"column":0},"end":{"line":68,"column":3}},"68":{"start":{"line":69,"column":0},"end":{"line":69,"column":0}},"69":{"start":{"line":70,"column":0},"end":{"line":70,"column":86}},"70":{"start":{"line":71,"column":0},"end":{"line":71,"column":30}},"71":{"start":{"line":72,"column":0},"end":{"line":72,"column":21}},"72":{"start":{"line":73,"column":0},"end":{"line":73,"column":19}},"73":{"start":{"line":74,"column":0},"end":{"line":74,"column":31}},"74":{"start":{"line":75,"column":0},"end":{"line":75,"column":19}},"75":{"start":{"line":76,"column":0},"end":{"line":76,"column":19}},"76":{"start":{"line":77,"column":0},"end":{"line":77,"column":3}},"77":{"start":{"line":78,"column":0},"end":{"line":78,"column":0}},"78":{"start":{"line":79,"column":0},"end":{"line":79,"column":45}},"79":{"start":{"line":80,"column":0},"end":{"line":80,"column":69}},"80":{"start":{"line":81,"column":0},"end":{"line":81,"column":3}},"81":{"start":{"line":82,"column":0},"end":{"line":82,"column":0}},"82":{"start":{"line":83,"column":0},"end":{"line":83,"column":80}},"83":{"start":{"line":84,"column":0},"end":{"line":84,"column":79}},"84":{"start":{"line":85,"column":0},"end":{"line":85,"column":80}},"85":{"start":{"line":86,"column":0},"end":{"line":86,"column":40}},"86":{"start":{"line":87,"column":0},"end":{"line":87,"column":35}},"87":{"start":{"line":88,"column":0},"end":{"line":88,"column":3}},"88":{"start":{"line":89,"column":0},"end":{"line":89,"column":0}},"89":{"start":{"line":90,"column":0},"end":{"line":90,"column":56}},"90":{"start":{"line":91,"column":0},"end":{"line":91,"column":73}},"91":{"start":{"line":92,"column":0},"end":{"line":92,"column":21}},"92":{"start":{"line":93,"column":0},"end":{"line":93,"column":3}},"93":{"start":{"line":94,"column":0},"end":{"line":94,"column":0}},"94":{"start":{"line":95,"column":0},"end":{"line":95,"column":53}},"95":{"start":{"line":96,"column":0},"end":{"line":96,"column":70}},"96":{"start":{"line":97,"column":0},"end":{"line":97,"column":19}},"97":{"start":{"line":98,"column":0},"end":{"line":98,"column":3}},"98":{"start":{"line":99,"column":0},"end":{"line":99,"column":0}},"99":{"start":{"line":100,"column":0},"end":{"line":100,"column":46}},"100":{"start":{"line":101,"column":0},"end":{"line":101,"column":70}},"101":{"start":{"line":102,"column":0},"end":{"line":102,"column":3}},"102":{"start":{"line":103,"column":0},"end":{"line":103,"column":0}},"103":{"start":{"line":104,"column":0},"end":{"line":104,"column":80}},"104":{"start":{"line":105,"column":0},"end":{"line":105,"column":79}},"105":{"start":{"line":106,"column":0},"end":{"line":106,"column":80}},"106":{"start":{"line":107,"column":0},"end":{"line":107,"column":40}},"107":{"start":{"line":108,"column":0},"end":{"line":108,"column":35}},"108":{"start":{"line":109,"column":0},"end":{"line":109,"column":3}},"109":{"start":{"line":110,"column":0},"end":{"line":110,"column":0}},"110":{"start":{"line":111,"column":0},"end":{"line":111,"column":56}},"111":{"start":{"line":112,"column":0},"end":{"line":112,"column":73}},"112":{"start":{"line":113,"column":0},"end":{"line":113,"column":21}},"113":{"start":{"line":114,"column":0},"end":{"line":114,"column":3}},"114":{"start":{"line":115,"column":0},"end":{"line":115,"column":0}},"115":{"start":{"line":116,"column":0},"end":{"line":116,"column":53}},"116":{"start":{"line":117,"column":0},"end":{"line":117,"column":70}},"117":{"start":{"line":118,"column":0},"end":{"line":118,"column":19}},"118":{"start":{"line":119,"column":0},"end":{"line":119,"column":3}},"119":{"start":{"line":120,"column":0},"end":{"line":120,"column":0}},"120":{"start":{"line":121,"column":0},"end":{"line":121,"column":83}},"121":{"start":{"line":122,"column":0},"end":{"line":122,"column":94}},"122":{"start":{"line":123,"column":0},"end":{"line":123,"column":19}},"123":{"start":{"line":124,"column":0},"end":{"line":124,"column":3}},"124":{"start":{"line":125,"column":0},"end":{"line":125,"column":0}},"125":{"start":{"line":126,"column":0},"end":{"line":126,"column":80}},"126":{"start":{"line":127,"column":0},"end":{"line":127,"column":79}},"127":{"start":{"line":128,"column":0},"end":{"line":128,"column":80}},"128":{"start":{"line":129,"column":0},"end":{"line":129,"column":76}},"129":{"start":{"line":130,"column":0},"end":{"line":130,"column":27}},"130":{"start":{"line":131,"column":0},"end":{"line":131,"column":15}},"131":{"start":{"line":132,"column":0},"end":{"line":132,"column":23}},"132":{"start":{"line":133,"column":0},"end":{"line":133,"column":80}},"133":{"start":{"line":134,"column":0},"end":{"line":134,"column":21}},"134":{"start":{"line":135,"column":0},"end":{"line":135,"column":3}},"135":{"start":{"line":136,"column":0},"end":{"line":136,"column":0}},"136":{"start":{"line":137,"column":0},"end":{"line":137,"column":73}},"137":{"start":{"line":138,"column":0},"end":{"line":138,"column":80}},"138":{"start":{"line":139,"column":0},"end":{"line":139,"column":19}},"139":{"start":{"line":140,"column":0},"end":{"line":140,"column":3}},"140":{"start":{"line":141,"column":0},"end":{"line":141,"column":0}},"141":{"start":{"line":142,"column":0},"end":{"line":142,"column":98}},"142":{"start":{"line":143,"column":0},"end":{"line":143,"column":104}},"143":{"start":{"line":144,"column":0},"end":{"line":144,"column":19}},"144":{"start":{"line":145,"column":0},"end":{"line":145,"column":3}},"145":{"start":{"line":146,"column":0},"end":{"line":146,"column":0}},"146":{"start":{"line":147,"column":0},"end":{"line":147,"column":80}},"147":{"start":{"line":148,"column":0},"end":{"line":148,"column":79}},"148":{"start":{"line":149,"column":0},"end":{"line":149,"column":80}},"149":{"start":{"line":150,"column":0},"end":{"line":150,"column":61}},"150":{"start":{"line":151,"column":0},"end":{"line":151,"column":74}},"151":{"start":{"line":152,"column":0},"end":{"line":152,"column":19}},"152":{"start":{"line":153,"column":0},"end":{"line":153,"column":3}},"153":{"start":{"line":154,"column":0},"end":{"line":154,"column":0}},"154":{"start":{"line":155,"column":0},"end":{"line":155,"column":60}},"155":{"start":{"line":156,"column":0},"end":{"line":156,"column":77}},"156":{"start":{"line":157,"column":0},"end":{"line":157,"column":21}},"157":{"start":{"line":158,"column":0},"end":{"line":158,"column":3}},"158":{"start":{"line":159,"column":0},"end":{"line":159,"column":0}},"159":{"start":{"line":160,"column":0},"end":{"line":160,"column":89}},"160":{"start":{"line":161,"column":0},"end":{"line":161,"column":98}},"161":{"start":{"line":162,"column":0},"end":{"line":162,"column":19}},"162":{"start":{"line":163,"column":0},"end":{"line":163,"column":3}},"163":{"start":{"line":164,"column":0},"end":{"line":164,"column":0}},"164":{"start":{"line":165,"column":0},"end":{"line":165,"column":59}},"165":{"start":{"line":166,"column":0},"end":{"line":166,"column":13}},"166":{"start":{"line":167,"column":0},"end":{"line":167,"column":15}},"167":{"start":{"line":168,"column":0},"end":{"line":168,"column":20}},"168":{"start":{"line":169,"column":0},"end":{"line":169,"column":75}},"169":{"start":{"line":170,"column":0},"end":{"line":170,"column":3}},"170":{"start":{"line":171,"column":0},"end":{"line":171,"column":0}},"171":{"start":{"line":172,"column":0},"end":{"line":172,"column":80}},"172":{"start":{"line":173,"column":0},"end":{"line":173,"column":79}},"173":{"start":{"line":174,"column":0},"end":{"line":174,"column":80}},"174":{"start":{"line":175,"column":0},"end":{"line":175,"column":63}},"175":{"start":{"line":176,"column":0},"end":{"line":176,"column":82}},"176":{"start":{"line":177,"column":0},"end":{"line":177,"column":49}},"177":{"start":{"line":178,"column":0},"end":{"line":178,"column":16}},"178":{"start":{"line":179,"column":0},"end":{"line":179,"column":40}},"179":{"start":{"line":180,"column":0},"end":{"line":180,"column":5}},"180":{"start":{"line":181,"column":0},"end":{"line":181,"column":0}},"181":{"start":{"line":182,"column":0},"end":{"line":182,"column":65}},"182":{"start":{"line":183,"column":0},"end":{"line":183,"column":39}},"183":{"start":{"line":184,"column":0},"end":{"line":184,"column":20}},"184":{"start":{"line":185,"column":0},"end":{"line":185,"column":66}},"185":{"start":{"line":186,"column":0},"end":{"line":186,"column":61}},"186":{"start":{"line":187,"column":0},"end":{"line":187,"column":49}},"187":{"start":{"line":188,"column":0},"end":{"line":188,"column":5}},"188":{"start":{"line":189,"column":0},"end":{"line":189,"column":42}},"189":{"start":{"line":190,"column":0},"end":{"line":190,"column":79}},"190":{"start":{"line":191,"column":0},"end":{"line":191,"column":11}},"191":{"start":{"line":192,"column":0},"end":{"line":192,"column":0}},"192":{"start":{"line":193,"column":0},"end":{"line":193,"column":26}},"193":{"start":{"line":194,"column":0},"end":{"line":194,"column":21}},"194":{"start":{"line":195,"column":0},"end":{"line":195,"column":20}},"195":{"start":{"line":196,"column":0},"end":{"line":196,"column":23}},"196":{"start":{"line":197,"column":0},"end":{"line":197,"column":27}},"197":{"start":{"line":198,"column":0},"end":{"line":198,"column":24}},"198":{"start":{"line":199,"column":0},"end":{"line":199,"column":23}},"199":{"start":{"line":200,"column":0},"end":{"line":200,"column":6}},"200":{"start":{"line":201,"column":0},"end":{"line":201,"column":0}},"201":{"start":{"line":202,"column":0},"end":{"line":202,"column":24}},"202":{"start":{"line":203,"column":0},"end":{"line":203,"column":41}},"203":{"start":{"line":204,"column":0},"end":{"line":204,"column":45}},"204":{"start":{"line":205,"column":0},"end":{"line":205,"column":40}},"205":{"start":{"line":206,"column":0},"end":{"line":206,"column":42}},"206":{"start":{"line":207,"column":0},"end":{"line":207,"column":42}},"207":{"start":{"line":208,"column":0},"end":{"line":208,"column":45}},"208":{"start":{"line":209,"column":0},"end":{"line":209,"column":6}},"209":{"start":{"line":210,"column":0},"end":{"line":210,"column":0}},"210":{"start":{"line":211,"column":0},"end":{"line":211,"column":12}},"211":{"start":{"line":212,"column":0},"end":{"line":212,"column":26}},"212":{"start":{"line":213,"column":0},"end":{"line":213,"column":28}},"213":{"start":{"line":214,"column":0},"end":{"line":214,"column":32}},"214":{"start":{"line":215,"column":0},"end":{"line":215,"column":53}},"215":{"start":{"line":216,"column":0},"end":{"line":216,"column":41}},"216":{"start":{"line":217,"column":0},"end":{"line":217,"column":41}},"217":{"start":{"line":218,"column":0},"end":{"line":218,"column":21}},"218":{"start":{"line":219,"column":0},"end":{"line":219,"column":37}},"219":{"start":{"line":220,"column":0},"end":{"line":220,"column":88}},"220":{"start":{"line":221,"column":0},"end":{"line":221,"column":10}},"221":{"start":{"line":222,"column":0},"end":{"line":222,"column":19}},"222":{"start":{"line":223,"column":0},"end":{"line":223,"column":3}},"223":{"start":{"line":224,"column":0},"end":{"line":224,"column":0}},"224":{"start":{"line":225,"column":0},"end":{"line":225,"column":80}},"225":{"start":{"line":226,"column":0},"end":{"line":226,"column":79}},"226":{"start":{"line":227,"column":0},"end":{"line":227,"column":80}},"227":{"start":{"line":228,"column":0},"end":{"line":228,"column":95}},"228":{"start":{"line":229,"column":0},"end":{"line":229,"column":47}},"229":{"start":{"line":230,"column":0},"end":{"line":230,"column":33}},"230":{"start":{"line":231,"column":0},"end":{"line":231,"column":0}},"231":{"start":{"line":232,"column":0},"end":{"line":232,"column":58}},"232":{"start":{"line":233,"column":0},"end":{"line":233,"column":66}},"233":{"start":{"line":234,"column":0},"end":{"line":234,"column":0}},"234":{"start":{"line":235,"column":0},"end":{"line":235,"column":38}},"235":{"start":{"line":236,"column":0},"end":{"line":236,"column":20}},"236":{"start":{"line":237,"column":0},"end":{"line":237,"column":19}},"237":{"start":{"line":238,"column":0},"end":{"line":238,"column":49}},"238":{"start":{"line":239,"column":0},"end":{"line":239,"column":7}},"239":{"start":{"line":240,"column":0},"end":{"line":240,"column":3}},"240":{"start":{"line":241,"column":0},"end":{"line":241,"column":0}},"241":{"start":{"line":242,"column":0},"end":{"line":242,"column":76}},"242":{"start":{"line":243,"column":0},"end":{"line":243,"column":47}},"243":{"start":{"line":244,"column":0},"end":{"line":244,"column":56}},"244":{"start":{"line":245,"column":0},"end":{"line":245,"column":0}},"245":{"start":{"line":246,"column":0},"end":{"line":246,"column":56}},"246":{"start":{"line":247,"column":0},"end":{"line":247,"column":37}},"247":{"start":{"line":248,"column":0},"end":{"line":248,"column":0}},"248":{"start":{"line":249,"column":0},"end":{"line":249,"column":33}},"249":{"start":{"line":250,"column":0},"end":{"line":250,"column":22}},"250":{"start":{"line":251,"column":0},"end":{"line":251,"column":69}},"251":{"start":{"line":252,"column":0},"end":{"line":252,"column":14}},"252":{"start":{"line":253,"column":0},"end":{"line":253,"column":22}},"253":{"start":{"line":254,"column":0},"end":{"line":254,"column":69}},"254":{"start":{"line":255,"column":0},"end":{"line":255,"column":14}},"255":{"start":{"line":256,"column":0},"end":{"line":256,"column":22}},"256":{"start":{"line":257,"column":0},"end":{"line":257,"column":69}},"257":{"start":{"line":258,"column":0},"end":{"line":258,"column":14}},"258":{"start":{"line":259,"column":0},"end":{"line":259,"column":22}},"259":{"start":{"line":260,"column":0},"end":{"line":260,"column":69}},"260":{"start":{"line":261,"column":0},"end":{"line":261,"column":14}},"261":{"start":{"line":262,"column":0},"end":{"line":262,"column":5}},"262":{"start":{"line":263,"column":0},"end":{"line":263,"column":0}},"263":{"start":{"line":264,"column":0},"end":{"line":264,"column":47}},"264":{"start":{"line":265,"column":0},"end":{"line":265,"column":33}},"265":{"start":{"line":266,"column":0},"end":{"line":266,"column":32}},"266":{"start":{"line":267,"column":0},"end":{"line":267,"column":53}},"267":{"start":{"line":268,"column":0},"end":{"line":268,"column":0}},"268":{"start":{"line":269,"column":0},"end":{"line":269,"column":46}},"269":{"start":{"line":270,"column":0},"end":{"line":270,"column":3}},"270":{"start":{"line":271,"column":0},"end":{"line":271,"column":0}},"271":{"start":{"line":272,"column":0},"end":{"line":272,"column":81}},"272":{"start":{"line":273,"column":0},"end":{"line":273,"column":44}},"273":{"start":{"line":274,"column":0},"end":{"line":274,"column":57}},"274":{"start":{"line":275,"column":0},"end":{"line":275,"column":71}},"275":{"start":{"line":276,"column":0},"end":{"line":276,"column":3}},"276":{"start":{"line":277,"column":0},"end":{"line":277,"column":0}},"277":{"start":{"line":278,"column":0},"end":{"line":278,"column":80}},"278":{"start":{"line":279,"column":0},"end":{"line":279,"column":79}},"279":{"start":{"line":280,"column":0},"end":{"line":280,"column":80}},"280":{"start":{"line":281,"column":0},"end":{"line":281,"column":74}},"281":{"start":{"line":282,"column":0},"end":{"line":282,"column":74}},"282":{"start":{"line":283,"column":0},"end":{"line":283,"column":75}},"283":{"start":{"line":284,"column":0},"end":{"line":284,"column":31}},"284":{"start":{"line":285,"column":0},"end":{"line":285,"column":0}},"285":{"start":{"line":286,"column":0},"end":{"line":286,"column":76}},"286":{"start":{"line":287,"column":0},"end":{"line":287,"column":1}}},"s":{"0":0,"1":0,"2":0,"3":0,"4":0,"5":0,"6":0,"7":0,"8":0,"9":0,"10":0,"11":0,"12":0,"13":0,"14":0,"15":0,"16":0,"17":0,"18":0,"19":0,"20":0,"21":0,"22":0,"23":0,"24":0,"25":0,"26":0,"27":0,"28":0,"29":0,"30":0,"31":0,"32":0,"33":0,"34":0,"35":0,"36":0,"37":0,"38":0,"39":0,"40":0,"41":0,"42":0,"43":0,"44":0,"45":0,"46":0,"47":0,"48":0,"49":0,"50":0,"51":0,"52":0,"53":0,"54":0,"55":0,"56":0,"57":0,"58":0,"59":0,"60":0,"61":0,"62":0,"63":0,"64":0,"65":0,"66":0,"67":0,"68":0,"69":0,"70":0,"71":0,"72":0,"73":0,"74":0,"75":0,"76":0,"77":0,"78":0,"79":0,"80":0,"81":0,"82":0,"83":0,"84":0,"85":0,"86":0,"87":0,"88":0,"89":0,"90":0,"91":0,"92":0,"93":0,"94":0,"95":0,"96":0,"97":0,"98":0,"99":0,"100":0,"101":0,"102":0,"103":0,"104":0,"105":0,"106":0,"107":0,"108":0,"109":0,"110":0,"111":0,"112":0,"113":0,"114":0,"115":0,"116":0,"117":0,"118":0,"119":0,"120":0,"121":0,"122":0,"123":0,"124":0,"125":0,"126":0,"127":0,"128":0,"129":0,"130":0,"131":0,"132":0,"133":0,"134":0,"135":0,"136":0,"137":0,"138":0,"139":0,"140":0,"141":0,"142":0,"143":0,"144":0,"145":0,"146":0,"147":0,"148":0,"149":0,"150":0,"151":0,"152":0,"153":0,"154":0,"155":0,"156":0,"157":0,"158":0,"159":0,"160":0,"161":0,"162":0,"163":0,"164":0,"165":0,"166":0,"167":0,"168":0,"169":0,"170":0,"171":0,"172":0,"173":0,"174":0,"175":0,"176":0,"177":0,"178":0,"179":0,"180":0,"181":0,"182":0,"183":0,"184":0,"185":0,"186":0,"187":0,"188":0,"189":0,"190":0,"191":0,"192":0,"193":0,"194":0,"195":0,"196":0,"197":0,"198":0,"199":0,"200":0,"201":0,"202":0,"203":0,"204":0,"205":0,"206":0,"207":0,"208":0,"209":0,"210":0,"211":0,"212":0,"213":0,"214":0,"215":0,"216":0,"217":0,"218":0,"219":0,"220":0,"221":0,"222":0,"223":0,"224":0,"225":0,"226":0,"227":0,"228":0,"229":0,"230":0,"231":0,"232":0,"233":0,"234":0,"235":0,"236":0,"237":0,"238":0,"239":0,"240":0,"241":0,"242":0,"243":0,"244":0,"245":0,"246":0,"247":0,"248":0,"249":0,"250":0,"251":0,"252":0,"253":0,"254":0,"255":0,"256":0,"257":0,"258":0,"259":0,"260":0,"261":0,"262":0,"263":0,"264":0,"265":0,"266":0,"267":0,"268":0,"269":0,"270":0,"271":0,"272":0,"273":0,"274":0,"275":0,"276":0,"277":0,"278":0,"279":0,"280":0,"281":0,"282":0,"283":0,"284":0,"285":0,"286":0},"branchMap":{"0":{"type":"branch","line":1,"loc":{"start":{"line":1,"column":10739},"end":{"line":287,"column":1}},"locations":[{"start":{"line":1,"column":10739},"end":{"line":287,"column":1}}]}},"b":{"0":[0]},"fnMap":{"0":{"name":"(empty-report)","decl":{"start":{"line":1,"column":10739},"end":{"line":287,"column":1}},"loc":{"start":{"line":1,"column":10739},"end":{"line":287,"column":1}},"line":1}},"f":{"0":0}}
,"C:\\Users\\CATZE\\Desktop\\Development\\Web\\TMA-Manager\\server\\dataGeneration.ts": {"path":"C:\\Users\\CATZE\\Desktop\\Development\\Web\\TMA-Manager\\server\\dataGeneration.ts","all":true,"statementMap":{"0":{"start":{"line":1,"column":0},"end":{"line":1,"column":61}},"1":{"start":{"line":2,"column":0},"end":{"line":2,"column":84}},"2":{"start":{"line":3,"column":0},"end":{"line":3,"column":0}},"3":{"start":{"line":4,"column":0},"end":{"line":4,"column":64}},"4":{"start":{"line":5,"column":0},"end":{"line":5,"column":0}},"5":{"start":{"line":6,"column":0},"end":{"line":6,"column":56}},"6":{"start":{"line":7,"column":0},"end":{"line":7,"column":50}},"7":{"start":{"line":8,"column":0},"end":{"line":8,"column":37}},"8":{"start":{"line":9,"column":0},"end":{"line":9,"column":5}},"9":{"start":{"line":10,"column":0},"end":{"line":10,"column":27}},"10":{"start":{"line":11,"column":0},"end":{"line":11,"column":28}},"11":{"start":{"line":12,"column":0},"end":{"line":12,"column":26}},"12":{"start":{"line":13,"column":0},"end":{"line":13,"column":17}},"13":{"start":{"line":14,"column":0},"end":{"line":14,"column":19}},"14":{"start":{"line":15,"column":0},"end":{"line":15,"column":19}},"15":{"start":{"line":16,"column":0},"end":{"line":16,"column":19}},"16":{"start":{"line":17,"column":0},"end":{"line":17,"column":19}},"17":{"start":{"line":18,"column":0},"end":{"line":18,"column":58}},"18":{"start":{"line":19,"column":0},"end":{"line":19,"column":21}},"19":{"start":{"line":20,"column":0},"end":{"line":20,"column":23}},"20":{"start":{"line":21,"column":0},"end":{"line":21,"column":15}},"21":{"start":{"line":22,"column":0},"end":{"line":22,"column":16}},"22":{"start":{"line":23,"column":0},"end":{"line":23,"column":18}},"23":{"start":{"line":24,"column":0},"end":{"line":24,"column":17}},"24":{"start":{"line":25,"column":0},"end":{"line":25,"column":22}},"25":{"start":{"line":26,"column":0},"end":{"line":26,"column":19}},"26":{"start":{"line":27,"column":0},"end":{"line":27,"column":24}},"27":{"start":{"line":28,"column":0},"end":{"line":28,"column":25}},"28":{"start":{"line":29,"column":0},"end":{"line":29,"column":25}},"29":{"start":{"line":30,"column":0},"end":{"line":30,"column":28}},"30":{"start":{"line":31,"column":0},"end":{"line":31,"column":26}},"31":{"start":{"line":32,"column":0},"end":{"line":32,"column":26}},"32":{"start":{"line":33,"column":0},"end":{"line":33,"column":42}},"33":{"start":{"line":34,"column":0},"end":{"line":34,"column":29}},"34":{"start":{"line":35,"column":0},"end":{"line":35,"column":30}},"35":{"start":{"line":36,"column":0},"end":{"line":36,"column":19}},"36":{"start":{"line":37,"column":0},"end":{"line":37,"column":24}},"37":{"start":{"line":38,"column":0},"end":{"line":38,"column":29}},"38":{"start":{"line":39,"column":0},"end":{"line":39,"column":22}},"39":{"start":{"line":40,"column":0},"end":{"line":40,"column":23}},"40":{"start":{"line":41,"column":0},"end":{"line":41,"column":21}},"41":{"start":{"line":42,"column":0},"end":{"line":42,"column":23}},"42":{"start":{"line":43,"column":0},"end":{"line":43,"column":25}},"43":{"start":{"line":44,"column":0},"end":{"line":44,"column":30}},"44":{"start":{"line":45,"column":0},"end":{"line":45,"column":27}},"45":{"start":{"line":46,"column":0},"end":{"line":46,"column":34}},"46":{"start":{"line":47,"column":0},"end":{"line":47,"column":47}},"47":{"start":{"line":48,"column":0},"end":{"line":48,"column":26}},"48":{"start":{"line":49,"column":0},"end":{"line":49,"column":6}},"49":{"start":{"line":50,"column":0},"end":{"line":50,"column":5}},"50":{"start":{"line":51,"column":0},"end":{"line":51,"column":26}},"51":{"start":{"line":52,"column":0},"end":{"line":52,"column":26}},"52":{"start":{"line":53,"column":0},"end":{"line":53,"column":27}},"53":{"start":{"line":54,"column":0},"end":{"line":54,"column":17}},"54":{"start":{"line":55,"column":0},"end":{"line":55,"column":19}},"55":{"start":{"line":56,"column":0},"end":{"line":56,"column":19}},"56":{"start":{"line":57,"column":0},"end":{"line":57,"column":19}},"57":{"start":{"line":58,"column":0},"end":{"line":58,"column":19}},"58":{"start":{"line":59,"column":0},"end":{"line":59,"column":61}},"59":{"start":{"line":60,"column":0},"end":{"line":60,"column":21}},"60":{"start":{"line":61,"column":0},"end":{"line":61,"column":22}},"61":{"start":{"line":62,"column":0},"end":{"line":62,"column":15}},"62":{"start":{"line":63,"column":0},"end":{"line":63,"column":17}},"63":{"start":{"line":64,"column":0},"end":{"line":64,"column":18}},"64":{"start":{"line":65,"column":0},"end":{"line":65,"column":17}},"65":{"start":{"line":66,"column":0},"end":{"line":66,"column":22}},"66":{"start":{"line":67,"column":0},"end":{"line":67,"column":18}},"67":{"start":{"line":68,"column":0},"end":{"line":68,"column":23}},"68":{"start":{"line":69,"column":0},"end":{"line":69,"column":25}},"69":{"start":{"line":70,"column":0},"end":{"line":70,"column":24}},"70":{"start":{"line":71,"column":0},"end":{"line":71,"column":28}},"71":{"start":{"line":72,"column":0},"end":{"line":72,"column":26}},"72":{"start":{"line":73,"column":0},"end":{"line":73,"column":26}},"73":{"start":{"line":74,"column":0},"end":{"line":74,"column":46}},"74":{"start":{"line":75,"column":0},"end":{"line":75,"column":31}},"75":{"start":{"line":76,"column":0},"end":{"line":76,"column":30}},"76":{"start":{"line":77,"column":0},"end":{"line":77,"column":19}},"77":{"start":{"line":78,"column":0},"end":{"line":78,"column":24}},"78":{"start":{"line":79,"column":0},"end":{"line":79,"column":29}},"79":{"start":{"line":80,"column":0},"end":{"line":80,"column":22}},"80":{"start":{"line":81,"column":0},"end":{"line":81,"column":23}},"81":{"start":{"line":82,"column":0},"end":{"line":82,"column":21}},"82":{"start":{"line":83,"column":0},"end":{"line":83,"column":23}},"83":{"start":{"line":84,"column":0},"end":{"line":84,"column":25}},"84":{"start":{"line":85,"column":0},"end":{"line":85,"column":30}},"85":{"start":{"line":86,"column":0},"end":{"line":86,"column":27}},"86":{"start":{"line":87,"column":0},"end":{"line":87,"column":35}},"87":{"start":{"line":88,"column":0},"end":{"line":88,"column":47}},"88":{"start":{"line":89,"column":0},"end":{"line":89,"column":26}},"89":{"start":{"line":90,"column":0},"end":{"line":90,"column":6}},"90":{"start":{"line":91,"column":0},"end":{"line":91,"column":5}},"91":{"start":{"line":92,"column":0},"end":{"line":92,"column":27}},"92":{"start":{"line":93,"column":0},"end":{"line":93,"column":24}},"93":{"start":{"line":94,"column":0},"end":{"line":94,"column":25}},"94":{"start":{"line":95,"column":0},"end":{"line":95,"column":17}},"95":{"start":{"line":96,"column":0},"end":{"line":96,"column":19}},"96":{"start":{"line":97,"column":0},"end":{"line":97,"column":19}},"97":{"start":{"line":98,"column":0},"end":{"line":98,"column":19}},"98":{"start":{"line":99,"column":0},"end":{"line":99,"column":19}},"99":{"start":{"line":100,"column":0},"end":{"line":100,"column":60}},"100":{"start":{"line":101,"column":0},"end":{"line":101,"column":21}},"101":{"start":{"line":102,"column":0},"end":{"line":102,"column":22}},"102":{"start":{"line":103,"column":0},"end":{"line":103,"column":15}},"103":{"start":{"line":104,"column":0},"end":{"line":104,"column":17}},"104":{"start":{"line":105,"column":0},"end":{"line":105,"column":18}},"105":{"start":{"line":106,"column":0},"end":{"line":106,"column":17}},"106":{"start":{"line":107,"column":0},"end":{"line":107,"column":22}},"107":{"start":{"line":108,"column":0},"end":{"line":108,"column":18}},"108":{"start":{"line":109,"column":0},"end":{"line":109,"column":23}},"109":{"start":{"line":110,"column":0},"end":{"line":110,"column":25}},"110":{"start":{"line":111,"column":0},"end":{"line":111,"column":25}},"111":{"start":{"line":112,"column":0},"end":{"line":112,"column":28}},"112":{"start":{"line":113,"column":0},"end":{"line":113,"column":26}},"113":{"start":{"line":114,"column":0},"end":{"line":114,"column":26}},"114":{"start":{"line":115,"column":0},"end":{"line":115,"column":41}},"115":{"start":{"line":116,"column":0},"end":{"line":116,"column":32}},"116":{"start":{"line":117,"column":0},"end":{"line":117,"column":36}},"117":{"start":{"line":118,"column":0},"end":{"line":118,"column":19}},"118":{"start":{"line":119,"column":0},"end":{"line":119,"column":24}},"119":{"start":{"line":120,"column":0},"end":{"line":120,"column":29}},"120":{"start":{"line":121,"column":0},"end":{"line":121,"column":22}},"121":{"start":{"line":122,"column":0},"end":{"line":122,"column":23}},"122":{"start":{"line":123,"column":0},"end":{"line":123,"column":21}},"123":{"start":{"line":124,"column":0},"end":{"line":124,"column":23}},"124":{"start":{"line":125,"column":0},"end":{"line":125,"column":25}},"125":{"start":{"line":126,"column":0},"end":{"line":126,"column":30}},"126":{"start":{"line":127,"column":0},"end":{"line":127,"column":27}},"127":{"start":{"line":128,"column":0},"end":{"line":128,"column":33}},"128":{"start":{"line":129,"column":0},"end":{"line":129,"column":45}},"129":{"start":{"line":130,"column":0},"end":{"line":130,"column":26}},"130":{"start":{"line":131,"column":0},"end":{"line":131,"column":6}},"131":{"start":{"line":132,"column":0},"end":{"line":132,"column":5}},"132":{"start":{"line":133,"column":0},"end":{"line":133,"column":29}},"133":{"start":{"line":134,"column":0},"end":{"line":134,"column":25}},"134":{"start":{"line":135,"column":0},"end":{"line":135,"column":27}},"135":{"start":{"line":136,"column":0},"end":{"line":136,"column":17}},"136":{"start":{"line":137,"column":0},"end":{"line":137,"column":19}},"137":{"start":{"line":138,"column":0},"end":{"line":138,"column":19}},"138":{"start":{"line":139,"column":0},"end":{"line":139,"column":19}},"139":{"start":{"line":140,"column":0},"end":{"line":140,"column":19}},"140":{"start":{"line":141,"column":0},"end":{"line":141,"column":62}},"141":{"start":{"line":142,"column":0},"end":{"line":142,"column":21}},"142":{"start":{"line":143,"column":0},"end":{"line":143,"column":22}},"143":{"start":{"line":144,"column":0},"end":{"line":144,"column":15}},"144":{"start":{"line":145,"column":0},"end":{"line":145,"column":17}},"145":{"start":{"line":146,"column":0},"end":{"line":146,"column":18}},"146":{"start":{"line":147,"column":0},"end":{"line":147,"column":17}},"147":{"start":{"line":148,"column":0},"end":{"line":148,"column":22}},"148":{"start":{"line":149,"column":0},"end":{"line":149,"column":18}},"149":{"start":{"line":150,"column":0},"end":{"line":150,"column":23}},"150":{"start":{"line":151,"column":0},"end":{"line":151,"column":25}},"151":{"start":{"line":152,"column":0},"end":{"line":152,"column":24}},"152":{"start":{"line":153,"column":0},"end":{"line":153,"column":28}},"153":{"start":{"line":154,"column":0},"end":{"line":154,"column":26}},"154":{"start":{"line":155,"column":0},"end":{"line":155,"column":26}},"155":{"start":{"line":156,"column":0},"end":{"line":156,"column":39}},"156":{"start":{"line":157,"column":0},"end":{"line":157,"column":26}},"157":{"start":{"line":158,"column":0},"end":{"line":158,"column":30}},"158":{"start":{"line":159,"column":0},"end":{"line":159,"column":19}},"159":{"start":{"line":160,"column":0},"end":{"line":160,"column":24}},"160":{"start":{"line":161,"column":0},"end":{"line":161,"column":29}},"161":{"start":{"line":162,"column":0},"end":{"line":162,"column":22}},"162":{"start":{"line":163,"column":0},"end":{"line":163,"column":23}},"163":{"start":{"line":164,"column":0},"end":{"line":164,"column":21}},"164":{"start":{"line":165,"column":0},"end":{"line":165,"column":23}},"165":{"start":{"line":166,"column":0},"end":{"line":166,"column":25}},"166":{"start":{"line":167,"column":0},"end":{"line":167,"column":30}},"167":{"start":{"line":168,"column":0},"end":{"line":168,"column":27}},"168":{"start":{"line":169,"column":0},"end":{"line":169,"column":35}},"169":{"start":{"line":170,"column":0},"end":{"line":170,"column":37}},"170":{"start":{"line":171,"column":0},"end":{"line":171,"column":26}},"171":{"start":{"line":172,"column":0},"end":{"line":172,"column":6}},"172":{"start":{"line":173,"column":0},"end":{"line":173,"column":5}},"173":{"start":{"line":174,"column":0},"end":{"line":174,"column":27}},"174":{"start":{"line":175,"column":0},"end":{"line":175,"column":24}},"175":{"start":{"line":176,"column":0},"end":{"line":176,"column":25}},"176":{"start":{"line":177,"column":0},"end":{"line":177,"column":17}},"177":{"start":{"line":178,"column":0},"end":{"line":178,"column":19}},"178":{"start":{"line":179,"column":0},"end":{"line":179,"column":19}},"179":{"start":{"line":180,"column":0},"end":{"line":180,"column":19}},"180":{"start":{"line":181,"column":0},"end":{"line":181,"column":19}},"181":{"start":{"line":182,"column":0},"end":{"line":182,"column":59}},"182":{"start":{"line":183,"column":0},"end":{"line":183,"column":21}},"183":{"start":{"line":184,"column":0},"end":{"line":184,"column":22}},"184":{"start":{"line":185,"column":0},"end":{"line":185,"column":15}},"185":{"start":{"line":186,"column":0},"end":{"line":186,"column":16}},"186":{"start":{"line":187,"column":0},"end":{"line":187,"column":18}},"187":{"start":{"line":188,"column":0},"end":{"line":188,"column":17}},"188":{"start":{"line":189,"column":0},"end":{"line":189,"column":22}},"189":{"start":{"line":190,"column":0},"end":{"line":190,"column":18}},"190":{"start":{"line":191,"column":0},"end":{"line":191,"column":23}},"191":{"start":{"line":192,"column":0},"end":{"line":192,"column":25}},"192":{"start":{"line":193,"column":0},"end":{"line":193,"column":25}},"193":{"start":{"line":194,"column":0},"end":{"line":194,"column":28}},"194":{"start":{"line":195,"column":0},"end":{"line":195,"column":26}},"195":{"start":{"line":196,"column":0},"end":{"line":196,"column":26}},"196":{"start":{"line":197,"column":0},"end":{"line":197,"column":37}},"197":{"start":{"line":198,"column":0},"end":{"line":198,"column":34}},"198":{"start":{"line":199,"column":0},"end":{"line":199,"column":30}},"199":{"start":{"line":200,"column":0},"end":{"line":200,"column":19}},"200":{"start":{"line":201,"column":0},"end":{"line":201,"column":23}},"201":{"start":{"line":202,"column":0},"end":{"line":202,"column":29}},"202":{"start":{"line":203,"column":0},"end":{"line":203,"column":22}},"203":{"start":{"line":204,"column":0},"end":{"line":204,"column":23}},"204":{"start":{"line":205,"column":0},"end":{"line":205,"column":21}},"205":{"start":{"line":206,"column":0},"end":{"line":206,"column":23}},"206":{"start":{"line":207,"column":0},"end":{"line":207,"column":24}},"207":{"start":{"line":208,"column":0},"end":{"line":208,"column":30}},"208":{"start":{"line":209,"column":0},"end":{"line":209,"column":27}},"209":{"start":{"line":210,"column":0},"end":{"line":210,"column":33}},"210":{"start":{"line":211,"column":0},"end":{"line":211,"column":35}},"211":{"start":{"line":212,"column":0},"end":{"line":212,"column":26}},"212":{"start":{"line":213,"column":0},"end":{"line":213,"column":5}},"213":{"start":{"line":214,"column":0},"end":{"line":214,"column":4}},"214":{"start":{"line":215,"column":0},"end":{"line":215,"column":0}},"215":{"start":{"line":216,"column":0},"end":{"line":216,"column":36}},"216":{"start":{"line":217,"column":0},"end":{"line":217,"column":5}},"217":{"start":{"line":218,"column":0},"end":{"line":218,"column":26}},"218":{"start":{"line":219,"column":0},"end":{"line":219,"column":24}},"219":{"start":{"line":220,"column":0},"end":{"line":220,"column":26}},"220":{"start":{"line":221,"column":0},"end":{"line":221,"column":17}},"221":{"start":{"line":222,"column":0},"end":{"line":222,"column":19}},"222":{"start":{"line":223,"column":0},"end":{"line":223,"column":19}},"223":{"start":{"line":224,"column":0},"end":{"line":224,"column":19}},"224":{"start":{"line":225,"column":0},"end":{"line":225,"column":19}},"225":{"start":{"line":226,"column":0},"end":{"line":226,"column":46}},"226":{"start":{"line":227,"column":0},"end":{"line":227,"column":22}},"227":{"start":{"line":228,"column":0},"end":{"line":228,"column":22}},"228":{"start":{"line":229,"column":0},"end":{"line":229,"column":15}},"229":{"start":{"line":230,"column":0},"end":{"line":230,"column":17}},"230":{"start":{"line":231,"column":0},"end":{"line":231,"column":18}},"231":{"start":{"line":232,"column":0},"end":{"line":232,"column":17}},"232":{"start":{"line":233,"column":0},"end":{"line":233,"column":22}},"233":{"start":{"line":234,"column":0},"end":{"line":234,"column":18}},"234":{"start":{"line":235,"column":0},"end":{"line":235,"column":23}},"235":{"start":{"line":236,"column":0},"end":{"line":236,"column":25}},"236":{"start":{"line":237,"column":0},"end":{"line":237,"column":25}},"237":{"start":{"line":238,"column":0},"end":{"line":238,"column":28}},"238":{"start":{"line":239,"column":0},"end":{"line":239,"column":26}},"239":{"start":{"line":240,"column":0},"end":{"line":240,"column":26}},"240":{"start":{"line":241,"column":0},"end":{"line":241,"column":38}},"241":{"start":{"line":242,"column":0},"end":{"line":242,"column":32}},"242":{"start":{"line":243,"column":0},"end":{"line":243,"column":30}},"243":{"start":{"line":244,"column":0},"end":{"line":244,"column":19}},"244":{"start":{"line":245,"column":0},"end":{"line":245,"column":24}},"245":{"start":{"line":246,"column":0},"end":{"line":246,"column":29}},"246":{"start":{"line":247,"column":0},"end":{"line":247,"column":22}},"247":{"start":{"line":248,"column":0},"end":{"line":248,"column":23}},"248":{"start":{"line":249,"column":0},"end":{"line":249,"column":21}},"249":{"start":{"line":250,"column":0},"end":{"line":250,"column":23}},"250":{"start":{"line":251,"column":0},"end":{"line":251,"column":25}},"251":{"start":{"line":252,"column":0},"end":{"line":252,"column":30}},"252":{"start":{"line":253,"column":0},"end":{"line":253,"column":27}},"253":{"start":{"line":254,"column":0},"end":{"line":254,"column":34}},"254":{"start":{"line":255,"column":0},"end":{"line":255,"column":46}},"255":{"start":{"line":256,"column":0},"end":{"line":256,"column":26}},"256":{"start":{"line":257,"column":0},"end":{"line":257,"column":6}},"257":{"start":{"line":258,"column":0},"end":{"line":258,"column":5}},"258":{"start":{"line":259,"column":0},"end":{"line":259,"column":24}},"259":{"start":{"line":260,"column":0},"end":{"line":260,"column":25}},"260":{"start":{"line":261,"column":0},"end":{"line":261,"column":27}},"261":{"start":{"line":262,"column":0},"end":{"line":262,"column":17}},"262":{"start":{"line":263,"column":0},"end":{"line":263,"column":19}},"263":{"start":{"line":264,"column":0},"end":{"line":264,"column":19}},"264":{"start":{"line":265,"column":0},"end":{"line":265,"column":19}},"265":{"start":{"line":266,"column":0},"end":{"line":266,"column":19}},"266":{"start":{"line":267,"column":0},"end":{"line":267,"column":61}},"267":{"start":{"line":268,"column":0},"end":{"line":268,"column":22}},"268":{"start":{"line":269,"column":0},"end":{"line":269,"column":23}},"269":{"start":{"line":270,"column":0},"end":{"line":270,"column":15}},"270":{"start":{"line":271,"column":0},"end":{"line":271,"column":16}},"271":{"start":{"line":272,"column":0},"end":{"line":272,"column":18}},"272":{"start":{"line":273,"column":0},"end":{"line":273,"column":17}},"273":{"start":{"line":274,"column":0},"end":{"line":274,"column":22}},"274":{"start":{"line":275,"column":0},"end":{"line":275,"column":19}},"275":{"start":{"line":276,"column":0},"end":{"line":276,"column":24}},"276":{"start":{"line":277,"column":0},"end":{"line":277,"column":25}},"277":{"start":{"line":278,"column":0},"end":{"line":278,"column":24}},"278":{"start":{"line":279,"column":0},"end":{"line":279,"column":28}},"279":{"start":{"line":280,"column":0},"end":{"line":280,"column":26}},"280":{"start":{"line":281,"column":0},"end":{"line":281,"column":26}},"281":{"start":{"line":282,"column":0},"end":{"line":282,"column":39}},"282":{"start":{"line":283,"column":0},"end":{"line":283,"column":27}},"283":{"start":{"line":284,"column":0},"end":{"line":284,"column":30}},"284":{"start":{"line":285,"column":0},"end":{"line":285,"column":19}},"285":{"start":{"line":286,"column":0},"end":{"line":286,"column":24}},"286":{"start":{"line":287,"column":0},"end":{"line":287,"column":29}},"287":{"start":{"line":288,"column":0},"end":{"line":288,"column":22}},"288":{"start":{"line":289,"column":0},"end":{"line":289,"column":23}},"289":{"start":{"line":290,"column":0},"end":{"line":290,"column":21}},"290":{"start":{"line":291,"column":0},"end":{"line":291,"column":23}},"291":{"start":{"line":292,"column":0},"end":{"line":292,"column":25}},"292":{"start":{"line":293,"column":0},"end":{"line":293,"column":30}},"293":{"start":{"line":294,"column":0},"end":{"line":294,"column":27}},"294":{"start":{"line":295,"column":0},"end":{"line":295,"column":35}},"295":{"start":{"line":296,"column":0},"end":{"line":296,"column":37}},"296":{"start":{"line":297,"column":0},"end":{"line":297,"column":26}},"297":{"start":{"line":298,"column":0},"end":{"line":298,"column":6}},"298":{"start":{"line":299,"column":0},"end":{"line":299,"column":5}},"299":{"start":{"line":300,"column":0},"end":{"line":300,"column":26}},"300":{"start":{"line":301,"column":0},"end":{"line":301,"column":23}},"301":{"start":{"line":302,"column":0},"end":{"line":302,"column":25}},"302":{"start":{"line":303,"column":0},"end":{"line":303,"column":17}},"303":{"start":{"line":304,"column":0},"end":{"line":304,"column":19}},"304":{"start":{"line":305,"column":0},"end":{"line":305,"column":19}},"305":{"start":{"line":306,"column":0},"end":{"line":306,"column":19}},"306":{"start":{"line":307,"column":0},"end":{"line":307,"column":19}},"307":{"start":{"line":308,"column":0},"end":{"line":308,"column":61}},"308":{"start":{"line":309,"column":0},"end":{"line":309,"column":22}},"309":{"start":{"line":310,"column":0},"end":{"line":310,"column":22}},"310":{"start":{"line":311,"column":0},"end":{"line":311,"column":15}},"311":{"start":{"line":312,"column":0},"end":{"line":312,"column":17}},"312":{"start":{"line":313,"column":0},"end":{"line":313,"column":18}},"313":{"start":{"line":314,"column":0},"end":{"line":314,"column":17}},"314":{"start":{"line":315,"column":0},"end":{"line":315,"column":22}},"315":{"start":{"line":316,"column":0},"end":{"line":316,"column":18}},"316":{"start":{"line":317,"column":0},"end":{"line":317,"column":23}},"317":{"start":{"line":318,"column":0},"end":{"line":318,"column":25}},"318":{"start":{"line":319,"column":0},"end":{"line":319,"column":25}},"319":{"start":{"line":320,"column":0},"end":{"line":320,"column":28}},"320":{"start":{"line":321,"column":0},"end":{"line":321,"column":26}},"321":{"start":{"line":322,"column":0},"end":{"line":322,"column":26}},"322":{"start":{"line":323,"column":0},"end":{"line":323,"column":41}},"323":{"start":{"line":324,"column":0},"end":{"line":324,"column":28}},"324":{"start":{"line":325,"column":0},"end":{"line":325,"column":30}},"325":{"start":{"line":326,"column":0},"end":{"line":326,"column":19}},"326":{"start":{"line":327,"column":0},"end":{"line":327,"column":23}},"327":{"start":{"line":328,"column":0},"end":{"line":328,"column":29}},"328":{"start":{"line":329,"column":0},"end":{"line":329,"column":22}},"329":{"start":{"line":330,"column":0},"end":{"line":330,"column":23}},"330":{"start":{"line":331,"column":0},"end":{"line":331,"column":21}},"331":{"start":{"line":332,"column":0},"end":{"line":332,"column":23}},"332":{"start":{"line":333,"column":0},"end":{"line":333,"column":25}},"333":{"start":{"line":334,"column":0},"end":{"line":334,"column":30}},"334":{"start":{"line":335,"column":0},"end":{"line":335,"column":27}},"335":{"start":{"line":336,"column":0},"end":{"line":336,"column":33}},"336":{"start":{"line":337,"column":0},"end":{"line":337,"column":45}},"337":{"start":{"line":338,"column":0},"end":{"line":338,"column":26}},"338":{"start":{"line":339,"column":0},"end":{"line":339,"column":6}},"339":{"start":{"line":340,"column":0},"end":{"line":340,"column":5}},"340":{"start":{"line":341,"column":0},"end":{"line":341,"column":23}},"341":{"start":{"line":342,"column":0},"end":{"line":342,"column":26}},"342":{"start":{"line":343,"column":0},"end":{"line":343,"column":26}},"343":{"start":{"line":344,"column":0},"end":{"line":344,"column":17}},"344":{"start":{"line":345,"column":0},"end":{"line":345,"column":19}},"345":{"start":{"line":346,"column":0},"end":{"line":346,"column":19}},"346":{"start":{"line":347,"column":0},"end":{"line":347,"column":19}},"347":{"start":{"line":348,"column":0},"end":{"line":348,"column":19}},"348":{"start":{"line":349,"column":0},"end":{"line":349,"column":61}},"349":{"start":{"line":350,"column":0},"end":{"line":350,"column":22}},"350":{"start":{"line":351,"column":0},"end":{"line":351,"column":22}},"351":{"start":{"line":352,"column":0},"end":{"line":352,"column":15}},"352":{"start":{"line":353,"column":0},"end":{"line":353,"column":17}},"353":{"start":{"line":354,"column":0},"end":{"line":354,"column":18}},"354":{"start":{"line":355,"column":0},"end":{"line":355,"column":17}},"355":{"start":{"line":356,"column":0},"end":{"line":356,"column":22}},"356":{"start":{"line":357,"column":0},"end":{"line":357,"column":18}},"357":{"start":{"line":358,"column":0},"end":{"line":358,"column":23}},"358":{"start":{"line":359,"column":0},"end":{"line":359,"column":25}},"359":{"start":{"line":360,"column":0},"end":{"line":360,"column":25}},"360":{"start":{"line":361,"column":0},"end":{"line":361,"column":28}},"361":{"start":{"line":362,"column":0},"end":{"line":362,"column":26}},"362":{"start":{"line":363,"column":0},"end":{"line":363,"column":26}},"363":{"start":{"line":364,"column":0},"end":{"line":364,"column":33}},"364":{"start":{"line":365,"column":0},"end":{"line":365,"column":32}},"365":{"start":{"line":366,"column":0},"end":{"line":366,"column":30}},"366":{"start":{"line":367,"column":0},"end":{"line":367,"column":19}},"367":{"start":{"line":368,"column":0},"end":{"line":368,"column":24}},"368":{"start":{"line":369,"column":0},"end":{"line":369,"column":29}},"369":{"start":{"line":370,"column":0},"end":{"line":370,"column":22}},"370":{"start":{"line":371,"column":0},"end":{"line":371,"column":23}},"371":{"start":{"line":372,"column":0},"end":{"line":372,"column":21}},"372":{"start":{"line":373,"column":0},"end":{"line":373,"column":23}},"373":{"start":{"line":374,"column":0},"end":{"line":374,"column":25}},"374":{"start":{"line":375,"column":0},"end":{"line":375,"column":30}},"375":{"start":{"line":376,"column":0},"end":{"line":376,"column":27}},"376":{"start":{"line":377,"column":0},"end":{"line":377,"column":34}},"377":{"start":{"line":378,"column":0},"end":{"line":378,"column":36}},"378":{"start":{"line":379,"column":0},"end":{"line":379,"column":26}},"379":{"start":{"line":380,"column":0},"end":{"line":380,"column":6}},"380":{"start":{"line":381,"column":0},"end":{"line":381,"column":5}},"381":{"start":{"line":382,"column":0},"end":{"line":382,"column":31}},"382":{"start":{"line":383,"column":0},"end":{"line":383,"column":24}},"383":{"start":{"line":384,"column":0},"end":{"line":384,"column":26}},"384":{"start":{"line":385,"column":0},"end":{"line":385,"column":17}},"385":{"start":{"line":386,"column":0},"end":{"line":386,"column":19}},"386":{"start":{"line":387,"column":0},"end":{"line":387,"column":19}},"387":{"start":{"line":388,"column":0},"end":{"line":388,"column":19}},"388":{"start":{"line":389,"column":0},"end":{"line":389,"column":19}},"389":{"start":{"line":390,"column":0},"end":{"line":390,"column":52}},"390":{"start":{"line":391,"column":0},"end":{"line":391,"column":22}},"391":{"start":{"line":392,"column":0},"end":{"line":392,"column":22}},"392":{"start":{"line":393,"column":0},"end":{"line":393,"column":15}},"393":{"start":{"line":394,"column":0},"end":{"line":394,"column":17}},"394":{"start":{"line":395,"column":0},"end":{"line":395,"column":18}},"395":{"start":{"line":396,"column":0},"end":{"line":396,"column":17}},"396":{"start":{"line":397,"column":0},"end":{"line":397,"column":22}},"397":{"start":{"line":398,"column":0},"end":{"line":398,"column":18}},"398":{"start":{"line":399,"column":0},"end":{"line":399,"column":23}},"399":{"start":{"line":400,"column":0},"end":{"line":400,"column":25}},"400":{"start":{"line":401,"column":0},"end":{"line":401,"column":24}},"401":{"start":{"line":402,"column":0},"end":{"line":402,"column":28}},"402":{"start":{"line":403,"column":0},"end":{"line":403,"column":26}},"403":{"start":{"line":404,"column":0},"end":{"line":404,"column":26}},"404":{"start":{"line":405,"column":0},"end":{"line":405,"column":41}},"405":{"start":{"line":406,"column":0},"end":{"line":406,"column":32}},"406":{"start":{"line":407,"column":0},"end":{"line":407,"column":30}},"407":{"start":{"line":408,"column":0},"end":{"line":408,"column":19}},"408":{"start":{"line":409,"column":0},"end":{"line":409,"column":23}},"409":{"start":{"line":410,"column":0},"end":{"line":410,"column":29}},"410":{"start":{"line":411,"column":0},"end":{"line":411,"column":22}},"411":{"start":{"line":412,"column":0},"end":{"line":412,"column":23}},"412":{"start":{"line":413,"column":0},"end":{"line":413,"column":21}},"413":{"start":{"line":414,"column":0},"end":{"line":414,"column":23}},"414":{"start":{"line":415,"column":0},"end":{"line":415,"column":25}},"415":{"start":{"line":416,"column":0},"end":{"line":416,"column":30}},"416":{"start":{"line":417,"column":0},"end":{"line":417,"column":27}},"417":{"start":{"line":418,"column":0},"end":{"line":418,"column":34}},"418":{"start":{"line":419,"column":0},"end":{"line":419,"column":47}},"419":{"start":{"line":420,"column":0},"end":{"line":420,"column":26}},"420":{"start":{"line":421,"column":0},"end":{"line":421,"column":6}},"421":{"start":{"line":422,"column":0},"end":{"line":422,"column":5}},"422":{"start":{"line":423,"column":0},"end":{"line":423,"column":26}},"423":{"start":{"line":424,"column":0},"end":{"line":424,"column":24}},"424":{"start":{"line":425,"column":0},"end":{"line":425,"column":25}},"425":{"start":{"line":426,"column":0},"end":{"line":426,"column":17}},"426":{"start":{"line":427,"column":0},"end":{"line":427,"column":19}},"427":{"start":{"line":428,"column":0},"end":{"line":428,"column":19}},"428":{"start":{"line":429,"column":0},"end":{"line":429,"column":19}},"429":{"start":{"line":430,"column":0},"end":{"line":430,"column":19}},"430":{"start":{"line":431,"column":0},"end":{"line":431,"column":60}},"431":{"start":{"line":432,"column":0},"end":{"line":432,"column":22}},"432":{"start":{"line":433,"column":0},"end":{"line":433,"column":22}},"433":{"start":{"line":434,"column":0},"end":{"line":434,"column":15}},"434":{"start":{"line":435,"column":0},"end":{"line":435,"column":17}},"435":{"start":{"line":436,"column":0},"end":{"line":436,"column":18}},"436":{"start":{"line":437,"column":0},"end":{"line":437,"column":17}},"437":{"start":{"line":438,"column":0},"end":{"line":438,"column":22}},"438":{"start":{"line":439,"column":0},"end":{"line":439,"column":18}},"439":{"start":{"line":440,"column":0},"end":{"line":440,"column":23}},"440":{"start":{"line":441,"column":0},"end":{"line":441,"column":25}},"441":{"start":{"line":442,"column":0},"end":{"line":442,"column":24}},"442":{"start":{"line":443,"column":0},"end":{"line":443,"column":28}},"443":{"start":{"line":444,"column":0},"end":{"line":444,"column":26}},"444":{"start":{"line":445,"column":0},"end":{"line":445,"column":26}},"445":{"start":{"line":446,"column":0},"end":{"line":446,"column":39}},"446":{"start":{"line":447,"column":0},"end":{"line":447,"column":31}},"447":{"start":{"line":448,"column":0},"end":{"line":448,"column":30}},"448":{"start":{"line":449,"column":0},"end":{"line":449,"column":19}},"449":{"start":{"line":450,"column":0},"end":{"line":450,"column":23}},"450":{"start":{"line":451,"column":0},"end":{"line":451,"column":29}},"451":{"start":{"line":452,"column":0},"end":{"line":452,"column":22}},"452":{"start":{"line":453,"column":0},"end":{"line":453,"column":23}},"453":{"start":{"line":454,"column":0},"end":{"line":454,"column":21}},"454":{"start":{"line":455,"column":0},"end":{"line":455,"column":23}},"455":{"start":{"line":456,"column":0},"end":{"line":456,"column":25}},"456":{"start":{"line":457,"column":0},"end":{"line":457,"column":30}},"457":{"start":{"line":458,"column":0},"end":{"line":458,"column":27}},"458":{"start":{"line":459,"column":0},"end":{"line":459,"column":33}},"459":{"start":{"line":460,"column":0},"end":{"line":460,"column":35}},"460":{"start":{"line":461,"column":0},"end":{"line":461,"column":26}},"461":{"start":{"line":462,"column":0},"end":{"line":462,"column":5}},"462":{"start":{"line":463,"column":0},"end":{"line":463,"column":4}},"463":{"start":{"line":464,"column":0},"end":{"line":464,"column":0}},"464":{"start":{"line":465,"column":0},"end":{"line":465,"column":55}},"465":{"start":{"line":466,"column":0},"end":{"line":466,"column":1}},"466":{"start":{"line":467,"column":0},"end":{"line":467,"column":0}},"467":{"start":{"line":468,"column":0},"end":{"line":468,"column":33}},"468":{"start":{"line":469,"column":0},"end":{"line":469,"column":36}},"469":{"start":{"line":470,"column":0},"end":{"line":470,"column":10}},"470":{"start":{"line":471,"column":0},"end":{"line":471,"column":19}},"471":{"start":{"line":472,"column":0},"end":{"line":472,"column":23}},"472":{"start":{"line":473,"column":0},"end":{"line":473,"column":21}},"473":{"start":{"line":474,"column":0},"end":{"line":474,"column":20}},"474":{"start":{"line":475,"column":0},"end":{"line":475,"column":22}},"475":{"start":{"line":476,"column":0},"end":{"line":476,"column":20}},"476":{"start":{"line":477,"column":0},"end":{"line":477,"column":22}},"477":{"start":{"line":478,"column":0},"end":{"line":478,"column":21}},"478":{"start":{"line":479,"column":0},"end":{"line":479,"column":21}},"479":{"start":{"line":480,"column":0},"end":{"line":480,"column":20}},"480":{"start":{"line":481,"column":0},"end":{"line":481,"column":19}},"481":{"start":{"line":482,"column":0},"end":{"line":482,"column":25}},"482":{"start":{"line":483,"column":0},"end":{"line":483,"column":24}},"483":{"start":{"line":484,"column":0},"end":{"line":484,"column":21}},"484":{"start":{"line":485,"column":0},"end":{"line":485,"column":25}},"485":{"start":{"line":486,"column":0},"end":{"line":486,"column":8}},"486":{"start":{"line":487,"column":0},"end":{"line":487,"column":14}},"487":{"start":{"line":488,"column":0},"end":{"line":488,"column":46}},"488":{"start":{"line":489,"column":0},"end":{"line":489,"column":41}},"489":{"start":{"line":490,"column":0},"end":{"line":490,"column":46}},"490":{"start":{"line":491,"column":0},"end":{"line":491,"column":46}},"491":{"start":{"line":492,"column":0},"end":{"line":492,"column":8}},"492":{"start":{"line":493,"column":0},"end":{"line":493,"column":21}},"493":{"start":{"line":494,"column":0},"end":{"line":494,"column":28}},"494":{"start":{"line":495,"column":0},"end":{"line":495,"column":32}},"495":{"start":{"line":496,"column":0},"end":{"line":496,"column":26}},"496":{"start":{"line":497,"column":0},"end":{"line":497,"column":7}},"497":{"start":{"line":498,"column":0},"end":{"line":498,"column":5}},"498":{"start":{"line":499,"column":0},"end":{"line":499,"column":4}},"499":{"start":{"line":500,"column":0},"end":{"line":500,"column":1}},"500":{"start":{"line":501,"column":0},"end":{"line":501,"column":0}},"501":{"start":{"line":502,"column":0},"end":{"line":502,"column":30}},"502":{"start":{"line":503,"column":0},"end":{"line":503,"column":62}},"503":{"start":{"line":504,"column":0},"end":{"line":504,"column":59}},"504":{"start":{"line":505,"column":0},"end":{"line":505,"column":73}},"505":{"start":{"line":506,"column":0},"end":{"line":506,"column":53}},"506":{"start":{"line":507,"column":0},"end":{"line":507,"column":2}},"507":{"start":{"line":508,"column":0},"end":{"line":508,"column":10}},"508":{"start":{"line":509,"column":0},"end":{"line":509,"column":79}},"509":{"start":{"line":510,"column":0},"end":{"line":510,"column":41}},"510":{"start":{"line":511,"column":0},"end":{"line":511,"column":43}},"511":{"start":{"line":512,"column":0},"end":{"line":512,"column":53}},"512":{"start":{"line":513,"column":0},"end":{"line":513,"column":59}},"513":{"start":{"line":514,"column":0},"end":{"line":514,"column":4}},"514":{"start":{"line":515,"column":0},"end":{"line":515,"column":1}},"515":{"start":{"line":516,"column":0},"end":{"line":516,"column":0}},"516":{"start":{"line":517,"column":0},"end":{"line":517,"column":51}},"517":{"start":{"line":518,"column":0},"end":{"line":518,"column":23}},"518":{"start":{"line":519,"column":0},"end":{"line":519,"column":53}},"519":{"start":{"line":520,"column":0},"end":{"line":520,"column":53}},"520":{"start":{"line":521,"column":0},"end":{"line":521,"column":55}},"521":{"start":{"line":522,"column":0},"end":{"line":522,"column":53}},"522":{"start":{"line":523,"column":0},"end":{"line":523,"column":56}},"523":{"start":{"line":524,"column":0},"end":{"line":524,"column":56}},"524":{"start":{"line":525,"column":0},"end":{"line":525,"column":19}},"525":{"start":{"line":526,"column":0},"end":{"line":526,"column":1}},"526":{"start":{"line":527,"column":0},"end":{"line":527,"column":0}},"527":{"start":{"line":528,"column":0},"end":{"line":528,"column":52}},"528":{"start":{"line":529,"column":0},"end":{"line":529,"column":24}},"529":{"start":{"line":530,"column":0},"end":{"line":530,"column":53}},"530":{"start":{"line":531,"column":0},"end":{"line":531,"column":57}},"531":{"start":{"line":532,"column":0},"end":{"line":532,"column":56}},"532":{"start":{"line":533,"column":0},"end":{"line":533,"column":56}},"533":{"start":{"line":534,"column":0},"end":{"line":534,"column":52}},"534":{"start":{"line":535,"column":0},"end":{"line":535,"column":53}},"535":{"start":{"line":536,"column":0},"end":{"line":536,"column":20}},"536":{"start":{"line":537,"column":0},"end":{"line":537,"column":1}},"537":{"start":{"line":538,"column":0},"end":{"line":538,"column":0}},"538":{"start":{"line":539,"column":0},"end":{"line":539,"column":55}},"539":{"start":{"line":540,"column":0},"end":{"line":540,"column":72}},"540":{"start":{"line":541,"column":0},"end":{"line":541,"column":64}},"541":{"start":{"line":542,"column":0},"end":{"line":542,"column":58}},"542":{"start":{"line":543,"column":0},"end":{"line":543,"column":2}},"543":{"start":{"line":544,"column":0},"end":{"line":544,"column":86}},"544":{"start":{"line":545,"column":0},"end":{"line":545,"column":1}},"545":{"start":{"line":546,"column":0},"end":{"line":546,"column":0}},"546":{"start":{"line":547,"column":0},"end":{"line":547,"column":64}},"547":{"start":{"line":548,"column":0},"end":{"line":548,"column":29}},"548":{"start":{"line":549,"column":0},"end":{"line":549,"column":2}},"549":{"start":{"line":550,"column":0},"end":{"line":550,"column":40}},"550":{"start":{"line":551,"column":0},"end":{"line":551,"column":38}},"551":{"start":{"line":552,"column":0},"end":{"line":552,"column":3}},"552":{"start":{"line":553,"column":0},"end":{"line":553,"column":28}},"553":{"start":{"line":554,"column":0},"end":{"line":554,"column":39}},"554":{"start":{"line":555,"column":0},"end":{"line":555,"column":3}},"555":{"start":{"line":556,"column":0},"end":{"line":556,"column":27}},"556":{"start":{"line":557,"column":0},"end":{"line":557,"column":40}},"557":{"start":{"line":558,"column":0},"end":{"line":558,"column":3}},"558":{"start":{"line":559,"column":0},"end":{"line":559,"column":28}},"559":{"start":{"line":560,"column":0},"end":{"line":560,"column":36}},"560":{"start":{"line":561,"column":0},"end":{"line":561,"column":3}},"561":{"start":{"line":562,"column":0},"end":{"line":562,"column":2}},"562":{"start":{"line":563,"column":0},"end":{"line":563,"column":25}},"563":{"start":{"line":564,"column":0},"end":{"line":564,"column":1}},"564":{"start":{"line":565,"column":0},"end":{"line":565,"column":0}},"565":{"start":{"line":566,"column":0},"end":{"line":566,"column":39}},"566":{"start":{"line":567,"column":0},"end":{"line":567,"column":58}},"567":{"start":{"line":568,"column":0},"end":{"line":568,"column":61}},"568":{"start":{"line":569,"column":0},"end":{"line":569,"column":62}},"569":{"start":{"line":570,"column":0},"end":{"line":570,"column":58}},"570":{"start":{"line":571,"column":0},"end":{"line":571,"column":60}},"571":{"start":{"line":572,"column":0},"end":{"line":572,"column":2}}},"s":{"0":0,"1":0,"2":0,"3":0,"4":0,"5":0,"6":0,"7":0,"8":0,"9":0,"10":0,"11":0,"12":0,"13":0,"14":0,"15":0,"16":0,"17":0,"18":0,"19":0,"20":0,"21":0,"22":0,"23":0,"24":0,"25":0,"26":0,"27":0,"28":0,"29":0,"30":0,"31":0,"32":0,"33":0,"34":0,"35":0,"36":0,"37":0,"38":0,"39":0,"40":0,"41":0,"42":0,"43":0,"44":0,"45":0,"46":0,"47":0,"48":0,"49":0,"50":0,"51":0,"52":0,"53":0,"54":0,"55":0,"56":0,"57":0,"58":0,"59":0,"60":0,"61":0,"62":0,"63":0,"64":0,"65":0,"66":0,"67":0,"68":0,"69":0,"70":0,"71":0,"72":0,"73":0,"74":0,"75":0,"76":0,"77":0,"78":0,"79":0,"80":0,"81":0,"82":0,"83":0,"84":0,"85":0,"86":0,"87":0,"88":0,"89":0,"90":0,"91":0,"92":0,"93":0,"94":0,"95":0,"96":0,"97":0,"98":0,"99":0,"100":0,"101":0,"102":0,"103":0,"104":0,"105":0,"106":0,"107":0,"108":0,"109":0,"110":0,"111":0,"112":0,"113":0,"114":0,"115":0,"116":0,"117":0,"118":0,"119":0,"120":0,"121":0,"122":0,"123":0,"124":0,"125":0,"126":0,"127":0,"128":0,"129":0,"130":0,"131":0,"132":0,"133":0,"134":0,"135":0,"136":0,"137":0,"138":0,"139":0,"140":0,"141":0,"142":0,"143":0,"144":0,"145":0,"146":0,"147":0,"148":0,"149":0,"150":0,"151":0,"152":0,"153":0,"154":0,"155":0,"156":0,"157":0,"158":0,"159":0,"160":0,"161":0,"162":0,"163":0,"164":0,"165":0,"166":0,"167":0,"168":0,"169":0,"170":0,"171":0,"172":0,"173":0,"174":0,"175":0,"176":0,"177":0,"178":0,"179":0,"180":0,"181":0,"182":0,"183":0,"184":0,"185":0,"186":0,"187":0,"188":0,"189":0,"190":0,"191":0,"192":0,"193":0,"194":0,"195":0,"196":0,"197":0,"198":0,"199":0,"200":0,"201":0,"202":0,"203":0,"204":0,"205":0,"206":0,"207":0,"208":0,"209":0,"210":0,"211":0,"212":0,"213":0,"214":0,"215":0,"216":0,"217":0,"218":0,"219":0,"220":0,"221":0,"222":0,"223":0,"224":0,"225":0,"226":0,"227":0,"228":0,"229":0,"230":0,"231":0,"232":0,"233":0,"234":0,"235":0,"236":0,"237":0,"238":0,"239":0,"240":0,"241":0,"242":0,"243":0,"244":0,"245":0,"246":0,"247":0,"248":0,"249":0,"250":0,"251":0,"252":0,"253":0,"254":0,"255":0,"256":0,"257":0,"258":0,"259":0,"260":0,"261":0,"262":0,"263":0,"264":0,"265":0,"266":0,"267":0,"268":0,"269":0,"270":0,"271":0,"272":0,"273":0,"274":0,"275":0,"276":0,"277":0,"278":0,"279":0,"280":0,"281":0,"282":0,"283":0,"284":0,"285":0,"286":0,"287":0,"288":0,"289":0,"290":0,"291":0,"292":0,"293":0,"294":0,"295":0,"296":0,"297":0,"298":0,"299":0,"300":0,"301":0,"302":0,"303":0,"304":0,"305":0,"306":0,"307":0,"308":0,"309":0,"310":0,"311":0,"312":0,"313":0,"314":0,"315":0,"316":0,"317":0,"318":0,"319":0,"320":0,"321":0,"322":0,"323":0,"324":0,"325":0,"326":0,"327":0,"328":0,"329":0,"330":0,"331":0,"332":0,"333":0,"334":0,"335":0,"336":0,"337":0,"338":0,"339":0,"340":0,"341":0,"342":0,"343":0,"344":0,"345":0,"346":0,"347":0,"348":0,"349":0,"350":0,"351":0,"352":0,"353":0,"354":0,"355":0,"356":0,"357":0,"358":0,"359":0,"360":0,"361":0,"362":0,"363":0,"364":0,"365":0,"366":0,"367":0,"368":0,"369":0,"370":0,"371":0,"372":0,"373":0,"374":0,"375":0,"376":0,"377":0,"378":0,"379":0,"380":0,"381":0,"382":0,"383":0,"384":0,"385":0,"386":0,"387":0,"388":0,"389":0,"390":0,"391":0,"392":0,"393":0,"394":0,"395":0,"396":0,"397":0,"398":0,"399":0,"400":0,"401":0,"402":0,"403":0,"404":0,"405":0,"406":0,"407":0,"408":0,"409":0,"410":0,"411":0,"412":0,"413":0,"414":0,"415":0,"416":0,"417":0,"418":0,"419":0,"420":0,"421":0,"422":0,"423":0,"424":0,"425":0,"426":0,"427":0,"428":0,"429":0,"430":0,"431":0,"432":0,"433":0,"434":0,"435":0,"436":0,"437":0,"438":0,"439":0,"440":0,"441":0,"442":0,"443":0,"444":0,"445":0,"446":0,"447":0,"448":0,"449":0,"450":0,"451":0,"452":0,"453":0,"454":0,"455":0,"456":0,"457":0,"458":0,"459":0,"460":0,"461":0,"462":0,"463":0,"464":0,"465":0,"466":0,"467":0,"468":0,"469":0,"470":0,"471":0,"472":0,"473":0,"474":0,"475":0,"476":0,"477":0,"478":0,"479":0,"480":0,"481":0,"482":0,"483":0,"484":0,"485":0,"486":0,"487":0,"488":0,"489":0,"490":0,"491":0,"492":0,"493":0,"494":0,"495":0,"496":0,"497":0,"498":0,"499":0,"500":0,"501":0,"502":0,"503":0,"504":0,"505":0,"506":0,"507":0,"508":0,"509":0,"510":0,"511":0,"512":0,"513":0,"514":0,"515":0,"516":0,"517":0,"518":0,"519":0,"520":0,"521":0,"522":0,"523":0,"524":0,"525":0,"526":0,"527":0,"528":0,"529":0,"530":0,"531":0,"532":0,"533":0,"534":0,"535":0,"536":0,"537":0,"538":0,"539":0,"540":0,"541":0,"542":0,"543":0,"544":0,"545":0,"546":0,"547":0,"548":0,"549":0,"550":0,"551":0,"552":0,"553":0,"554":0,"555":0,"556":0,"557":0,"558":0,"559":0,"560":0,"561":0,"562":0,"563":0,"564":0,"565":0,"566":0,"567":0,"568":0,"569":0,"570":0,"571":0},"branchMap":{"0":{"type":"branch","line":1,"loc":{"start":{"line":1,"column":15691},"end":{"line":572,"column":2}},"locations":[{"start":{"line":1,"column":15691},"end":{"line":572,"column":2}}]}},"b":{"0":[0]},"fnMap":{"0":{"name":"(empty-report)","decl":{"start":{"line":1,"column":15691},"end":{"line":572,"column":2}},"loc":{"start":{"line":1,"column":15691},"end":{"line":572,"column":2}},"line":1}},"f":{"0":0}}
,"C:\\Users\\CATZE\\Desktop\\Development\\Web\\TMA-Manager\\server\\database.ts": {"path":"C:\\Users\\CATZE\\Desktop\\Development\\Web\\TMA-Manager\\server\\database.ts","all":true,"statementMap":{"0":{"start":{"line":1,"column":0},"end":{"line":1,"column":53}},"1":{"start":{"line":2,"column":0},"end":{"line":2,"column":38}},"2":{"start":{"line":3,"column":0},"end":{"line":3,"column":41}},"3":{"start":{"line":4,"column":0},"end":{"line":4,"column":0}},"4":{"start":{"line":5,"column":0},"end":{"line":5,"column":71}},"5":{"start":{"line":6,"column":0},"end":{"line":6,"column":63}},"6":{"start":{"line":7,"column":0},"end":{"line":7,"column":0}},"7":{"start":{"line":8,"column":0},"end":{"line":8,"column":58}},"8":{"start":{"line":9,"column":0},"end":{"line":9,"column":40}},"9":{"start":{"line":10,"column":0},"end":{"line":10,"column":0}},"10":{"start":{"line":11,"column":0},"end":{"line":11,"column":46}}},"s":{"0":0,"1":0,"2":0,"3":0,"4":0,"5":0,"6":0,"7":0,"8":0,"9":0,"10":0},"branchMap":{"0":{"type":"branch","line":1,"loc":{"start":{"line":1,"column":0},"end":{"line":11,"column":13}},"locations":[{"start":{"line":1,"column":0},"end":{"line":11,"column":13}}]}},"b":{"0":[0]},"fnMap":{"0":{"name":"(empty-report)","decl":{"start":{"line":1,"column":0},"end":{"line":11,"column":13}},"loc":{"start":{"line":1,"column":0},"end":{"line":11,"column":13}},"line":1}},"f":{"0":0}}
,"C:\\Users\\CATZE\\Desktop\\Development\\Web\\TMA-Manager\\server\\index.ts": {"path":"C:\\Users\\CATZE\\Desktop\\Development\\Web\\TMA-Manager\\server\\index.ts","all":true,"statementMap":{"0":{"start":{"line":1,"column":0},"end":{"line":1,"column":72}},"1":{"start":{"line":2,"column":0},"end":{"line":2,"column":42}},"2":{"start":{"line":3,"column":0},"end":{"line":3,"column":53}},"3":{"start":{"line":4,"column":0},"end":{"line":4,"column":0}},"4":{"start":{"line":5,"column":0},"end":{"line":5,"column":22}},"5":{"start":{"line":6,"column":0},"end":{"line":6,"column":24}},"6":{"start":{"line":7,"column":0},"end":{"line":7,"column":49}},"7":{"start":{"line":8,"column":0},"end":{"line":8,"column":0}},"8":{"start":{"line":9,"column":0},"end":{"line":9,"column":29}},"9":{"start":{"line":10,"column":0},"end":{"line":10,"column":27}},"10":{"start":{"line":11,"column":0},"end":{"line":11,"column":24}},"11":{"start":{"line":12,"column":0},"end":{"line":12,"column":72}},"12":{"start":{"line":13,"column":0},"end":{"line":13,"column":0}},"13":{"start":{"line":14,"column":0},"end":{"line":14,"column":35}},"14":{"start":{"line":15,"column":0},"end":{"line":15,"column":43}},"15":{"start":{"line":16,"column":0},"end":{"line":16,"column":36}},"16":{"start":{"line":17,"column":0},"end":{"line":17,"column":59}},"17":{"start":{"line":18,"column":0},"end":{"line":18,"column":4}},"18":{"start":{"line":19,"column":0},"end":{"line":19,"column":0}},"19":{"start":{"line":20,"column":0},"end":{"line":20,"column":26}},"20":{"start":{"line":21,"column":0},"end":{"line":21,"column":40}},"21":{"start":{"line":22,"column":0},"end":{"line":22,"column":34}},"22":{"start":{"line":23,"column":0},"end":{"line":23,"column":79}},"23":{"start":{"line":24,"column":0},"end":{"line":24,"column":33}},"24":{"start":{"line":25,"column":0},"end":{"line":25,"column":65}},"25":{"start":{"line":26,"column":0},"end":{"line":26,"column":7}},"26":{"start":{"line":27,"column":0},"end":{"line":27,"column":0}},"27":{"start":{"line":28,"column":0},"end":{"line":28,"column":32}},"28":{"start":{"line":29,"column":0},"end":{"line":29,"column":45}},"29":{"start":{"line":30,"column":0},"end":{"line":30,"column":7}},"30":{"start":{"line":31,"column":0},"end":{"line":31,"column":0}},"31":{"start":{"line":32,"column":0},"end":{"line":32,"column":19}},"32":{"start":{"line":33,"column":0},"end":{"line":33,"column":5}},"33":{"start":{"line":34,"column":0},"end":{"line":34,"column":5}},"34":{"start":{"line":35,"column":0},"end":{"line":35,"column":0}},"35":{"start":{"line":36,"column":0},"end":{"line":36,"column":9}},"36":{"start":{"line":37,"column":0},"end":{"line":37,"column":3}},"37":{"start":{"line":38,"column":0},"end":{"line":38,"column":0}},"38":{"start":{"line":39,"column":0},"end":{"line":39,"column":14}},"39":{"start":{"line":40,"column":0},"end":{"line":40,"column":43}},"40":{"start":{"line":41,"column":0},"end":{"line":41,"column":0}},"41":{"start":{"line":42,"column":0},"end":{"line":42,"column":76}},"42":{"start":{"line":43,"column":0},"end":{"line":43,"column":55}},"43":{"start":{"line":44,"column":0},"end":{"line":44,"column":59}},"44":{"start":{"line":45,"column":0},"end":{"line":45,"column":0}},"45":{"start":{"line":46,"column":0},"end":{"line":46,"column":41}},"46":{"start":{"line":47,"column":0},"end":{"line":47,"column":14}},"47":{"start":{"line":48,"column":0},"end":{"line":48,"column":5}},"48":{"start":{"line":49,"column":0},"end":{"line":49,"column":0}},"49":{"start":{"line":50,"column":0},"end":{"line":50,"column":57}},"50":{"start":{"line":51,"column":0},"end":{"line":51,"column":59}},"51":{"start":{"line":52,"column":0},"end":{"line":52,"column":44}},"52":{"start":{"line":53,"column":0},"end":{"line":53,"column":41}},"53":{"start":{"line":54,"column":0},"end":{"line":54,"column":33}},"54":{"start":{"line":55,"column":0},"end":{"line":55,"column":10}},"55":{"start":{"line":56,"column":0},"end":{"line":56,"column":21}},"56":{"start":{"line":57,"column":0},"end":{"line":57,"column":3}},"57":{"start":{"line":58,"column":0},"end":{"line":58,"column":0}},"58":{"start":{"line":59,"column":0},"end":{"line":59,"column":38}},"59":{"start":{"line":60,"column":0},"end":{"line":60,"column":45}},"60":{"start":{"line":61,"column":0},"end":{"line":61,"column":48}},"61":{"start":{"line":62,"column":0},"end":{"line":62,"column":20}},"62":{"start":{"line":63,"column":0},"end":{"line":63,"column":17}},"63":{"start":{"line":64,"column":0},"end":{"line":64,"column":9}},"64":{"start":{"line":65,"column":0},"end":{"line":65,"column":20}},"65":{"start":{"line":66,"column":0},"end":{"line":66,"column":20}},"66":{"start":{"line":67,"column":0},"end":{"line":67,"column":12}},"67":{"start":{"line":68,"column":0},"end":{"line":68,"column":35}},"68":{"start":{"line":69,"column":0},"end":{"line":69,"column":5}},"69":{"start":{"line":70,"column":0},"end":{"line":70,"column":5}}},"s":{"0":0,"1":0,"2":0,"3":0,"4":0,"5":0,"6":0,"7":0,"8":0,"9":0,"10":0,"11":0,"12":0,"13":0,"14":0,"15":0,"16":0,"17":0,"18":0,"19":0,"20":0,"21":0,"22":0,"23":0,"24":0,"25":0,"26":0,"27":0,"28":0,"29":0,"30":0,"31":0,"32":0,"33":0,"34":0,"35":0,"36":0,"37":0,"38":0,"39":0,"40":0,"41":0,"42":0,"43":0,"44":0,"45":0,"46":0,"47":0,"48":0,"49":0,"50":0,"51":0,"52":0,"53":0,"54":0,"55":0,"56":0,"57":0,"58":0,"59":0,"60":0,"61":0,"62":0,"63":0,"64":0,"65":0,"66":0,"67":0,"68":0,"69":0},"branchMap":{"0":{"type":"branch","line":1,"loc":{"start":{"line":1,"column":1987},"end":{"line":70,"column":5}},"locations":[{"start":{"line":1,"column":1987},"end":{"line":70,"column":5}}]}},"b":{"0":[0]},"fnMap":{"0":{"name":"(empty-report)","decl":{"start":{"line":1,"column":1987},"end":{"line":70,"column":5}},"loc":{"start":{"line":1,"column":1987},"end":{"line":70,"column":5}},"line":1}},"f":{"0":0}}
,"C:\\Users\\CATZE\\Desktop\\Development\\Web\\TMA-Manager\\server\\pilotDataSystem.ts": {"path":"C:\\Users\\CATZE\\Desktop\\Development\\Web\\TMA-Manager\\server\\pilotDataSystem.ts","all":true,"statementMap":{"0":{"start":{"line":1,"column":0},"end":{"line":1,"column":68}},"1":{"start":{"line":2,"column":0},"end":{"line":2,"column":36}},"2":{"start":{"line":3,"column":0},"end":{"line":3,"column":21}},"3":{"start":{"line":4,"column":0},"end":{"line":4,"column":13}},"4":{"start":{"line":5,"column":0},"end":{"line":5,"column":15}},"5":{"start":{"line":6,"column":0},"end":{"line":6,"column":19}},"6":{"start":{"line":7,"column":0},"end":{"line":7,"column":20}},"7":{"start":{"line":8,"column":0},"end":{"line":8,"column":17}},"8":{"start":{"line":9,"column":0},"end":{"line":9,"column":19}},"9":{"start":{"line":10,"column":0},"end":{"line":10,"column":19}},"10":{"start":{"line":11,"column":0},"end":{"line":11,"column":19}},"11":{"start":{"line":12,"column":0},"end":{"line":12,"column":19}},"12":{"start":{"line":13,"column":0},"end":{"line":13,"column":19}},"13":{"start":{"line":14,"column":0},"end":{"line":14,"column":20}},"14":{"start":{"line":15,"column":0},"end":{"line":15,"column":21}},"15":{"start":{"line":16,"column":0},"end":{"line":16,"column":15}},"16":{"start":{"line":17,"column":0},"end":{"line":17,"column":17}},"17":{"start":{"line":18,"column":0},"end":{"line":18,"column":29}},"18":{"start":{"line":19,"column":0},"end":{"line":19,"column":30}},"19":{"start":{"line":20,"column":0},"end":{"line":20,"column":18}},"20":{"start":{"line":21,"column":0},"end":{"line":21,"column":17}},"21":{"start":{"line":22,"column":0},"end":{"line":22,"column":0}},"22":{"start":{"line":23,"column":0},"end":{"line":23,"column":31}},"23":{"start":{"line":24,"column":0},"end":{"line":24,"column":22}},"24":{"start":{"line":25,"column":0},"end":{"line":25,"column":19}},"25":{"start":{"line":26,"column":0},"end":{"line":26,"column":23}},"26":{"start":{"line":27,"column":0},"end":{"line":27,"column":22}},"27":{"start":{"line":28,"column":0},"end":{"line":28,"column":22}},"28":{"start":{"line":29,"column":0},"end":{"line":29,"column":26}},"29":{"start":{"line":30,"column":0},"end":{"line":30,"column":27}},"30":{"start":{"line":31,"column":0},"end":{"line":31,"column":27}},"31":{"start":{"line":32,"column":0},"end":{"line":32,"column":0}},"32":{"start":{"line":33,"column":0},"end":{"line":33,"column":23}},"33":{"start":{"line":34,"column":0},"end":{"line":34,"column":17}},"34":{"start":{"line":35,"column":0},"end":{"line":35,"column":25}},"35":{"start":{"line":36,"column":0},"end":{"line":36,"column":22}},"36":{"start":{"line":37,"column":0},"end":{"line":37,"column":23}},"37":{"start":{"line":38,"column":0},"end":{"line":38,"column":23}},"38":{"start":{"line":39,"column":0},"end":{"line":39,"column":17}},"39":{"start":{"line":40,"column":0},"end":{"line":40,"column":22}},"40":{"start":{"line":41,"column":0},"end":{"line":41,"column":0}},"41":{"start":{"line":42,"column":0},"end":{"line":42,"column":24}},"42":{"start":{"line":43,"column":0},"end":{"line":43,"column":28}},"43":{"start":{"line":44,"column":0},"end":{"line":44,"column":22}},"44":{"start":{"line":45,"column":0},"end":{"line":45,"column":23}},"45":{"start":{"line":46,"column":0},"end":{"line":46,"column":21}},"46":{"start":{"line":47,"column":0},"end":{"line":47,"column":23}},"47":{"start":{"line":48,"column":0},"end":{"line":48,"column":0}},"48":{"start":{"line":49,"column":0},"end":{"line":49,"column":18}},"49":{"start":{"line":50,"column":0},"end":{"line":50,"column":24}},"50":{"start":{"line":51,"column":0},"end":{"line":51,"column":29}},"51":{"start":{"line":52,"column":0},"end":{"line":52,"column":26}},"52":{"start":{"line":53,"column":0},"end":{"line":53,"column":32}},"53":{"start":{"line":54,"column":0},"end":{"line":54,"column":0}},"54":{"start":{"line":55,"column":0},"end":{"line":55,"column":26}},"55":{"start":{"line":56,"column":0},"end":{"line":56,"column":28}},"56":{"start":{"line":57,"column":0},"end":{"line":57,"column":30}},"57":{"start":{"line":58,"column":0},"end":{"line":58,"column":27}},"58":{"start":{"line":59,"column":0},"end":{"line":59,"column":1}},"59":{"start":{"line":60,"column":0},"end":{"line":60,"column":0}},"60":{"start":{"line":61,"column":0},"end":{"line":61,"column":46}},"61":{"start":{"line":62,"column":0},"end":{"line":62,"column":67}},"62":{"start":{"line":63,"column":0},"end":{"line":63,"column":25}},"63":{"start":{"line":64,"column":0},"end":{"line":64,"column":2}},"64":{"start":{"line":65,"column":0},"end":{"line":65,"column":10}},"65":{"start":{"line":66,"column":0},"end":{"line":66,"column":5}},"66":{"start":{"line":67,"column":
[...]
0},"end":{"line":82,"column":40}},"82":{"start":{"line":83,"column":0},"end":{"line":83,"column":12}},"83":{"start":{"line":84,"column":0},"end":{"line":84,"column":65}},"84":{"start":{"line":85,"column":0},"end":{"line":85,"column":9}},"85":{"start":{"line":86,"column":0},"end":{"line":86,"column":9}},"86":{"start":{"line":87,"column":0},"end":{"line":87,"column":0}},"87":{"start":{"line":88,"column":0},"end":{"line":88,"column":125}},"88":{"start":{"line":89,"column":0},"end":{"line":89,"column":13}},"89":{"start":{"line":90,"column":0},"end":{"line":90,"column":3}},"90":{"start":{"line":91,"column":0},"end":{"line":91,"column":0}},"91":{"start":{"line":92,"column":0},"end":{"line":92,"column":82}},"92":{"start":{"line":93,"column":0},"end":{"line":93,"column":33}},"93":{"start":{"line":94,"column":0},"end":{"line":94,"column":26}},"94":{"start":{"line":95,"column":0},"end":{"line":95,"column":18}},"95":{"start":{"line":96,"column":0},"end":{"line":96,"column":50}},"96":{"start":{"line":97,"column":0},"end":{"line":97,"column":115}},"97":{"start":{"line":98,"column":0},"end":{"line":98,"column":14}},"98":{"start":{"line":99,"column":0},"end":{"line":99,"column":20}},"99":{"start":{"line":100,"column":0},"end":{"line":100,"column":68}},"100":{"start":{"line":101,"column":0},"end":{"line":101,"column":56}},"101":{"start":{"line":102,"column":0},"end":{"line":102,"column":49}},"102":{"start":{"line":103,"column":0},"end":{"line":103,"column":57}},"103":{"start":{"line":104,"column":0},"end":{"line":104,"column":59}},"104":{"start":{"line":105,"column":0},"end":{"line":105,"column":113}},"105":{"start":{"line":106,"column":0},"end":{"line":106,"column":14}},"106":{"start":{"line":107,"column":0},"end":{"line":107,"column":25}},"107":{"start":{"line":108,"column":0},"end":{"line":108,"column":120}},"108":{"start":{"line":109,"column":0},"end":{"line":109,"column":14}},"109":{"start":{"line":110,"column":0},"end":{"line":110,"column":5}},"110":{"start":{"line":111,"column":0},"end":{"line":111,"column":3}},"111":{"start":{"line":112,"column":0},"end":{"line":112,"column":0}},"112":{"start":{"line":113,"column":0},"end":{"line":113,"column":48}},"113":{"start":{"line":114,"column":0},"end":{"line":114,"column":99}},"114":{"start":{"line":115,"column":0},"end":{"line":115,"column":99}},"115":{"start":{"line":116,"column":0},"end":{"line":116,"column":50}},"116":{"start":{"line":117,"column":0},"end":{"line":117,"column":3}},"117":{"start":{"line":118,"column":0},"end":{"line":118,"column":0}},"118":{"start":{"line":119,"column":0},"end":{"line":119,"column":75}},"119":{"start":{"line":120,"column":0},"end":{"line":120,"column":90}},"120":{"start":{"line":121,"column":0},"end":{"line":121,"column":90}},"121":{"start":{"line":122,"column":0},"end":{"line":122,"column":32}},"122":{"start":{"line":123,"column":0},"end":{"line":123,"column":32}},"123":{"start":{"line":124,"column":0},"end":{"line":124,"column":18}},"124":{"start":{"line":125,"column":0},"end":{"line":125,"column":3}},"125":{"start":{"line":126,"column":0},"end":{"line":126,"column":1}}},"s":{"0":1,"1":1,"2":1,"3":1,"4":1,"5":1,"6":1,"7":1,"8":1,"9":1,"10":1,"11":0,"12":0,"13":0,"14":0,"15":0,"16":0,"17":0,"18":0,"19":0,"20":0,"21":0,"22":0,"23":0,"24":0,"25":0,"26":0,"27":0,"28":0,"29":0,"30":0,"31":0,"32":0,"33":0,"34":0,"35":0,"36":0,"37":0,"38":0,"39":0,"40":0,"41":0,"42":0,"43":0,"44":0,"45":0,"46":0,"47":0,"48":0,"49":0,"50":0,"51":0,"52":0,"53":0,"54":0,"55":0,"56":0,"57":1,"58":1,"59":0,"60":0,"61":0,"62":0,"63":0,"64":0,"65":0,"66":0,"67":0,"68":0,"69":0,"70":0,"71":0,"72":0,"73":0,"74":0,"75":0,"76":0,"77":0,"78":0,"79":0,"80":0,"81":0,"82":0,"83":0,"84":0,"85":0,"86":0,"87":0,"88":0,"89":0,"90":1,"91":1,"92":0,"93":0,"94":0,"95":0,"96":0,"97":0,"98":0,"99":0,"100":0,"101":0,"102":0,"103":0,"104":0,"105":0,"106":0,"107":0,"108":0,"109":0,"110":0,"111":1,"112":1,"113":0,"114":0,"115":0,"116":0,"117":1,"118":1,"119":3,"120":3,"121":3,"122":3,"123":1,"124":3,"125":1},"branchMap":{"0":{"type":"branch","line":7,"loc":{"start":{"line":7,"column":2},"end":{"line":9,"column":3}},"locations":[{"start":{"line":7,"column":2},"end":{"line":9,"column":3}}]},"1":{"type":"branch","line":119,"loc":{"start":{"line":119,"column":10},"end":{"line":125,"column":3}},"locations":[{"start":{"line":119,"column":10},"end":{"line":125,"column":3}}]},"2":{"type":"branch","line":122,"loc":{"start":{"line":122,"column":17},"end":{"line":122,"column":32}},"locations":[{"start":{"line":122,"column":17},"end":{"line":122,"column":32}}]},"3":{"type":"branch","line":122,"loc":{"start":{"line":122,"column":24},"end":{"line":123,"column":24}},"locations":[{"start":{"line":122,"column":24},"end":{"line":123,"column":24}}]},"4":{"type":"branch","line":123,"loc":{"start":{"line":123,"column":17},"end":{"line":124,"column":18}},"locations":[{"start":{"line":123,"column":17},"end":{"line":124,"column":18}}]},"5":{"type":"branch","line":120,"loc":{"start":{"line":120,"column":53},"end":{"line":120,"column":81}},"locations":[{"start":{"line":120,"column":53},"end":{"line":120,"column":81}}]},"6":{"type":"branch","line":121,"loc":{"start":{"line":121,"column":53},"end":{"line":121,"column":81}},"locations":[{"start":{"line":121,"column":53},"end":{"line":121,"column":81}}]}},"b":{"0":[1],"1":[3],"2":[1],"3":[2],"4":[1],"5":[9],"6":[9]},"fnMap":{"0":{"name":"BattleEngine","decl":{"start":{"line":7,"column":2},"end":{"line":9,"column":3}},"loc":{"start":{"line":7,"column":2},"end":{"line":9,"column":3}},"line":7},"1":{"name":"initializeBattle","decl":{"start":{"line":11,"column":2},"end":{"line":57,"column":3}},"loc":{"start":{"line":11,"column":2},"end":{"line":57,"column":3}},"line":11},"2":{"name":"runBattle","decl":{"start":{"line":59,"column":2},"end":{"line":90,"column":3}},"loc":{"start":{"line":59,"column":2},"end":{"line":90,"column":3}},"line":59},"3":{"name":"executeAction","decl":{"start":{"line":92,"column":10},"end":{"line":111,"column":3}},"loc":{"start":{"line":92,"column":10},"end":{"line":111,"column":3}},"line":92},"4":{"name":"isBattleComplete","decl":{"start":{"line":113,"column":10},"end":{"line":117,"column":3}},"loc":{"start":{"line":113,"column":10},"end":{"line":117,"column":3}},"line":113},"5":{"name":"determineWinner","decl":{"start":{"line":119,"column":10},"end":{"line":125,"column":3}},"loc":{"start":{"line":119,"column":10},"end":{"line":125,"column":3}},"line":119}},"f":{"0":1,"1":0,"2":0,"3":0,"4":0,"5":3}}
,"C:\\Users\\CATZE\\Desktop\\Development\\Web\\TMA-Manager\\server\\services\\PilotService.ts": {"path":"C:\\Users\\CATZE\\Desktop\\Development\\Web\\TMA-Manager\\server\\services\\PilotService.ts","all":true,"statementMap":{"0":{"start":{"line":1,"column":0},"end":{"line":1,"column":37}},"1":{"start":{"line":2,"column":0},"end":{"line":2,"column":44}},"2":{"start":{"line":3,"column":0},"end":{"line":3,"column":0}},"3":{"start":{"line":4,"column":0},"end":{"line":4,"column":27}},"4":{"start":{"line":5,"column":0},"end":{"line":5,"column":21}},"5":{"start":{"line":6,"column":0},"end":{"line":6,"column":59}},"6":{"start":{"line":7,"column":0},"end":{"line":7,"column":19}},"7":{"start":{"line":8,"column":0},"end":{"line":8,"column":48}},"8":{"start":{"line":9,"column":0},"end":{"line":9,"column":45}},"9":{"start":{"line":10,"column":0},"end":{"line":10,"column":45}},"10":{"start":{"line":11,"column":0},"end":{"line":11,"column":38}},"11":{"start":{"line":12,"column":0},"end":{"line":12,"column":6}},"12":{"start":{"line":13,"column":0},"end":{"line":13,"column":19}},"13":{"start":{"line":14,"column":0},"end":{"line":14,"column":61}},"14":{"start":{"line":15,"column":0},"end":{"line":15,"column":59}},"15":{"start":{"line":16,"column":0},"end":{"line":16,"column":62}},"16":{"start":{"line":17,"column":0},"end":{"line":17,"column":41}},"17":{"start":{"line":18,"column":0},"end":{"line":18,"column":6}},"18":{"start":{"line":19,"column":0},"end":{"line":19,"column":20}},"19":{"start":{"line":20,"column":0},"end":{"line":20,"column":50}},"20":{"start":{"line":21,"column":0},"end":{"line":21,"column":55}},"21":{"start":{"line":22,"column":0},"end":{"line":22,"column":58}},"22":{"start":{"line":23,"column":0},"end":{"line":23,"column":41}},"23":{"start":{"line":24,"column":0},"end":{"line":24,"column":6}},"24":{"start":{"line":25,"column":0},"end":{"line":25,"column":16}},"25":{"start":{"line":26,"column":0},"end":{"line":26,"column":56}},"26":{"start":{"line":27,"column":0},"end":{"line":27,"column":60}},"27":{"start":{"line":28,"column":0},"end":{"line":28,"column":56}},"28":{"start":{"line":29,"column":0},"end":{"line":29,"column":48}},"29":{"start":{"line":30,"column":0},"end":{"line":30,"column":6}},"30":{"start":{"line":31,"column":0},"end":{"line":31,"column":12}},"31":{"start":{"line":32,"column":0},"end":{"line":32,"column":65}},"32":{"start":{"line":33,"column":0},"end":{"line":33,"column":57}},"33":{"start":{"line":34,"column":0},"end":{"line":34,"column":65}},"34":{"start":{"line":35,"column":0},"end":{"line":35,"column":55}},"35":{"start":{"line":36,"column":0},"end":{"line":36,"column":5}},"36":{"start":{"line":37,"column":0},"end":{"line":37,"column":4}},"37":{"start":{"line":38,"column":0},"end":{"line":38,"column":0}},"38":{"start":{"line":39,"column":0},"end":{"line":39,"column":10}},"39":{"start":{"line":40,"column":0},"end":{"line":40,"column":35}},"40":{"start":{"line":41,"column":0},"end":{"line":41,"column":44}},"41":{"start":{"line":42,"column":0},"end":{"line":42,"column":43}},"42":{"start":{"line":43,"column":0},"end":{"line":43,"column":46}},"43":{"start":{"line":44,"column":0},"end":{"line":44,"column":42}},"44":{"start":{"line":45,"column":0},"end":{"line":45,"column":4}},"45":{"start":{"line":46,"column":0},"end":{"line":46,"column":0}},"46":{"start":{"line":47,"column":0},"end":{"line":47,"column":46}},"47":{"start":{"line":48,"column":0},"end":{"line":48,"column":24}},"48":{"start":{"line":49,"column":0},"end":{"line":49,"column":50}},"49":{"start":{"line":50,"column":0},"end":{"line":50,"column":4}},"50":{"start":{"line":51,"column":0},"end":{"line":51,"column":16}},"51":{"start":{"line":52,"column":0},"end":{"line":52,"column":14}},"52":{"start":{"line":53,"column":0},"end":{"line":53,"column":21}},"53":{"start":{"line":54,"column":0},"end":{"line":54,"column":25}},"54":{"start":{"line":55,"column":0},"end":{"line":55,"column":33}},"55":{"start":{"line":56,"column":0},"end":{"line":56,"column":35}},"56":{"start":{"line":57,"column":0},"end":{"line":57,"column":29}},"57":{"start":{"line":58,"column":0},"end":{"line":58,"column":22}},"58":{"start":{"line":59,"column":0},"end":{"line":59,"column":8}},"59":{"start":{"line":60,"column":0},"end":{"line":60,"column":5}},"60":{"start":{"line":61,"column":0},"end":{"line":61,"column":4}},"61":{"start":{"line":62,"column":0},"end":{"line":62,"column":24}},"62":{"start":{"line":63,"column":0},"end":{"line":63,"column":25}},"63":{"start":{"line":64,"column":0},"end":{"line":64,"column":14}},"64":{"start":{"line":65,"column":0},"end":{"line":65,"column":20}},"65":{"start":{"line":66,"column":0},"end":{"line":66,"column":84}},"66":{"start":{"line":67,"column":0},"end":{"line":67,"column":38}},"67":{"start":{"line":68,"column":0},"end":{"line":68,"column":29}},"68":{"start":{"line":69,"column":0},"end":{"line":69,"column":29}},"69":{"start":{"line":70,"column":0},"end":{"line":70,"column":21}},"70":{"start":{"line":71,"column":0},"end":{"line":71,"column":8}},"71":{"start":{"line":72,"column":0},"end":{"line":72,"column":5}},"72":{"start":{"line":73,"column":0},"end":{"line":73,"column":4}},"73":{"start":{"line":74,"column":0},"end":{"line":74,"column":16}},"74":{"start":{"line":75,"column":0},"end":{"line":75,"column":3}},"75":{"start":{"line":76,"column":0},"end":{"line":76,"column":0}},"76":{"start":{"line":77,"column":0},"end":{"line":77,"column":93}},"77":{"start":{"line":78,"column":0},"end":{"line":78,"column":18}},"78":{"start":{"line":79,"column":0},"end":{"line":79,"column":102}},"79":{"start":{"line":80,"column":0},"end":{"line":80,"column":69}},"80":{"start":{"line":81,"column":0},"end":{"line":81,"column":5}},"81":{"start":{"line":82,"column":0},"end":{"line":82,"column":0}},"82":{"start":{"line":83,"column":0},"end":{"line":83,"column":16}},"83":{"start":{"line":84,"column":0},"end":{"line":84,"column":42}},"84":{"start":{"line":85,"column":0},"end":{"line":85,"column":4}},"85":{"start":{"line":86,"column":0},"end":{"line":86,"column":29}},"86":{"start":{"line":87,"column":0},"end":{"line":87,"column":56}},"87":{"start":{"line":88,"column":0},"end":{"line":88,"column":56}},"88":{"start":{"line":89,"column":0},"end":{"line":89,"column":62}},"89":{"start":{"line":90,"column":0},"end":{"line":90,"column":7}},"90":{"start":{"line":91,"column":0},"end":{"line":91,"column":7}},"91":{"start":{"line":92,"column":0},"end":{"line":92,"column":0}},"92":{"start":{"line":93,"column":0},"end":{"line":93,"column":24}},"93":{"start":{"line":94,"column":0},"end":{"line":94,"column":42}},"94":{"start":{"line":95,"column":0},"end":{"line":95,"column":32}},"95":{"start":{"line":96,"column":0},"end":{"line":96,"column":47}},"96":{"start":{"line":97,"column":0},"end":{"line":97,"column":47}},"97":{"start":{"line":98,"column":0},"end":{"line":98,"column":49}},"98":{"start":{"line":99,"column":0},"end":{"line":99,"column":45}},"99":{"start":{"line":100,"column":0},"end":{"line":100,"column":8}},"100":{"start":{"line":101,"column":0},"end":{"line":101,"column":99}},"101":{"start":{"line":102,"column":0},"end":{"line":102,"column":5}},"102":{"start":{"line":103,"column":0},"end":{"line":103,"column":0}},"103":{"start":{"line":104,"column":0},"end":{"line":104,"column":85}},"104":{"start":{"line":105,"column":0},"end":{"line":105,"column":3}},"105":{"start":{"line":106,"column":0},"end":{"line":106,"column":0}},"106":{"start":{"line":107,"column":0},"end":{"line":107,"column":85}},"107":{"start":{"line":108,"column":0},"end":{"line":108,"column":67}},"108":{"start":{"line":109,"column":0},"end":{"line":109,"column":32}},"109":{"start":{"line":110,"column":0},"end":{"line":110,"column":0}},"110":{"start":{"line":111,"column":0},"end":{"line":111,"column":39}},"111":{"start":{"line":112,"column":0},"end":{"line":112,"column":40}},"112":{"start":{"line":113,"column":0},"end":{"line":113,"column":47}},"113":{"start":{"line":114,"column":0},"end":{"line":114,"column":42}},"114":{"start":{"line":115,"column":0},"end":{"line":115,"column":94}},"115":{"start":{"line":116,"column":0},"end":{"line":116,"column":94}},"116":{"start":{"line":117,"column":0},"end":{"line":117,"column":0}},"117":{"start":{"line":118,"column":0},"end":{"line":118,"column":21}},"118":{"start":{"line":119,"column":0},"end":{"line":119,"column":46}},"119":{"start":{"line":120,"column":0},"end":{"line":120,"column":14}},"120":{"start":{"line":121,"column":0},"end":{"line":121,"column":28}},"121":{"start":{"line":122,"column":0},"end":{"line":122,"column":34}},"122":{"start":{"line":123,"column":0},"end":{"line":123,"column":81}},"123":{"start":{"line":124,"column":0},"end":{"line":124,"column":8}},"124":{"start":{"line":125,"column":0},"end":{"line":125,"column":5}},"125":{"start":{"line":126,"column":0},"end":{"line":126,"column":0}},"126":{"start":{"line":127,"column":0},"end":{"line":127,"column":17}},"127":{"start":{"line":128,"column":0},"end":{"line":128,"column":40}},"128":{"start":{"line":129,"column":0},"end":{"line":129,"column":14}},"129":{"start":{"line":130,"column":0},"end":{"line":130,"column":29}},"130":{"start":{"line":131,"column":0},"end":{"line":131,"column":34}},"131":{"start":{"line":132,"column":0},"end":{"line":132,"column":81}},"132":{"start":{"line":133,"column":0},"end":{"line":133,"column":8}},"133":{"start":{"line":134,"column":0},"end":{"line":134,"column":5}},"134":{"start":{"line":135,"column":0},"end":{"line":135,"column":0}},"135":{"start":{"line":136,"column":0},"end":{"line":136,"column":14}},"136":{"start":{"line":137,"column":0},"end":{"line":137,"column":56}},"137":{"start":{"line":138,"column":0},"end":{"line":138,"column":96}},"138":{"start":{"line":139,"column":0},"end":{"line":139,"column":14}},"139":{"start":{"line":140,"column":0},"end":{"line":140,"column":23}},"140":{"start":{"line":141,"column":0},"end":{"line":141,"column":34}},"141":{"start":{"line":142,"column":0},"end":{"line":142,"column":20}},"142":{"start":{"line":143,"column":0},"end":{"line":143,"column":81}},"143":{"start":{"line":144,"column":0},"end":{"line":144,"column":8}},"144":{"start":{"line":145,"column":0},"end":{"line":145,"column":36}},"145":{"start":{"line":146,"column":0},"end":{"line":146,"column":80}},"146":{"start":{"line":147,"column":0},"end":{"line":147,"column":14}},"147":{"start":{"line":148,"column":0},"end":{"line":148,"column":21}},"148":{"start":{"line":149,"column":0},"end":{"line":149,"column":34}},"149":{"start":{"line":150,"column":0},"end":{"line":150,"column":20}},"150":{"start":{"line":151,"column":0},"end":{"line":151,"column":83}},"151":{"start":{"line":152,"column":0},"end":{"line":152,"column":8}},"152":{"start":{"line":153,"column":0},"end":{"line":153,"column":5}},"153":{"start":{"line":154,"column":0},"end":{"line":154,"column":0}},"154":{"start":{"line":155,"column":0},"end":{"line":155,"column":12}},"155":{"start":{"line":156,"column":0},"end":{"line":156,"column":26}},"156":{"start":{"line":157,"column":0},"end":{"line":157,"column":32}},"157":{"start":{"line":158,"column":0},"end":{"line":158,"column":25}},"158":{"start":{"line":159,"column":0},"end":{"line":159,"column":6}},"159":{"start":{"line":160,"column":0},"end":{"line":160,"column":3}},"160":{"start":{"line":161,"column":0},"end":{"line":161,"column":0}},"161":{"start":{"line":162,"column":0},"end":{"line":162,"column":117}},"162":{"start":{"line":163,"column":0},"end":{"line":163,"column":47}},"163":{"start":{"line":164,"column":0},"end":{"line":164,"column":12}},"164":{"start":{"line":165,"column":0},"end":{"line":165,"column":60}},"165":{"start":{"line":166,"column":0},"end":{"line":166,"column":81}},"166":{"start":{"line":167,"column":0},"end":{"line":167,"column":6}},"167":{"start":{"line":168,"column":0},"end":{"line":168,"column":3}},"168":{"start":{"line":169,"column":0},"end":{"line":169,"column":1}}},"s":{"0":0,"1":0,"2":0,"3":0,"4":0,"5":0,"6":0,"7":0,"8":0,"9":0,"10":0,"11":0,"12":0,"13":0,"14":0,"15":0,"16":0,"17":0,"18":0,"19":0,"20":0,"21":0,"22":0,"23":0,"24":0,"25":0,"26":0,"27":0,"28":0,"29":0,"30":0,"31":0,"32":0,"33":0,"34":0,"35":0,"36":0,"37":0,"38":0,"39":0,"40":0,"41":0,"42":0,"43":0,"44":0,"45":0,"46":0,"47":0,"48":0,"49":0,"50":0,"51":0,"52":0,"53":0,"54":0,"55":0,"56":0,"57":0,"58":0,"59":0,"60":0,"61":0,"62":0,"63":0,"64":0,"65":0,"66":0,"67":0,"68":0,"69":0,"70":0,"71":0,"72":0,"73":0,"74":0,"75":0,"76":0,"77":0,"78":0,"79":0,"80":0,"81":0,"82":0,"83":0,"84":0,"85":0,"86":0,"87":0,"88":0,"89":0,"90":0,"91":0,"92":0,"93":0,"94":0,"95":0,"96":0,"97":0,"98":0,"99":0,"100":0,"101":0,"102":0,"103":0,"104":0,"105":0,"106":0,"107":0,"108":0,"109":0,"110":0,"111":0,"112":0,"113":0,"114":0,"115":0,"116":0,"117":0,"118":0,"119":0,"120":0,"121":0,"122":0,"123":0,"124":0,"125":0,"126":0,"127":0,"128":0,"129":0,"130":0,"131":0,"132":0,"133":0,"134":0,"135":0,"136":0,"137":0,"138":0,"139":0,"140":0,"141":0,"142":0,"143":0,"144":0,"145":0,"146":0,"147":0,"148":0,"149":0,"150":0,"151":0,"152":0,"153":0,"154":0,"155":0,"156":0,"157":0,"158":0,"159":0,"160":0,"161":0,"162":0,"163":0,"164":0,"165":0,"166":0,"167":0,"168":0},"branchMap":{"0":{"type":"branch","line":1,"loc":{"start":{"line":1,"column":5723},"end":{"line":169,"column":1}},"locations":[{"start":{"line":1,"column":5723},"end":{"line":169,"column":1}}]}},"b":{"0":[0]},"fnMap":{"0":{"name":"(empty-report)","decl":{"start":{"line":1,"column":5723},"end":{"line":169,"column":1}},"loc":{"start":{"line":1,"column":5723},"end":{"line":169,"column":1}},"line":1}},"f":{"0":0}}
}
